============================================================
Time  2021/01/16 16:44:54 870 
============================================================
[2021/01/16 16:44:54 870] tts        811  SYS_MSG_REGCB param0 =  msp_status_cb  param1 =  func(c009c00) 
[2021/01/16 16:44:54 871] config     43   use general cloud  
[2021/01/16 16:44:54 872] tts_cloud  1438 SYS_MSG_REGCB_CLOUD param0 =   msp_status_cb  param1 =  func(c009c00) 
[2021/01/16 16:44:54 872] tts        782  TTS_MSG_SSB  
[2021/01/16 16:44:54 872] tts        434  params =  engine_type = local,voice_name=xiaofeng, text_encoding = UTF8, tts_res_path = fo|res/tts/xiaofeng.jet;fo|res/tts/common.jet, sample_rate = 16000, speed = 50, volume = 50, pitch = 70, rdn = 2  
[2021/01/16 16:44:54 872] tts        273  auf=audio/L16;rate=16000  
[2021/01/16 16:44:54 872] tts        273  auf=audio/L16;rate=16000  
[2021/01/16 16:44:54 872] tts        471  ssb|use local  
[2021/01/16 16:44:54 872] tts        385  local_session_begin  
[2021/01/16 16:44:54 873] tts        789  TTS_MSG_SYN  0  
[2021/01/16 16:44:54 873] tts        514  synth|use local  
[2021/01/16 16:44:54 874] tts        792  TTS_MSG_GETAUDIO  0  
[2021/01/16 16:44:54 874] tts        557  get audio|use local  
[2021/01/16 16:44:54 874] tts        599  0  nil  1  
[2021/01/16 16:44:54 874] tts        792  TTS_MSG_GETAUDIO  0  
[2021/01/16 16:44:54 874] tts        557  get audio|use local  
[2021/01/16 16:44:54 874] tts        599  0  nil  1  
[2021/01/16 16:44:54 875] tts        792  TTS_MSG_GETAUDIO  0  
[2021/01/16 16:44:54 875] tts        557  get audio|use local  
[2021/01/16 16:44:54 875] tts        599  0  nil  1  
[2021/01/16 16:44:54 876] tts        792  TTS_MSG_GETAUDIO  0  
[2021/01/16 16:44:54 876] tts        557  get audio|use local  
[2021/01/16 16:44:54 876] tts        599  0  nil  1  
[2021/01/16 16:44:54 876] tts        792  TTS_MSG_GETAUDIO  0  
[2021/01/16 16:44:54 876] tts        557  get audio|use local  
[2021/01/16 16:44:54 876] tts        599  0  nil  1  
[2021/01/16 16:44:54 877] tts        792  TTS_MSG_GETAUDIO  0  
[2021/01/16 16:44:54 877] tts        557  get audio|use local  
[2021/01/16 16:44:54 877] tts        599  0  nil  1  
[2021/01/16 16:44:54 877] tts        301  TTS_LOCAL_CB_BEGIN  
[2021/01/16 16:44:54 877] tts        792  TTS_MSG_GETAUDIO  0  
[2021/01/16 16:44:54 877] tts        557  get audio|use local  
[2021/01/16 16:44:54 878] tts        599  0  nil  1  
[2021/01/16 16:44:54 878] tts        792  TTS_MSG_GETAUDIO  0  
[2021/01/16 16:44:54 878] tts        557  get audio|use local  
[2021/01/16 16:44:54 878] tts        599  0  nil  1  
[2021/01/16 16:44:54 878] tts        792  TTS_MSG_GETAUDIO  0  
[2021/01/16 16:44:54 878] tts        557  get audio|use local  
[2021/01/16 16:44:54 878] tts        599  0  nil  1  
[2021/01/16 16:44:54 879] tts        317  TTS_LOCAL_CB_OUTPUT  101  udata(c005998) 6  
[2021/01/16 16:44:54 880] tts        321  udata(c005998) 6  
[2021/01/16 16:44:54 880] tts        317  TTS_LOCAL_CB_OUTPUT  101  udata(c035a28) 6  
[2021/01/16 16:44:54 880] tts        321  udata(c035a28) 6  
[2021/01/16 16:44:54 881] tts        317  TTS_LOCAL_CB_OUTPUT  101  udata(c035ba8) 6  
[2021/01/16 16:44:54 881] tts        321  udata(c035ba8) 6  
[2021/01/16 16:44:54 881] tts        303  0  0  
[2021/01/16 16:44:54 881] tts        314  TTS_LOCAL_CB_END,  2  
[2021/01/16 16:44:54 881] tts        792  TTS_MSG_GETAUDIO  0  
[2021/01/16 16:44:54 881] tts        557  get audio|use local  
[2021/01/16 16:44:54 881] tts        570  local audiolen:  182  ,ced:  6  
[2021/01/16 16:44:54 881] tts        599  0  udata(c015108) 1  
[2021/01/16 16:44:54 881] tts        792  TTS_MSG_GETAUDIO  0  
[2021/01/16 16:44:54 881] tts        557  get audio|use local  
[2021/01/16 16:44:54 881] tts        570  local audiolen:  9342  ,ced:  6  
[2021/01/16 16:44:54 881] tts        599  0  udata(c015158) 1  
[2021/01/16 16:44:54 882] tts        792  TTS_MSG_GETAUDIO  0  
[2021/01/16 16:44:54 882] tts        557  get audio|use local  
[2021/01/16 16:44:54 882] tts        570  local audiolen:  7820  ,ced:  6  
[2021/01/16 16:44:54 882] tts        599  0  udata(c009c98) 2  
[2021/01/16 16:44:54 883] tts        795  TTS_MSG_SSE  
[2021/01/16 16:44:54 884] tts        693  sse|use local  
[2021/01/16 16:44:54 884] tts        711  tts exit  
