============================================================
Time  2021/01/16 16:48:48 558 
============================================================
[2021/01/16 16:48:48 559] tts        811  SYS_MSG_REGCB param0 =  msp_status_cb  param1 =  func(cc041a00) 
[2021/01/16 16:48:48 559] config     43   use general cloud  
[2021/01/16 16:48:48 562] tts_cloud  1438 SYS_MSG_REGCB_CLOUD param0 =   msp_status_cb  param1 =  func(cc041a00) 
[2021/01/16 16:48:48 562] tts        782  TTS_MSG_SSB  
[2021/01/16 16:48:48 562] tts        434  params =  engine_type = local,voice_name=xiaofeng, text_encoding = UTF8, tts_res_path = fo|res/tts/xiaofeng.jet;fo|res/tts/common.jet, sample_rate = 16000, speed = 50, volume = 50, pitch = 70, rdn = 2  
[2021/01/16 16:48:48 562] tts        273  auf=audio/L16;rate=16000  
[2021/01/16 16:48:48 562] tts        273  auf=audio/L16;rate=16000  
[2021/01/16 16:48:48 562] tts        471  ssb|use local  
[2021/01/16 16:48:48 562] tts        385  local_session_begin  
[2021/01/16 16:48:48 563] tts        789  TTS_MSG_SYN  0  
[2021/01/16 16:48:48 563] tts        514  synth|use local  
[2021/01/16 16:48:48 564] tts        792  TTS_MSG_GETAUDIO  0  
[2021/01/16 16:48:48 564] tts        557  get audio|use local  
[2021/01/16 16:48:48 564] tts        599  0  nil  1  
[2021/01/16 16:48:48 567] tts        792  TTS_MSG_GETAUDIO  0  
[2021/01/16 16:48:48 567] tts        557  get audio|use local  
[2021/01/16 16:48:48 567] tts        599  0  nil  1  
[2021/01/16 16:48:48 568] tts        792  TTS_MSG_GETAUDIO  0  
[2021/01/16 16:48:48 568] tts        557  get audio|use local  
[2021/01/16 16:48:48 568] tts        599  0  nil  1  
[2021/01/16 16:48:48 569] tts        301  TTS_LOCAL_CB_BEGIN  
[2021/01/16 16:48:48 569] tts        792  TTS_MSG_GETAUDIO  0  
[2021/01/16 16:48:48 569] tts        557  get audio|use local  
[2021/01/16 16:48:48 569] tts        599  0  nil  1  
[2021/01/16 16:48:48 570] tts        792  TTS_MSG_GETAUDIO  0  
[2021/01/16 16:48:48 570] tts        557  get audio|use local  
[2021/01/16 16:48:48 570] tts        599  0  nil  1  
[2021/01/16 16:48:48 571] tts        792  TTS_MSG_GETAUDIO  0  
[2021/01/16 16:48:48 571] tts        557  get audio|use local  
[2021/01/16 16:48:48 571] tts        599  0  nil  1  
[2021/01/16 16:48:48 572] tts        317  TTS_LOCAL_CB_OUTPUT  101  udata(cc033d28) 2  
[2021/01/16 16:48:48 572] tts        321  udata(cc033d28) 2  
[2021/01/16 16:48:48 572] tts        317  TTS_LOCAL_CB_OUTPUT  101  udata(cc033c38) 2  
[2021/01/16 16:48:48 572] tts        321  udata(cc033c38) 2  
[2021/01/16 16:48:48 573] tts        317  TTS_LOCAL_CB_OUTPUT  101  udata(cc033a28) 2  
[2021/01/16 16:48:48 573] tts        321  udata(cc033a28) 2  
[2021/01/16 16:48:48 573] tts        303  0  0  
[2021/01/16 16:48:48 573] tts        314  TTS_LOCAL_CB_END,  2  
[2021/01/16 16:48:48 573] tts        792  TTS_MSG_GETAUDIO  0  
[2021/01/16 16:48:48 573] tts        557  get audio|use local  
[2021/01/16 16:48:48 573] tts        570  local audiolen:  94  ,ced:  2  
[2021/01/16 16:48:48 573] tts        599  0  udata(cc034158) 1  
[2021/01/16 16:48:48 574] tts        792  TTS_MSG_GETAUDIO  0  
[2021/01/16 16:48:48 574] tts        557  get audio|use local  
[2021/01/16 16:48:48 574] tts        570  local audiolen:  2496  ,ced:  2  
[2021/01/16 16:48:48 574] tts        599  0  udata(cc033cd8) 1  
[2021/01/16 16:48:48 574] tts        792  TTS_MSG_GETAUDIO  0  
[2021/01/16 16:48:48 574] tts        557  get audio|use local  
[2021/01/16 16:48:48 574] tts        570  local audiolen:  8474  ,ced:  2  
[2021/01/16 16:48:48 574] tts        599  0  udata(cc044528) 2  
[2021/01/16 16:48:48 575] tts        795  TTS_MSG_SSE  
[2021/01/16 16:48:48 575] tts        693  sse|use local  
[2021/01/16 16:48:48 576] tts        711  tts exit  
