============================================================
Time  2021/01/18 10:58:53 302 
============================================================
[2021/01/18 10:58:53 302] tts        811  SYS_MSG_REGCB param0 =  msp_status_cb  param1 =  func(38007c90) 
[2021/01/18 10:58:53 303] config     43   use general cloud  
[2021/01/18 10:58:53 304] tts_cloud  1438 SYS_MSG_REGCB_CLOUD param0 =   msp_status_cb  param1 =  func(38007c90) 
[2021/01/18 10:58:53 304] tts        782  TTS_MSG_SSB  
[2021/01/18 10:58:53 304] tts        434  params =  engine_type = local,voice_name=xiaofeng, text_encoding = UTF8, tts_res_path = fo|res/tts/xiaofeng.jet;fo|res/tts/common.jet, sample_rate = 16000, speed = 50, volume = 50, pitch = 70, rdn = 2  
[2021/01/18 10:58:53 305] tts        273  auf=audio/L16;rate=16000  
[2021/01/18 10:58:53 305] tts        273  auf=audio/L16;rate=16000  
[2021/01/18 10:58:53 305] tts        471  ssb|use local  
[2021/01/18 10:58:53 305] tts        385  local_session_begin  
[2021/01/18 10:58:53 305] tts        789  TTS_MSG_SYN  0  
[2021/01/18 10:58:53 305] tts        514  synth|use local  
[2021/01/18 10:58:53 306] tts        792  TTS_MSG_GETAUDIO  0  
[2021/01/18 10:58:53 306] tts        557  get audio|use local  
[2021/01/18 10:58:53 306] tts        599  0  nil  1  
[2021/01/18 10:58:53 307] tts        792  TTS_MSG_GETAUDIO  0  
[2021/01/18 10:58:53 307] tts        557  get audio|use local  
[2021/01/18 10:58:53 307] tts        599  0  nil  1  
[2021/01/18 10:58:53 308] tts        792  TTS_MSG_GETAUDIO  0  
[2021/01/18 10:58:53 308] tts        557  get audio|use local  
[2021/01/18 10:58:53 308] tts        599  0  nil  1  
[2021/01/18 10:58:53 309] tts        792  TTS_MSG_GETAUDIO  0  
[2021/01/18 10:58:53 309] tts        557  get audio|use local  
[2021/01/18 10:58:53 309] tts        599  0  nil  1  
[2021/01/18 10:58:53 309] tts        301  TTS_LOCAL_CB_BEGIN  
[2021/01/18 10:58:53 309] tts        792  TTS_MSG_GETAUDIO  0  
[2021/01/18 10:58:53 309] tts        557  get audio|use local  
[2021/01/18 10:58:53 309] tts        599  0  nil  1  
[2021/01/18 10:58:53 310] tts        792  TTS_MSG_GETAUDIO  0  
[2021/01/18 10:58:53 310] tts        557  get audio|use local  
[2021/01/18 10:58:53 310] tts        599  0  nil  1  
[2021/01/18 10:58:53 310] tts        792  TTS_MSG_GETAUDIO  0  
[2021/01/18 10:58:53 310] tts        557  get audio|use local  
[2021/01/18 10:58:53 310] tts        599  0  nil  1  
[2021/01/18 10:58:53 310] tts        792  TTS_MSG_GETAUDIO  0  
[2021/01/18 10:58:53 310] tts        557  get audio|use local  
[2021/01/18 10:58:53 310] tts        599  0  nil  1  
[2021/01/18 10:58:53 311] tts        792  TTS_MSG_GETAUDIO  0  
[2021/01/18 10:58:53 311] tts        557  get audio|use local  
[2021/01/18 10:58:53 311] tts        599  0  nil  1  
[2021/01/18 10:58:53 311] tts        792  TTS_MSG_GETAUDIO  0  
[2021/01/18 10:58:53 311] tts        557  get audio|use local  
[2021/01/18 10:58:53 311] tts        599  0  nil  1  
[2021/01/18 10:58:53 311] tts        792  TTS_MSG_GETAUDIO  0  
[2021/01/18 10:58:53 311] tts        557  get audio|use local  
[2021/01/18 10:58:53 311] tts        599  0  nil  1  
[2021/01/18 10:58:53 311] tts        792  TTS_MSG_GETAUDIO  0  
[2021/01/18 10:58:53 311] tts        557  get audio|use local  
[2021/01/18 10:58:53 311] tts        599  0  nil  1  
[2021/01/18 10:58:53 312] tts        792  TTS_MSG_GETAUDIO  0  
[2021/01/18 10:58:53 312] tts        557  get audio|use local  
[2021/01/18 10:58:53 312] tts        599  0  nil  1  
[2021/01/18 10:58:53 312] tts        792  TTS_MSG_GETAUDIO  0  
[2021/01/18 10:58:53 312] tts        557  get audio|use local  
[2021/01/18 10:58:53 312] tts        599  0  nil  1  
[2021/01/18 10:58:53 312] tts        792  TTS_MSG_GETAUDIO  0  
[2021/01/18 10:58:53 312] tts        557  get audio|use local  
[2021/01/18 10:58:53 312] tts        599  0  nil  1  
[2021/01/18 10:58:53 313] tts        792  TTS_MSG_GETAUDIO  0  
[2021/01/18 10:58:53 313] tts        557  get audio|use local  
[2021/01/18 10:58:53 313] tts        599  0  nil  1  
[2021/01/18 10:58:53 313] tts        792  TTS_MSG_GETAUDIO  0  
[2021/01/18 10:58:53 313] tts        557  get audio|use local  
[2021/01/18 10:58:53 313] tts        599  0  nil  1  
[2021/01/18 10:58:53 313] tts        792  TTS_MSG_GETAUDIO  0  
[2021/01/18 10:58:53 313] tts        557  get audio|use local  
[2021/01/18 10:58:53 313] tts        599  0  nil  1  
[2021/01/18 10:58:53 313] tts        792  TTS_MSG_GETAUDIO  0  
[2021/01/18 10:58:53 314] tts        557  get audio|use local  
[2021/01/18 10:58:53 314] tts        599  0  nil  1  
[2021/01/18 10:58:53 314] tts        792  TTS_MSG_GETAUDIO  0  
[2021/01/18 10:58:53 314] tts        557  get audio|use local  
[2021/01/18 10:58:53 314] tts        599  0  nil  1  
[2021/01/18 10:58:53 314] tts        792  TTS_MSG_GETAUDIO  0  
[2021/01/18 10:58:53 314] tts        557  get audio|use local  
[2021/01/18 10:58:53 314] tts        599  0  nil  1  
[2021/01/18 10:58:53 314] tts        792  TTS_MSG_GETAUDIO  0  
[2021/01/18 10:58:53 314] tts        557  get audio|use local  
[2021/01/18 10:58:53 314] tts        599  0  nil  1  
[2021/01/18 10:58:53 315] tts        792  TTS_MSG_GETAUDIO  0  
[2021/01/18 10:58:53 315] tts        557  get audio|use local  
[2021/01/18 10:58:53 315] tts        599  0  nil  1  
[2021/01/18 10:58:53 315] tts        792  TTS_MSG_GETAUDIO  0  
[2021/01/18 10:58:53 315] tts        557  get audio|use local  
[2021/01/18 10:58:53 315] tts        599  0  nil  1  
[2021/01/18 10:58:53 315] tts        792  TTS_MSG_GETAUDIO  0  
[2021/01/18 10:58:53 315] tts        557  get audio|use local  
[2021/01/18 10:58:53 315] tts        599  0  nil  1  
[2021/01/18 10:58:53 315] tts        792  TTS_MSG_GETAUDIO  0  
[2021/01/18 10:58:53 316] tts        557  get audio|use local  
[2021/01/18 10:58:53 316] tts        599  0  nil  1  
[2021/01/18 10:58:53 316] tts        792  TTS_MSG_GETAUDIO  0  
[2021/01/18 10:58:53 316] tts        557  get audio|use local  
[2021/01/18 10:58:53 316] tts        599  0  nil  1  
[2021/01/18 10:58:53 316] tts        792  TTS_MSG_GETAUDIO  0  
[2021/01/18 10:58:53 316] tts        557  get audio|use local  
[2021/01/18 10:58:53 316] tts        599  0  nil  1  
[2021/01/18 10:58:53 316] tts        792  TTS_MSG_GETAUDIO  0  
[2021/01/18 10:58:53 316] tts        557  get audio|use local  
[2021/01/18 10:58:53 316] tts        599  0  nil  1  
[2021/01/18 10:58:53 317] tts        792  TTS_MSG_GETAUDIO  0  
[2021/01/18 10:58:53 317] tts        557  get audio|use local  
[2021/01/18 10:58:53 317] tts        599  0  nil  1  
[2021/01/18 10:58:53 317] tts        792  TTS_MSG_GETAUDIO  0  
[2021/01/18 10:58:53 317] tts        557  get audio|use local  
[2021/01/18 10:58:53 317] tts        599  0  nil  1  
[2021/01/18 10:58:53 317] tts        792  TTS_MSG_GETAUDIO  0  
[2021/01/18 10:58:53 317] tts        557  get audio|use local  
[2021/01/18 10:58:53 317] tts        599  0  nil  1  
[2021/01/18 10:58:53 317] tts        792  TTS_MSG_GETAUDIO  0  
[2021/01/18 10:58:53 317] tts        557  get audio|use local  
[2021/01/18 10:58:53 317] tts        599  0  nil  1  
[2021/01/18 10:58:53 318] tts        792  TTS_MSG_GETAUDIO  0  
[2021/01/18 10:58:53 318] tts        557  get audio|use local  
[2021/01/18 10:58:53 318] tts        599  0  nil  1  
[2021/01/18 10:58:53 318] tts        792  TTS_MSG_GETAUDIO  0  
[2021/01/18 10:58:53 318] tts        557  get audio|use local  
[2021/01/18 10:58:53 318] tts        599  0  nil  1  
[2021/01/18 10:58:53 318] tts        792  TTS_MSG_GETAUDIO  0  
[2021/01/18 10:58:53 318] tts        557  get audio|use local  
[2021/01/18 10:58:53 318] tts        599  0  nil  1  
[2021/01/18 10:58:53 318] tts        792  TTS_MSG_GETAUDIO  0  
[2021/01/18 10:58:53 318] tts        557  get audio|use local  
[2021/01/18 10:58:53 318] tts        599  0  nil  1  
[2021/01/18 10:58:53 319] tts        792  TTS_MSG_GETAUDIO  0  
[2021/01/18 10:58:53 319] tts        557  get audio|use local  
[2021/01/18 10:58:53 319] tts        599  0  nil  1  
[2021/01/18 10:58:53 319] tts        792  TTS_MSG_GETAUDIO  0  
[2021/01/18 10:58:53 319] tts        557  get audio|use local  
[2021/01/18 10:58:53 319] tts        599  0  nil  1  
[2021/01/18 10:58:53 319] tts        792  TTS_MSG_GETAUDIO  0  
[2021/01/18 10:58:53 319] tts        557  get audio|use local  
[2021/01/18 10:58:53 319] tts        599  0  nil  1  
[2021/01/18 10:58:53 320] tts        792  TTS_MSG_GETAUDIO  0  
[2021/01/18 10:58:53 320] tts        557  get audio|use local  
[2021/01/18 10:58:53 320] tts        599  0  nil  1  
[2021/01/18 10:58:53 320] tts        792  TTS_MSG_GETAUDIO  0  
[2021/01/18 10:58:53 320] tts        557  get audio|use local  
[2021/01/18 10:58:53 320] tts        599  0  nil  1  
[2021/01/18 10:58:53 320] tts        792  TTS_MSG_GETAUDIO  0  
[2021/01/18 10:58:53 320] tts        557  get audio|use local  
[2021/01/18 10:58:53 320] tts        599  0  nil  1  
[2021/01/18 10:58:53 321] tts        792  TTS_MSG_GETAUDIO  0  
[2021/01/18 10:58:53 321] tts        557  get audio|use local  
[2021/01/18 10:58:53 321] tts        599  0  nil  1  
[2021/01/18 10:58:53 321] tts        792  TTS_MSG_GETAUDIO  0  
[2021/01/18 10:58:53 322] tts        557  get audio|use local  
[2021/01/18 10:58:53 322] tts        599  0  nil  1  
[2021/01/18 10:58:53 322] tts        792  TTS_MSG_GETAUDIO  0  
[2021/01/18 10:58:53 322] tts        557  get audio|use local  
[2021/01/18 10:58:53 322] tts        599  0  nil  1  
[2021/01/18 10:58:53 322] tts        792  TTS_MSG_GETAUDIO  0  
[2021/01/18 10:58:53 322] tts        557  get audio|use local  
[2021/01/18 10:58:53 322] tts        599  0  nil  1  
[2021/01/18 10:58:53 322] tts        792  TTS_MSG_GETAUDIO  0  
[2021/01/18 10:58:53 322] tts        557  get audio|use local  
[2021/01/18 10:58:53 322] tts        599  0  nil  1  
[2021/01/18 10:58:53 323] tts        792  TTS_MSG_GETAUDIO  0  
[2021/01/18 10:58:53 323] tts        557  get audio|use local  
[2021/01/18 10:58:53 323] tts        599  0  nil  1  
[2021/01/18 10:58:53 323] tts        792  TTS_MSG_GETAUDIO  0  
[2021/01/18 10:58:53 323] tts        557  get audio|use local  
[2021/01/18 10:58:53 323] tts        599  0  nil  1  
[2021/01/18 10:58:53 323] tts        792  TTS_MSG_GETAUDIO  0  
[2021/01/18 10:58:53 323] tts        557  get audio|use local  
[2021/01/18 10:58:53 323] tts        599  0  nil  1  
[2021/01/18 10:58:53 323] tts        792  TTS_MSG_GETAUDIO  0  
[2021/01/18 10:58:53 323] tts        557  get audio|use local  
[2021/01/18 10:58:53 323] tts        599  0  nil  1  
[2021/01/18 10:58:53 324] tts        792  TTS_MSG_GETAUDIO  0  
[2021/01/18 10:58:53 324] tts        557  get audio|use local  
[2021/01/18 10:58:53 324] tts        599  0  nil  1  
[2021/01/18 10:58:53 324] tts        792  TTS_MSG_GETAUDIO  0  
[2021/01/18 10:58:53 324] tts        557  get audio|use local  
[2021/01/18 10:58:53 324] tts        599  0  nil  1  
[2021/01/18 10:58:53 324] tts        792  TTS_MSG_GETAUDIO  0  
[2021/01/18 10:58:53 324] tts        557  get audio|use local  
[2021/01/18 10:58:53 324] tts        599  0  nil  1  
[2021/01/18 10:58:53 325] tts        792  TTS_MSG_GETAUDIO  0  
[2021/01/18 10:58:53 325] tts        557  get audio|use local  
[2021/01/18 10:58:53 325] tts        599  0  nil  1  
[2021/01/18 10:58:53 325] tts        792  TTS_MSG_GETAUDIO  0  
[2021/01/18 10:58:53 325] tts        557  get audio|use local  
[2021/01/18 10:58:53 325] tts        599  0  nil  1  
[2021/01/18 10:58:53 325] tts        792  TTS_MSG_GETAUDIO  0  
[2021/01/18 10:58:53 325] tts        557  get audio|use local  
[2021/01/18 10:58:53 325] tts        599  0  nil  1  
[2021/01/18 10:58:53 325] tts        792  TTS_MSG_GETAUDIO  0  
[2021/01/18 10:58:53 325] tts        557  get audio|use local  
[2021/01/18 10:58:53 325] tts        599  0  nil  1  
[2021/01/18 10:58:53 325] tts        792  TTS_MSG_GETAUDIO  0  
[2021/01/18 10:58:53 325] tts        557  get audio|use local  
[2021/01/18 10:58:53 325] tts        599  0  nil  1  
[2021/01/18 10:58:53 326] tts        792  TTS_MSG_GETAUDIO  0  
[2021/01/18 10:58:53 326] tts        557  get audio|use local  
[2021/01/18 10:58:53 326] tts        599  0  nil  1  
[2021/01/18 10:58:53 326] tts        792  TTS_MSG_GETAUDIO  0  
[2021/01/18 10:58:53 326] tts        557  get audio|use local  
[2021/01/18 10:58:53 326] tts        599  0  nil  1  
[2021/01/18 10:58:53 326] tts        792  TTS_MSG_GETAUDIO  0  
[2021/01/18 10:58:53 326] tts        557  get audio|use local  
[2021/01/18 10:58:53 326] tts        599  0  nil  1  
[2021/01/18 10:58:53 326] tts        792  TTS_MSG_GETAUDIO  0  
[2021/01/18 10:58:53 326] tts        557  get audio|use local  
[2021/01/18 10:58:53 327] tts        599  0  nil  1  
[2021/01/18 10:58:53 327] tts        792  TTS_MSG_GETAUDIO  0  
[2021/01/18 10:58:53 327] tts        557  get audio|use local  
[2021/01/18 10:58:53 327] tts        599  0  nil  1  
[2021/01/18 10:58:53 327] tts        792  TTS_MSG_GETAUDIO  0  
[2021/01/18 10:58:53 327] tts        557  get audio|use local  
[2021/01/18 10:58:53 327] tts        599  0  nil  1  
[2021/01/18 10:58:53 327] tts        792  TTS_MSG_GETAUDIO  0  
[2021/01/18 10:58:53 327] tts        557  get audio|use local  
[2021/01/18 10:58:53 327] tts        599  0  nil  1  
[2021/01/18 10:58:53 328] tts        792  TTS_MSG_GETAUDIO  0  
[2021/01/18 10:58:53 328] tts        557  get audio|use local  
[2021/01/18 10:58:53 328] tts        599  0  nil  1  
[2021/01/18 10:58:53 328] tts        792  TTS_MSG_GETAUDIO  0  
[2021/01/18 10:58:53 328] tts        557  get audio|use local  
[2021/01/18 10:58:53 328] tts        599  0  nil  1  
[2021/01/18 10:58:53 328] tts        792  TTS_MSG_GETAUDIO  0  
[2021/01/18 10:58:53 328] tts        557  get audio|use local  
[2021/01/18 10:58:53 328] tts        599  0  nil  1  
[2021/01/18 10:58:53 328] tts        792  TTS_MSG_GETAUDIO  0  
[2021/01/18 10:58:53 328] tts        557  get audio|use local  
[2021/01/18 10:58:53 328] tts        599  0  nil  1  
[2021/01/18 10:58:53 329] tts        792  TTS_MSG_GETAUDIO  0  
[2021/01/18 10:58:53 329] tts        557  get audio|use local  
[2021/01/18 10:58:53 329] tts        599  0  nil  1  
[2021/01/18 10:58:53 329] tts        792  TTS_MSG_GETAUDIO  0  
[2021/01/18 10:58:53 329] tts        557  get audio|use local  
[2021/01/18 10:58:53 329] tts        599  0  nil  1  
[2021/01/18 10:58:53 329] tts        792  TTS_MSG_GETAUDIO  0  
[2021/01/18 10:58:53 329] tts        557  get audio|use local  
[2021/01/18 10:58:53 329] tts        599  0  nil  1  
[2021/01/18 10:58:53 329] tts        792  TTS_MSG_GETAUDIO  0  
[2021/01/18 10:58:53 329] tts        557  get audio|use local  
[2021/01/18 10:58:53 329] tts        599  0  nil  1  
[2021/01/18 10:58:53 329] tts        792  TTS_MSG_GETAUDIO  0  
[2021/01/18 10:58:53 329] tts        557  get audio|use local  
[2021/01/18 10:58:53 329] tts        599  0  nil  1  
[2021/01/18 10:58:53 330] tts        792  TTS_MSG_GETAUDIO  0  
[2021/01/18 10:58:53 330] tts        557  get audio|use local  
[2021/01/18 10:58:53 330] tts        599  0  nil  1  
[2021/01/18 10:58:53 330] tts        792  TTS_MSG_GETAUDIO  0  
[2021/01/18 10:58:53 330] tts        557  get audio|use local  
[2021/01/18 10:58:53 330] tts        599  0  nil  1  
[2021/01/18 10:58:53 330] tts        792  TTS_MSG_GETAUDIO  0  
[2021/01/18 10:58:53 330] tts        557  get audio|use local  
[2021/01/18 10:58:53 330] tts        599  0  nil  1  
[2021/01/18 10:58:53 330] tts        792  TTS_MSG_GETAUDIO  0  
[2021/01/18 10:58:53 330] tts        557  get audio|use local  
[2021/01/18 10:58:53 330] tts        599  0  nil  1  
[2021/01/18 10:58:53 330] tts        792  TTS_MSG_GETAUDIO  0  
[2021/01/18 10:58:53 330] tts        557  get audio|use local  
[2021/01/18 10:58:53 330] tts        599  0  nil  1  
[2021/01/18 10:58:53 331] tts        792  TTS_MSG_GETAUDIO  0  
[2021/01/18 10:58:53 331] tts        557  get audio|use local  
[2021/01/18 10:58:53 331] tts        599  0  nil  1  
[2021/01/18 10:58:53 331] tts        792  TTS_MSG_GETAUDIO  0  
[2021/01/18 10:58:53 331] tts        557  get audio|use local  
[2021/01/18 10:58:53 331] tts        599  0  nil  1  
[2021/01/18 10:58:53 331] tts        792  TTS_MSG_GETAUDIO  0  
[2021/01/18 10:58:53 331] tts        557  get audio|use local  
[2021/01/18 10:58:53 331] tts        599  0  nil  1  
[2021/01/18 10:58:53 331] tts        792  TTS_MSG_GETAUDIO  0  
[2021/01/18 10:58:53 331] tts        557  get audio|use local  
[2021/01/18 10:58:53 331] tts        599  0  nil  1  
[2021/01/18 10:58:53 332] tts        792  TTS_MSG_GETAUDIO  0  
[2021/01/18 10:58:53 332] tts        557  get audio|use local  
[2021/01/18 10:58:53 332] tts        599  0  nil  1  
[2021/01/18 10:58:53 332] tts        792  TTS_MSG_GETAUDIO  0  
[2021/01/18 10:58:53 332] tts        557  get audio|use local  
[2021/01/18 10:58:53 332] tts        599  0  nil  1  
[2021/01/18 10:58:53 332] tts        792  TTS_MSG_GETAUDIO  0  
[2021/01/18 10:58:53 332] tts        557  get audio|use local  
[2021/01/18 10:58:53 332] tts        599  0  nil  1  
[2021/01/18 10:58:53 332] tts        792  TTS_MSG_GETAUDIO  0  
[2021/01/18 10:58:53 332] tts        557  get audio|use local  
[2021/01/18 10:58:53 332] tts        599  0  nil  1  
[2021/01/18 10:58:53 333] tts        792  TTS_MSG_GETAUDIO  0  
[2021/01/18 10:58:53 333] tts        557  get audio|use local  
[2021/01/18 10:58:53 333] tts        599  0  nil  1  
[2021/01/18 10:58:53 333] tts        792  TTS_MSG_GETAUDIO  0  
[2021/01/18 10:58:53 333] tts        557  get audio|use local  
[2021/01/18 10:58:53 333] tts        599  0  nil  1  
[2021/01/18 10:58:53 333] tts        792  TTS_MSG_GETAUDIO  0  
[2021/01/18 10:58:53 333] tts        557  get audio|use local  
[2021/01/18 10:58:53 333] tts        599  0  nil  1  
[2021/01/18 10:58:53 333] tts        792  TTS_MSG_GETAUDIO  0  
[2021/01/18 10:58:53 333] tts        557  get audio|use local  
[2021/01/18 10:58:53 333] tts        599  0  nil  1  
[2021/01/18 10:58:53 334] tts        792  TTS_MSG_GETAUDIO  0  
[2021/01/18 10:58:53 334] tts        557  get audio|use local  
[2021/01/18 10:58:53 334] tts        599  0  nil  1  
[2021/01/18 10:58:53 334] tts        792  TTS_MSG_GETAUDIO  0  
[2021/01/18 10:58:53 334] tts        557  get audio|use local  
[2021/01/18 10:58:53 334] tts        599  0  nil  1  
[2021/01/18 10:58:53 334] tts        792  TTS_MSG_GETAUDIO  0  
[2021/01/18 10:58:53 334] tts        557  get audio|use local  
[2021/01/18 10:58:53 334] tts        599  0  nil  1  
[2021/01/18 10:58:53 334] tts        792  TTS_MSG_GETAUDIO  0  
[2021/01/18 10:58:53 334] tts        557  get audio|use local  
[2021/01/18 10:58:53 334] tts        599  0  nil  1  
[2021/01/18 10:58:53 334] tts        792  TTS_MSG_GETAUDIO  0  
[2021/01/18 10:58:53 334] tts        557  get audio|use local  
[2021/01/18 10:58:53 334] tts        599  0  nil  1  
[2021/01/18 10:58:53 335] tts        792  TTS_MSG_GETAUDIO  0  
[2021/01/18 10:58:53 335] tts        557  get audio|use local  
[2021/01/18 10:58:53 335] tts        599  0  nil  1  
[2021/01/18 10:58:53 335] tts        792  TTS_MSG_GETAUDIO  0  
[2021/01/18 10:58:53 335] tts        557  get audio|use local  
[2021/01/18 10:58:53 335] tts        599  0  nil  1  
[2021/01/18 10:58:53 335] tts        792  TTS_MSG_GETAUDIO  0  
[2021/01/18 10:58:53 335] tts        557  get audio|use local  
[2021/01/18 10:58:53 335] tts        599  0  nil  1  
[2021/01/18 10:58:53 335] tts        792  TTS_MSG_GETAUDIO  0  
[2021/01/18 10:58:53 335] tts        557  get audio|use local  
[2021/01/18 10:58:53 335] tts        599  0  nil  1  
[2021/01/18 10:58:53 335] tts        792  TTS_MSG_GETAUDIO  0  
[2021/01/18 10:58:53 335] tts        557  get audio|use local  
[2021/01/18 10:58:53 335] tts        599  0  nil  1  
[2021/01/18 10:58:53 336] tts        792  TTS_MSG_GETAUDIO  0  
[2021/01/18 10:58:53 336] tts        557  get audio|use local  
[2021/01/18 10:58:53 336] tts        599  0  nil  1  
[2021/01/18 10:58:53 336] tts        792  TTS_MSG_GETAUDIO  0  
[2021/01/18 10:58:53 336] tts        557  get audio|use local  
[2021/01/18 10:58:53 336] tts        599  0  nil  1  
[2021/01/18 10:58:53 337] tts        792  TTS_MSG_GETAUDIO  0  
[2021/01/18 10:58:53 337] tts        557  get audio|use local  
[2021/01/18 10:58:53 337] tts        599  0  nil  1  
[2021/01/18 10:58:53 337] tts        792  TTS_MSG_GETAUDIO  0  
[2021/01/18 10:58:53 337] tts        557  get audio|use local  
[2021/01/18 10:58:53 337] tts        599  0  nil  1  
[2021/01/18 10:58:53 337] tts        792  TTS_MSG_GETAUDIO  0  
[2021/01/18 10:58:53 337] tts        557  get audio|use local  
[2021/01/18 10:58:53 337] tts        599  0  nil  1  
[2021/01/18 10:58:53 338] tts        792  TTS_MSG_GETAUDIO  0  
[2021/01/18 10:58:53 338] tts        557  get audio|use local  
[2021/01/18 10:58:53 338] tts        599  0  nil  1  
[2021/01/18 10:58:53 338] tts        792  TTS_MSG_GETAUDIO  0  
[2021/01/18 10:58:53 338] tts        557  get audio|use local  
[2021/01/18 10:58:53 338] tts        599  0  nil  1  
[2021/01/18 10:58:53 338] tts        792  TTS_MSG_GETAUDIO  0  
[2021/01/18 10:58:53 338] tts        557  get audio|use local  
[2021/01/18 10:58:53 338] tts        599  0  nil  1  
[2021/01/18 10:58:53 338] tts        792  TTS_MSG_GETAUDIO  0  
[2021/01/18 10:58:53 338] tts        557  get audio|use local  
[2021/01/18 10:58:53 338] tts        599  0  nil  1  
[2021/01/18 10:58:53 338] tts        792  TTS_MSG_GETAUDIO  0  
[2021/01/18 10:58:53 338] tts        557  get audio|use local  
[2021/01/18 10:58:53 338] tts        599  0  nil  1  
[2021/01/18 10:58:53 339] tts        792  TTS_MSG_GETAUDIO  0  
[2021/01/18 10:58:53 339] tts        557  get audio|use local  
[2021/01/18 10:58:53 339] tts        599  0  nil  1  
[2021/01/18 10:58:53 339] tts        792  TTS_MSG_GETAUDIO  0  
[2021/01/18 10:58:53 339] tts        557  get audio|use local  
[2021/01/18 10:58:53 339] tts        599  0  nil  1  
[2021/01/18 10:58:53 339] tts        792  TTS_MSG_GETAUDIO  0  
[2021/01/18 10:58:53 339] tts        557  get audio|use local  
[2021/01/18 10:58:53 339] tts        599  0  nil  1  
[2021/01/18 10:58:53 339] tts        792  TTS_MSG_GETAUDIO  0  
[2021/01/18 10:58:53 339] tts        557  get audio|use local  
[2021/01/18 10:58:53 339] tts        599  0  nil  1  
[2021/01/18 10:58:53 340] tts        792  TTS_MSG_GETAUDIO  0  
[2021/01/18 10:58:53 340] tts        557  get audio|use local  
[2021/01/18 10:58:53 340] tts        599  0  nil  1  
[2021/01/18 10:58:53 340] tts        792  TTS_MSG_GETAUDIO  0  
[2021/01/18 10:58:53 340] tts        557  get audio|use local  
[2021/01/18 10:58:53 340] tts        599  0  nil  1  
[2021/01/18 10:58:53 340] tts        792  TTS_MSG_GETAUDIO  0  
[2021/01/18 10:58:53 340] tts        557  get audio|use local  
[2021/01/18 10:58:53 340] tts        599  0  nil  1  
[2021/01/18 10:58:53 340] tts        792  TTS_MSG_GETAUDIO  0  
[2021/01/18 10:58:53 340] tts        557  get audio|use local  
[2021/01/18 10:58:53 340] tts        599  0  nil  1  
[2021/01/18 10:58:53 341] tts        792  TTS_MSG_GETAUDIO  0  
[2021/01/18 10:58:53 341] tts        557  get audio|use local  
[2021/01/18 10:58:53 341] tts        599  0  nil  1  
[2021/01/18 10:58:53 341] tts        792  TTS_MSG_GETAUDIO  0  
[2021/01/18 10:58:53 341] tts        557  get audio|use local  
[2021/01/18 10:58:53 341] tts        599  0  nil  1  
[2021/01/18 10:58:53 341] tts        792  TTS_MSG_GETAUDIO  0  
[2021/01/18 10:58:53 341] tts        557  get audio|use local  
[2021/01/18 10:58:53 341] tts        599  0  nil  1  
[2021/01/18 10:58:53 341] tts        792  TTS_MSG_GETAUDIO  0  
[2021/01/18 10:58:53 341] tts        557  get audio|use local  
[2021/01/18 10:58:53 341] tts        599  0  nil  1  
[2021/01/18 10:58:53 342] tts        792  TTS_MSG_GETAUDIO  0  
[2021/01/18 10:58:53 342] tts        557  get audio|use local  
[2021/01/18 10:58:53 342] tts        599  0  nil  1  
[2021/01/18 10:58:53 342] tts        792  TTS_MSG_GETAUDIO  0  
[2021/01/18 10:58:53 342] tts        557  get audio|use local  
[2021/01/18 10:58:53 342] tts        599  0  nil  1  
[2021/01/18 10:58:53 342] tts        792  TTS_MSG_GETAUDIO  0  
[2021/01/18 10:58:53 342] tts        557  get audio|use local  
[2021/01/18 10:58:53 342] tts        599  0  nil  1  
[2021/01/18 10:58:53 342] tts        792  TTS_MSG_GETAUDIO  0  
[2021/01/18 10:58:53 342] tts        557  get audio|use local  
[2021/01/18 10:58:53 342] tts        599  0  nil  1  
[2021/01/18 10:58:53 343] tts        792  TTS_MSG_GETAUDIO  0  
[2021/01/18 10:58:53 343] tts        557  get audio|use local  
[2021/01/18 10:58:53 343] tts        599  0  nil  1  
[2021/01/18 10:58:53 343] tts        792  TTS_MSG_GETAUDIO  0  
[2021/01/18 10:58:53 343] tts        557  get audio|use local  
[2021/01/18 10:58:53 343] tts        599  0  nil  1  
[2021/01/18 10:58:53 343] tts        792  TTS_MSG_GETAUDIO  0  
[2021/01/18 10:58:53 343] tts        557  get audio|use local  
[2021/01/18 10:58:53 343] tts        599  0  nil  1  
[2021/01/18 10:58:53 343] tts        792  TTS_MSG_GETAUDIO  0  
[2021/01/18 10:58:53 343] tts        557  get audio|use local  
[2021/01/18 10:58:53 343] tts        599  0  nil  1  
[2021/01/18 10:58:53 343] tts        792  TTS_MSG_GETAUDIO  0  
[2021/01/18 10:58:53 343] tts        557  get audio|use local  
[2021/01/18 10:58:53 343] tts        599  0  nil  1  
[2021/01/18 10:58:53 344] tts        792  TTS_MSG_GETAUDIO  0  
[2021/01/18 10:58:53 344] tts        557  get audio|use local  
[2021/01/18 10:58:53 344] tts        599  0  nil  1  
[2021/01/18 10:58:53 344] tts        792  TTS_MSG_GETAUDIO  0  
[2021/01/18 10:58:53 344] tts        557  get audio|use local  
[2021/01/18 10:58:53 344] tts        599  0  nil  1  
[2021/01/18 10:58:53 344] tts        792  TTS_MSG_GETAUDIO  0  
[2021/01/18 10:58:53 344] tts        557  get audio|use local  
[2021/01/18 10:58:53 344] tts        599  0  nil  1  
[2021/01/18 10:58:53 344] tts        792  TTS_MSG_GETAUDIO  0  
[2021/01/18 10:58:53 344] tts        557  get audio|use local  
[2021/01/18 10:58:53 344] tts        599  0  nil  1  
[2021/01/18 10:58:53 344] tts        792  TTS_MSG_GETAUDIO  0  
[2021/01/18 10:58:53 344] tts        557  get audio|use local  
[2021/01/18 10:58:53 344] tts        599  0  nil  1  
[2021/01/18 10:58:53 345] tts        792  TTS_MSG_GETAUDIO  0  
[2021/01/18 10:58:53 345] tts        557  get audio|use local  
[2021/01/18 10:58:53 345] tts        599  0  nil  1  
[2021/01/18 10:58:53 345] tts        792  TTS_MSG_GETAUDIO  0  
[2021/01/18 10:58:53 345] tts        557  get audio|use local  
[2021/01/18 10:58:53 345] tts        599  0  nil  1  
[2021/01/18 10:58:53 345] tts        792  TTS_MSG_GETAUDIO  0  
[2021/01/18 10:58:53 345] tts        557  get audio|use local  
[2021/01/18 10:58:53 345] tts        599  0  nil  1  
[2021/01/18 10:58:53 345] tts        792  TTS_MSG_GETAUDIO  0  
[2021/01/18 10:58:53 345] tts        557  get audio|use local  
[2021/01/18 10:58:53 345] tts        599  0  nil  1  
[2021/01/18 10:58:53 345] tts        792  TTS_MSG_GETAUDIO  0  
[2021/01/18 10:58:53 345] tts        557  get audio|use local  
[2021/01/18 10:58:53 345] tts        599  0  nil  1  
[2021/01/18 10:58:53 346] tts        792  TTS_MSG_GETAUDIO  0  
[2021/01/18 10:58:53 346] tts        557  get audio|use local  
[2021/01/18 10:58:53 346] tts        599  0  nil  1  
[2021/01/18 10:58:53 346] tts        792  TTS_MSG_GETAUDIO  0  
[2021/01/18 10:58:53 346] tts        557  get audio|use local  
[2021/01/18 10:58:53 346] tts        599  0  nil  1  
[2021/01/18 10:58:53 346] tts        792  TTS_MSG_GETAUDIO  0  
[2021/01/18 10:58:53 346] tts        557  get audio|use local  
[2021/01/18 10:58:53 346] tts        599  0  nil  1  
[2021/01/18 10:58:53 346] tts        792  TTS_MSG_GETAUDIO  0  
[2021/01/18 10:58:53 346] tts        557  get audio|use local  
[2021/01/18 10:58:53 346] tts        599  0  nil  1  
[2021/01/18 10:58:53 347] tts        792  TTS_MSG_GETAUDIO  0  
[2021/01/18 10:58:53 347] tts        557  get audio|use local  
[2021/01/18 10:58:53 347] tts        599  0  nil  1  
[2021/01/18 10:58:53 347] tts        792  TTS_MSG_GETAUDIO  0  
[2021/01/18 10:58:53 347] tts        557  get audio|use local  
[2021/01/18 10:58:53 347] tts        599  0  nil  1  
[2021/01/18 10:58:53 347] tts        792  TTS_MSG_GETAUDIO  0  
[2021/01/18 10:58:53 347] tts        557  get audio|use local  
[2021/01/18 10:58:53 347] tts        599  0  nil  1  
[2021/01/18 10:58:53 347] tts        792  TTS_MSG_GETAUDIO  0  
[2021/01/18 10:58:53 348] tts        557  get audio|use local  
[2021/01/18 10:58:53 348] tts        599  0  nil  1  
[2021/01/18 10:58:53 348] tts        792  TTS_MSG_GETAUDIO  0  
[2021/01/18 10:58:53 348] tts        557  get audio|use local  
[2021/01/18 10:58:53 348] tts        599  0  nil  1  
[2021/01/18 10:58:53 348] tts        792  TTS_MSG_GETAUDIO  0  
[2021/01/18 10:58:53 348] tts        557  get audio|use local  
[2021/01/18 10:58:53 348] tts        599  0  nil  1  
[2021/01/18 10:58:53 348] tts        792  TTS_MSG_GETAUDIO  0  
[2021/01/18 10:58:53 348] tts        557  get audio|use local  
[2021/01/18 10:58:53 348] tts        599  0  nil  1  
[2021/01/18 10:58:53 348] tts        792  TTS_MSG_GETAUDIO  0  
[2021/01/18 10:58:53 348] tts        557  get audio|use local  
[2021/01/18 10:58:53 348] tts        599  0  nil  1  
[2021/01/18 10:58:53 349] tts        792  TTS_MSG_GETAUDIO  0  
[2021/01/18 10:58:53 349] tts        557  get audio|use local  
[2021/01/18 10:58:53 349] tts        599  0  nil  1  
[2021/01/18 10:58:53 349] tts        792  TTS_MSG_GETAUDIO  0  
[2021/01/18 10:58:53 349] tts        557  get audio|use local  
[2021/01/18 10:58:53 349] tts        599  0  nil  1  
[2021/01/18 10:58:53 349] tts        792  TTS_MSG_GETAUDIO  0  
[2021/01/18 10:58:53 349] tts        557  get audio|use local  
[2021/01/18 10:58:53 349] tts        599  0  nil  1  
[2021/01/18 10:58:53 349] tts        792  TTS_MSG_GETAUDIO  0  
[2021/01/18 10:58:53 349] tts        557  get audio|use local  
[2021/01/18 10:58:53 350] tts        599  0  nil  1  
[2021/01/18 10:58:53 350] tts        792  TTS_MSG_GETAUDIO  0  
[2021/01/18 10:58:53 350] tts        557  get audio|use local  
[2021/01/18 10:58:53 350] tts        599  0  nil  1  
[2021/01/18 10:58:53 350] tts        792  TTS_MSG_GETAUDIO  0  
[2021/01/18 10:58:53 350] tts        557  get audio|use local  
[2021/01/18 10:58:53 350] tts        599  0  nil  1  
[2021/01/18 10:58:53 351] tts        792  TTS_MSG_GETAUDIO  0  
[2021/01/18 10:58:53 351] tts        557  get audio|use local  
[2021/01/18 10:58:53 351] tts        599  0  nil  1  
[2021/01/18 10:58:53 351] tts        792  TTS_MSG_GETAUDIO  0  
[2021/01/18 10:58:53 351] tts        557  get audio|use local  
[2021/01/18 10:58:53 351] tts        599  0  nil  1  
[2021/01/18 10:58:53 352] tts        792  TTS_MSG_GETAUDIO  0  
[2021/01/18 10:58:53 352] tts        557  get audio|use local  
[2021/01/18 10:58:53 352] tts        599  0  nil  1  
[2021/01/18 10:58:53 352] tts        792  TTS_MSG_GETAUDIO  0  
[2021/01/18 10:58:53 352] tts        557  get audio|use local  
[2021/01/18 10:58:53 352] tts        599  0  nil  1  
[2021/01/18 10:58:53 352] tts        792  TTS_MSG_GETAUDIO  0  
[2021/01/18 10:58:53 352] tts        557  get audio|use local  
[2021/01/18 10:58:53 352] tts        599  0  nil  1  
[2021/01/18 10:58:53 352] tts        792  TTS_MSG_GETAUDIO  0  
[2021/01/18 10:58:53 352] tts        557  get audio|use local  
[2021/01/18 10:58:53 352] tts        599  0  nil  1  
[2021/01/18 10:58:53 353] tts        792  TTS_MSG_GETAUDIO  0  
[2021/01/18 10:58:53 353] tts        557  get audio|use local  
[2021/01/18 10:58:53 353] tts        599  0  nil  1  
[2021/01/18 10:58:53 353] tts        792  TTS_MSG_GETAUDIO  0  
[2021/01/18 10:58:53 353] tts        557  get audio|use local  
[2021/01/18 10:58:53 353] tts        599  0  nil  1  
[2021/01/18 10:58:53 353] tts        792  TTS_MSG_GETAUDIO  0  
[2021/01/18 10:58:53 353] tts        557  get audio|use local  
[2021/01/18 10:58:53 353] tts        599  0  nil  1  
[2021/01/18 10:58:53 353] tts        792  TTS_MSG_GETAUDIO  0  
[2021/01/18 10:58:53 353] tts        557  get audio|use local  
[2021/01/18 10:58:53 353] tts        599  0  nil  1  
[2021/01/18 10:58:53 354] tts        792  TTS_MSG_GETAUDIO  0  
[2021/01/18 10:58:53 354] tts        557  get audio|use local  
[2021/01/18 10:58:53 354] tts        599  0  nil  1  
[2021/01/18 10:58:53 354] tts        792  TTS_MSG_GETAUDIO  0  
[2021/01/18 10:58:53 354] tts        557  get audio|use local  
[2021/01/18 10:58:53 354] tts        599  0  nil  1  
[2021/01/18 10:58:53 354] tts        792  TTS_MSG_GETAUDIO  0  
[2021/01/18 10:58:53 354] tts        557  get audio|use local  
[2021/01/18 10:58:53 354] tts        599  0  nil  1  
[2021/01/18 10:58:53 354] tts        792  TTS_MSG_GETAUDIO  0  
[2021/01/18 10:58:53 354] tts        557  get audio|use local  
[2021/01/18 10:58:53 354] tts        599  0  nil  1  
[2021/01/18 10:58:53 355] tts        792  TTS_MSG_GETAUDIO  0  
[2021/01/18 10:58:53 355] tts        557  get audio|use local  
[2021/01/18 10:58:53 355] tts        599  0  nil  1  
[2021/01/18 10:58:53 355] tts        792  TTS_MSG_GETAUDIO  0  
[2021/01/18 10:58:53 355] tts        557  get audio|use local  
[2021/01/18 10:58:53 355] tts        599  0  nil  1  
[2021/01/18 10:58:53 355] tts        792  TTS_MSG_GETAUDIO  0  
[2021/01/18 10:58:53 355] tts        557  get audio|use local  
[2021/01/18 10:58:53 355] tts        599  0  nil  1  
[2021/01/18 10:58:53 355] tts        792  TTS_MSG_GETAUDIO  0  
[2021/01/18 10:58:53 355] tts        557  get audio|use local  
[2021/01/18 10:58:53 355] tts        599  0  nil  1  
[2021/01/18 10:58:53 355] tts        792  TTS_MSG_GETAUDIO  0  
[2021/01/18 10:58:53 355] tts        557  get audio|use local  
[2021/01/18 10:58:53 355] tts        599  0  nil  1  
[2021/01/18 10:58:53 356] tts        792  TTS_MSG_GETAUDIO  0  
[2021/01/18 10:58:53 356] tts        557  get audio|use local  
[2021/01/18 10:58:53 356] tts        599  0  nil  1  
[2021/01/18 10:58:53 356] tts        792  TTS_MSG_GETAUDIO  0  
[2021/01/18 10:58:53 356] tts        557  get audio|use local  
[2021/01/18 10:58:53 356] tts        599  0  nil  1  
[2021/01/18 10:58:53 356] tts        792  TTS_MSG_GETAUDIO  0  
[2021/01/18 10:58:53 356] tts        557  get audio|use local  
[2021/01/18 10:58:53 356] tts        599  0  nil  1  
[2021/01/18 10:58:53 356] tts        792  TTS_MSG_GETAUDIO  0  
[2021/01/18 10:58:53 356] tts        557  get audio|use local  
[2021/01/18 10:58:53 356] tts        599  0  nil  1  
[2021/01/18 10:58:53 356] tts        792  TTS_MSG_GETAUDIO  0  
[2021/01/18 10:58:53 356] tts        557  get audio|use local  
[2021/01/18 10:58:53 357] tts        599  0  nil  1  
[2021/01/18 10:58:53 357] tts        792  TTS_MSG_GETAUDIO  0  
[2021/01/18 10:58:53 357] tts        557  get audio|use local  
[2021/01/18 10:58:53 357] tts        599  0  nil  1  
[2021/01/18 10:58:53 357] tts        792  TTS_MSG_GETAUDIO  0  
[2021/01/18 10:58:53 357] tts        557  get audio|use local  
[2021/01/18 10:58:53 357] tts        599  0  nil  1  
[2021/01/18 10:58:53 357] tts        792  TTS_MSG_GETAUDIO  0  
[2021/01/18 10:58:53 357] tts        557  get audio|use local  
[2021/01/18 10:58:53 357] tts        599  0  nil  1  
[2021/01/18 10:58:53 357] tts        792  TTS_MSG_GETAUDIO  0  
[2021/01/18 10:58:53 357] tts        557  get audio|use local  
[2021/01/18 10:58:53 357] tts        599  0  nil  1  
[2021/01/18 10:58:53 357] tts        792  TTS_MSG_GETAUDIO  0  
[2021/01/18 10:58:53 357] tts        557  get audio|use local  
[2021/01/18 10:58:53 358] tts        599  0  nil  1  
[2021/01/18 10:58:53 358] tts        792  TTS_MSG_GETAUDIO  0  
[2021/01/18 10:58:53 358] tts        557  get audio|use local  
[2021/01/18 10:58:53 358] tts        599  0  nil  1  
[2021/01/18 10:58:53 358] tts        792  TTS_MSG_GETAUDIO  0  
[2021/01/18 10:58:53 358] tts        557  get audio|use local  
[2021/01/18 10:58:53 358] tts        599  0  nil  1  
[2021/01/18 10:58:53 358] tts        792  TTS_MSG_GETAUDIO  0  
[2021/01/18 10:58:53 358] tts        557  get audio|use local  
[2021/01/18 10:58:53 358] tts        599  0  nil  1  
[2021/01/18 10:58:53 358] tts        792  TTS_MSG_GETAUDIO  0  
[2021/01/18 10:58:53 358] tts        557  get audio|use local  
[2021/01/18 10:58:53 358] tts        599  0  nil  1  
[2021/01/18 10:58:53 359] tts        792  TTS_MSG_GETAUDIO  0  
[2021/01/18 10:58:53 359] tts        557  get audio|use local  
[2021/01/18 10:58:53 359] tts        599  0  nil  1  
[2021/01/18 10:58:53 359] tts        792  TTS_MSG_GETAUDIO  0  
[2021/01/18 10:58:53 359] tts        557  get audio|use local  
[2021/01/18 10:58:53 359] tts        599  0  nil  1  
[2021/01/18 10:58:53 359] tts        792  TTS_MSG_GETAUDIO  0  
[2021/01/18 10:58:53 359] tts        557  get audio|use local  
[2021/01/18 10:58:53 359] tts        599  0  nil  1  
[2021/01/18 10:58:53 359] tts        792  TTS_MSG_GETAUDIO  0  
[2021/01/18 10:58:53 359] tts        557  get audio|use local  
[2021/01/18 10:58:53 359] tts        599  0  nil  1  
[2021/01/18 10:58:53 359] tts        792  TTS_MSG_GETAUDIO  0  
[2021/01/18 10:58:53 359] tts        557  get audio|use local  
[2021/01/18 10:58:53 359] tts        599  0  nil  1  
[2021/01/18 10:58:53 359] tts        792  TTS_MSG_GETAUDIO  0  
[2021/01/18 10:58:53 360] tts        557  get audio|use local  
[2021/01/18 10:58:53 360] tts        599  0  nil  1  
[2021/01/18 10:58:53 360] tts        792  TTS_MSG_GETAUDIO  0  
[2021/01/18 10:58:53 360] tts        557  get audio|use local  
[2021/01/18 10:58:53 360] tts        599  0  nil  1  
[2021/01/18 10:58:53 360] tts        792  TTS_MSG_GETAUDIO  0  
[2021/01/18 10:58:53 360] tts        557  get audio|use local  
[2021/01/18 10:58:53 360] tts        599  0  nil  1  
[2021/01/18 10:58:53 360] tts        792  TTS_MSG_GETAUDIO  0  
[2021/01/18 10:58:53 360] tts        557  get audio|use local  
[2021/01/18 10:58:53 360] tts        599  0  nil  1  
[2021/01/18 10:58:53 360] tts        792  TTS_MSG_GETAUDIO  0  
[2021/01/18 10:58:53 360] tts        557  get audio|use local  
[2021/01/18 10:58:53 360] tts        599  0  nil  1  
[2021/01/18 10:58:53 360] tts        792  TTS_MSG_GETAUDIO  0  
[2021/01/18 10:58:53 360] tts        557  get audio|use local  
[2021/01/18 10:58:53 361] tts        599  0  nil  1  
[2021/01/18 10:58:53 361] tts        792  TTS_MSG_GETAUDIO  0  
[2021/01/18 10:58:53 361] tts        557  get audio|use local  
[2021/01/18 10:58:53 361] tts        599  0  nil  1  
[2021/01/18 10:58:53 361] tts        792  TTS_MSG_GETAUDIO  0  
[2021/01/18 10:58:53 361] tts        557  get audio|use local  
[2021/01/18 10:58:53 361] tts        599  0  nil  1  
[2021/01/18 10:58:53 361] tts        792  TTS_MSG_GETAUDIO  0  
[2021/01/18 10:58:53 361] tts        557  get audio|use local  
[2021/01/18 10:58:53 361] tts        599  0  nil  1  
[2021/01/18 10:58:53 361] tts        792  TTS_MSG_GETAUDIO  0  
[2021/01/18 10:58:53 361] tts        557  get audio|use local  
[2021/01/18 10:58:53 361] tts        599  0  nil  1  
[2021/01/18 10:58:53 361] tts        792  TTS_MSG_GETAUDIO  0  
[2021/01/18 10:58:53 361] tts        557  get audio|use local  
[2021/01/18 10:58:53 362] tts        599  0  nil  1  
[2021/01/18 10:58:53 362] tts        792  TTS_MSG_GETAUDIO  0  
[2021/01/18 10:58:53 362] tts        557  get audio|use local  
[2021/01/18 10:58:53 362] tts        599  0  nil  1  
[2021/01/18 10:58:53 362] tts        792  TTS_MSG_GETAUDIO  0  
[2021/01/18 10:58:53 362] tts        557  get audio|use local  
[2021/01/18 10:58:53 362] tts        599  0  nil  1  
[2021/01/18 10:58:53 362] tts        792  TTS_MSG_GETAUDIO  0  
[2021/01/18 10:58:53 362] tts        557  get audio|use local  
[2021/01/18 10:58:53 362] tts        599  0  nil  1  
[2021/01/18 10:58:53 362] tts        792  TTS_MSG_GETAUDIO  0  
[2021/01/18 10:58:53 362] tts        557  get audio|use local  
[2021/01/18 10:58:53 362] tts        599  0  nil  1  
[2021/01/18 10:58:53 362] tts        792  TTS_MSG_GETAUDIO  0  
[2021/01/18 10:58:53 362] tts        557  get audio|use local  
[2021/01/18 10:58:53 363] tts        599  0  nil  1  
[2021/01/18 10:58:53 363] tts        792  TTS_MSG_GETAUDIO  0  
[2021/01/18 10:58:53 363] tts        557  get audio|use local  
[2021/01/18 10:58:53 363] tts        599  0  nil  1  
[2021/01/18 10:58:53 363] tts        792  TTS_MSG_GETAUDIO  0  
[2021/01/18 10:58:53 363] tts        557  get audio|use local  
[2021/01/18 10:58:53 363] tts        599  0  nil  1  
[2021/01/18 10:58:53 363] tts        792  TTS_MSG_GETAUDIO  0  
[2021/01/18 10:58:53 363] tts        557  get audio|use local  
[2021/01/18 10:58:53 363] tts        599  0  nil  1  
[2021/01/18 10:58:53 363] tts        792  TTS_MSG_GETAUDIO  0  
[2021/01/18 10:58:53 363] tts        557  get audio|use local  
[2021/01/18 10:58:53 363] tts        599  0  nil  1  
[2021/01/18 10:58:53 364] tts        792  TTS_MSG_GETAUDIO  0  
[2021/01/18 10:58:53 364] tts        557  get audio|use local  
[2021/01/18 10:58:53 364] tts        599  0  nil  1  
[2021/01/18 10:58:53 364] tts        792  TTS_MSG_GETAUDIO  0  
[2021/01/18 10:58:53 364] tts        557  get audio|use local  
[2021/01/18 10:58:53 364] tts        599  0  nil  1  
[2021/01/18 10:58:53 364] tts        792  TTS_MSG_GETAUDIO  0  
[2021/01/18 10:58:53 364] tts        557  get audio|use local  
[2021/01/18 10:58:53 364] tts        599  0  nil  1  
[2021/01/18 10:58:53 364] tts        792  TTS_MSG_GETAUDIO  0  
[2021/01/18 10:58:53 364] tts        557  get audio|use local  
[2021/01/18 10:58:53 364] tts        599  0  nil  1  
[2021/01/18 10:58:53 364] tts        792  TTS_MSG_GETAUDIO  0  
[2021/01/18 10:58:53 364] tts        557  get audio|use local  
[2021/01/18 10:58:53 364] tts        599  0  nil  1  
[2021/01/18 10:58:53 365] tts        792  TTS_MSG_GETAUDIO  0  
[2021/01/18 10:58:53 365] tts        557  get audio|use local  
[2021/01/18 10:58:53 365] tts        599  0  nil  1  
[2021/01/18 10:58:53 365] tts        792  TTS_MSG_GETAUDIO  0  
[2021/01/18 10:58:53 365] tts        557  get audio|use local  
[2021/01/18 10:58:53 365] tts        599  0  nil  1  
[2021/01/18 10:58:53 365] tts        792  TTS_MSG_GETAUDIO  0  
[2021/01/18 10:58:53 365] tts        557  get audio|use local  
[2021/01/18 10:58:53 365] tts        599  0  nil  1  
[2021/01/18 10:58:53 366] tts        792  TTS_MSG_GETAUDIO  0  
[2021/01/18 10:58:53 366] tts        557  get audio|use local  
[2021/01/18 10:58:53 366] tts        599  0  nil  1  
[2021/01/18 10:58:53 367] tts        792  TTS_MSG_GETAUDIO  0  
[2021/01/18 10:58:53 367] tts        557  get audio|use local  
[2021/01/18 10:58:53 367] tts        599  0  nil  1  
[2021/01/18 10:58:53 367] tts        792  TTS_MSG_GETAUDIO  0  
[2021/01/18 10:58:53 367] tts        557  get audio|use local  
[2021/01/18 10:58:53 367] tts        599  0  nil  1  
[2021/01/18 10:58:53 367] tts        792  TTS_MSG_GETAUDIO  0  
[2021/01/18 10:58:53 367] tts        557  get audio|use local  
[2021/01/18 10:58:53 367] tts        599  0  nil  1  
[2021/01/18 10:58:53 368] tts        792  TTS_MSG_GETAUDIO  0  
[2021/01/18 10:58:53 368] tts        557  get audio|use local  
[2021/01/18 10:58:53 368] tts        599  0  nil  1  
[2021/01/18 10:58:53 368] tts        792  TTS_MSG_GETAUDIO  0  
[2021/01/18 10:58:53 368] tts        557  get audio|use local  
[2021/01/18 10:58:53 368] tts        599  0  nil  1  
[2021/01/18 10:58:53 368] tts        792  TTS_MSG_GETAUDIO  0  
[2021/01/18 10:58:53 368] tts        557  get audio|use local  
[2021/01/18 10:58:53 368] tts        599  0  nil  1  
[2021/01/18 10:58:53 368] tts        792  TTS_MSG_GETAUDIO  0  
[2021/01/18 10:58:53 368] tts        557  get audio|use local  
[2021/01/18 10:58:53 368] tts        599  0  nil  1  
[2021/01/18 10:58:53 369] tts        792  TTS_MSG_GETAUDIO  0  
[2021/01/18 10:58:53 369] tts        557  get audio|use local  
[2021/01/18 10:58:53 369] tts        599  0  nil  1  
[2021/01/18 10:58:53 369] tts        792  TTS_MSG_GETAUDIO  0  
[2021/01/18 10:58:53 369] tts        557  get audio|use local  
[2021/01/18 10:58:53 369] tts        599  0  nil  1  
[2021/01/18 10:58:53 369] tts        792  TTS_MSG_GETAUDIO  0  
[2021/01/18 10:58:53 369] tts        557  get audio|use local  
[2021/01/18 10:58:53 369] tts        599  0  nil  1  
[2021/01/18 10:58:53 370] tts        792  TTS_MSG_GETAUDIO  0  
[2021/01/18 10:58:53 370] tts        557  get audio|use local  
[2021/01/18 10:58:53 370] tts        599  0  nil  1  
[2021/01/18 10:58:53 370] tts        792  TTS_MSG_GETAUDIO  0  
[2021/01/18 10:58:53 370] tts        557  get audio|use local  
[2021/01/18 10:58:53 370] tts        599  0  nil  1  
[2021/01/18 10:58:53 370] tts        792  TTS_MSG_GETAUDIO  0  
[2021/01/18 10:58:53 370] tts        557  get audio|use local  
[2021/01/18 10:58:53 370] tts        599  0  nil  1  
[2021/01/18 10:58:53 370] tts        792  TTS_MSG_GETAUDIO  0  
[2021/01/18 10:58:53 370] tts        557  get audio|use local  
[2021/01/18 10:58:53 370] tts        599  0  nil  1  
[2021/01/18 10:58:53 371] tts        792  TTS_MSG_GETAUDIO  0  
[2021/01/18 10:58:53 371] tts        557  get audio|use local  
[2021/01/18 10:58:53 371] tts        599  0  nil  1  
[2021/01/18 10:58:53 371] tts        792  TTS_MSG_GETAUDIO  0  
[2021/01/18 10:58:53 371] tts        557  get audio|use local  
[2021/01/18 10:58:53 371] tts        599  0  nil  1  
[2021/01/18 10:58:53 371] tts        792  TTS_MSG_GETAUDIO  0  
[2021/01/18 10:58:53 371] tts        557  get audio|use local  
[2021/01/18 10:58:53 371] tts        599  0  nil  1  
[2021/01/18 10:58:53 371] tts        792  TTS_MSG_GETAUDIO  0  
[2021/01/18 10:58:53 371] tts        557  get audio|use local  
[2021/01/18 10:58:53 371] tts        599  0  nil  1  
[2021/01/18 10:58:53 371] tts        792  TTS_MSG_GETAUDIO  0  
[2021/01/18 10:58:53 372] tts        557  get audio|use local  
[2021/01/18 10:58:53 372] tts        599  0  nil  1  
[2021/01/18 10:58:53 372] tts        792  TTS_MSG_GETAUDIO  0  
[2021/01/18 10:58:53 372] tts        557  get audio|use local  
[2021/01/18 10:58:53 372] tts        599  0  nil  1  
[2021/01/18 10:58:53 372] tts        792  TTS_MSG_GETAUDIO  0  
[2021/01/18 10:58:53 372] tts        557  get audio|use local  
[2021/01/18 10:58:53 372] tts        599  0  nil  1  
[2021/01/18 10:58:53 372] tts        792  TTS_MSG_GETAUDIO  0  
[2021/01/18 10:58:53 372] tts        557  get audio|use local  
[2021/01/18 10:58:53 372] tts        599  0  nil  1  
[2021/01/18 10:58:53 372] tts        792  TTS_MSG_GETAUDIO  0  
[2021/01/18 10:58:53 373] tts        557  get audio|use local  
[2021/01/18 10:58:53 373] tts        599  0  nil  1  
[2021/01/18 10:58:53 373] tts        792  TTS_MSG_GETAUDIO  0  
[2021/01/18 10:58:53 373] tts        557  get audio|use local  
[2021/01/18 10:58:53 373] tts        599  0  nil  1  
[2021/01/18 10:58:53 373] tts        792  TTS_MSG_GETAUDIO  0  
[2021/01/18 10:58:53 373] tts        557  get audio|use local  
[2021/01/18 10:58:53 373] tts        599  0  nil  1  
[2021/01/18 10:58:53 373] tts        792  TTS_MSG_GETAUDIO  0  
[2021/01/18 10:58:53 373] tts        557  get audio|use local  
[2021/01/18 10:58:53 373] tts        599  0  nil  1  
[2021/01/18 10:58:53 373] tts        792  TTS_MSG_GETAUDIO  0  
[2021/01/18 10:58:53 373] tts        557  get audio|use local  
[2021/01/18 10:58:53 373] tts        599  0  nil  1  
[2021/01/18 10:58:53 374] tts        792  TTS_MSG_GETAUDIO  0  
[2021/01/18 10:58:53 374] tts        557  get audio|use local  
[2021/01/18 10:58:53 374] tts        599  0  nil  1  
[2021/01/18 10:58:53 374] tts        792  TTS_MSG_GETAUDIO  0  
[2021/01/18 10:58:53 374] tts        557  get audio|use local  
[2021/01/18 10:58:53 374] tts        599  0  nil  1  
[2021/01/18 10:58:53 374] tts        792  TTS_MSG_GETAUDIO  0  
[2021/01/18 10:58:53 374] tts        557  get audio|use local  
[2021/01/18 10:58:53 374] tts        599  0  nil  1  
[2021/01/18 10:58:53 374] tts        792  TTS_MSG_GETAUDIO  0  
[2021/01/18 10:58:53 374] tts        557  get audio|use local  
[2021/01/18 10:58:53 374] tts        599  0  nil  1  
[2021/01/18 10:58:53 375] tts        792  TTS_MSG_GETAUDIO  0  
[2021/01/18 10:58:53 375] tts        557  get audio|use local  
[2021/01/18 10:58:53 375] tts        599  0  nil  1  
[2021/01/18 10:58:53 375] tts        792  TTS_MSG_GETAUDIO  0  
[2021/01/18 10:58:53 375] tts        557  get audio|use local  
[2021/01/18 10:58:53 375] tts        599  0  nil  1  
[2021/01/18 10:58:53 375] tts        792  TTS_MSG_GETAUDIO  0  
[2021/01/18 10:58:53 375] tts        557  get audio|use local  
[2021/01/18 10:58:53 375] tts        599  0  nil  1  
[2021/01/18 10:58:53 375] tts        792  TTS_MSG_GETAUDIO  0  
[2021/01/18 10:58:53 375] tts        557  get audio|use local  
[2021/01/18 10:58:53 375] tts        599  0  nil  1  
[2021/01/18 10:58:53 376] tts        792  TTS_MSG_GETAUDIO  0  
[2021/01/18 10:58:53 376] tts        557  get audio|use local  
[2021/01/18 10:58:53 376] tts        599  0  nil  1  
[2021/01/18 10:58:53 376] tts        792  TTS_MSG_GETAUDIO  0  
[2021/01/18 10:58:53 376] tts        557  get audio|use local  
[2021/01/18 10:58:53 376] tts        599  0  nil  1  
[2021/01/18 10:58:53 376] tts        792  TTS_MSG_GETAUDIO  0  
[2021/01/18 10:58:53 376] tts        557  get audio|use local  
[2021/01/18 10:58:53 376] tts        599  0  nil  1  
[2021/01/18 10:58:53 376] tts        792  TTS_MSG_GETAUDIO  0  
[2021/01/18 10:58:53 376] tts        557  get audio|use local  
[2021/01/18 10:58:53 376] tts        599  0  nil  1  
[2021/01/18 10:58:53 377] tts        792  TTS_MSG_GETAUDIO  0  
[2021/01/18 10:58:53 377] tts        557  get audio|use local  
[2021/01/18 10:58:53 377] tts        599  0  nil  1  
[2021/01/18 10:58:53 377] tts        792  TTS_MSG_GETAUDIO  0  
[2021/01/18 10:58:53 377] tts        557  get audio|use local  
[2021/01/18 10:58:53 377] tts        599  0  nil  1  
[2021/01/18 10:58:53 377] tts        792  TTS_MSG_GETAUDIO  0  
[2021/01/18 10:58:53 377] tts        557  get audio|use local  
[2021/01/18 10:58:53 377] tts        599  0  nil  1  
[2021/01/18 10:58:53 377] tts        792  TTS_MSG_GETAUDIO  0  
[2021/01/18 10:58:53 377] tts        557  get audio|use local  
[2021/01/18 10:58:53 377] tts        599  0  nil  1  
[2021/01/18 10:58:53 378] tts        792  TTS_MSG_GETAUDIO  0  
[2021/01/18 10:58:53 378] tts        557  get audio|use local  
[2021/01/18 10:58:53 378] tts        599  0  nil  1  
[2021/01/18 10:58:53 378] tts        792  TTS_MSG_GETAUDIO  0  
[2021/01/18 10:58:53 378] tts        557  get audio|use local  
[2021/01/18 10:58:53 378] tts        599  0  nil  1  
[2021/01/18 10:58:53 378] tts        792  TTS_MSG_GETAUDIO  0  
[2021/01/18 10:58:53 378] tts        557  get audio|use local  
[2021/01/18 10:58:53 378] tts        599  0  nil  1  
[2021/01/18 10:58:53 378] tts        792  TTS_MSG_GETAUDIO  0  
[2021/01/18 10:58:53 378] tts        557  get audio|use local  
[2021/01/18 10:58:53 378] tts        599  0  nil  1  
[2021/01/18 10:58:53 379] tts        792  TTS_MSG_GETAUDIO  0  
[2021/01/18 10:58:53 379] tts        557  get audio|use local  
[2021/01/18 10:58:53 379] tts        599  0  nil  1  
[2021/01/18 10:58:53 379] tts        792  TTS_MSG_GETAUDIO  0  
[2021/01/18 10:58:53 379] tts        557  get audio|use local  
[2021/01/18 10:58:53 379] tts        599  0  nil  1  
[2021/01/18 10:58:53 379] tts        792  TTS_MSG_GETAUDIO  0  
[2021/01/18 10:58:53 379] tts        557  get audio|use local  
[2021/01/18 10:58:53 379] tts        599  0  nil  1  
[2021/01/18 10:58:53 379] tts        792  TTS_MSG_GETAUDIO  0  
[2021/01/18 10:58:53 379] tts        557  get audio|use local  
[2021/01/18 10:58:53 379] tts        599  0  nil  1  
[2021/01/18 10:58:53 379] tts        792  TTS_MSG_GETAUDIO  0  
[2021/01/18 10:58:53 379] tts        557  get audio|use local  
[2021/01/18 10:58:53 379] tts        599  0  nil  1  
[2021/01/18 10:58:53 380] tts        792  TTS_MSG_GETAUDIO  0  
[2021/01/18 10:58:53 380] tts        557  get audio|use local  
[2021/01/18 10:58:53 380] tts        599  0  nil  1  
[2021/01/18 10:58:53 380] tts        792  TTS_MSG_GETAUDIO  0  
[2021/01/18 10:58:53 380] tts        557  get audio|use local  
[2021/01/18 10:58:53 380] tts        599  0  nil  1  
[2021/01/18 10:58:53 380] tts        792  TTS_MSG_GETAUDIO  0  
[2021/01/18 10:58:53 380] tts        557  get audio|use local  
[2021/01/18 10:58:53 380] tts        599  0  nil  1  
[2021/01/18 10:58:53 380] tts        792  TTS_MSG_GETAUDIO  0  
[2021/01/18 10:58:53 380] tts        557  get audio|use local  
[2021/01/18 10:58:53 380] tts        599  0  nil  1  
[2021/01/18 10:58:53 381] tts        792  TTS_MSG_GETAUDIO  0  
[2021/01/18 10:58:53 381] tts        557  get audio|use local  
[2021/01/18 10:58:53 381] tts        599  0  nil  1  
[2021/01/18 10:58:53 381] tts        792  TTS_MSG_GETAUDIO  0  
[2021/01/18 10:58:53 381] tts        557  get audio|use local  
[2021/01/18 10:58:53 381] tts        599  0  nil  1  
[2021/01/18 10:58:53 381] tts        792  TTS_MSG_GETAUDIO  0  
[2021/01/18 10:58:53 381] tts        557  get audio|use local  
[2021/01/18 10:58:53 381] tts        599  0  nil  1  
[2021/01/18 10:58:53 382] tts        792  TTS_MSG_GETAUDIO  0  
[2021/01/18 10:58:53 382] tts        557  get audio|use local  
[2021/01/18 10:58:53 382] tts        599  0  nil  1  
[2021/01/18 10:58:53 382] tts        792  TTS_MSG_GETAUDIO  0  
[2021/01/18 10:58:53 382] tts        557  get audio|use local  
[2021/01/18 10:58:53 382] tts        599  0  nil  1  
[2021/01/18 10:58:53 382] tts        792  TTS_MSG_GETAUDIO  0  
[2021/01/18 10:58:53 382] tts        557  get audio|use local  
[2021/01/18 10:58:53 382] tts        599  0  nil  1  
[2021/01/18 10:58:53 383] tts        792  TTS_MSG_GETAUDIO  0  
[2021/01/18 10:58:53 383] tts        557  get audio|use local  
[2021/01/18 10:58:53 383] tts        599  0  nil  1  
[2021/01/18 10:58:53 383] tts        792  TTS_MSG_GETAUDIO  0  
[2021/01/18 10:58:53 383] tts        557  get audio|use local  
[2021/01/18 10:58:53 383] tts        599  0  nil  1  
[2021/01/18 10:58:53 383] tts        792  TTS_MSG_GETAUDIO  0  
[2021/01/18 10:58:53 383] tts        557  get audio|use local  
[2021/01/18 10:58:53 383] tts        599  0  nil  1  
[2021/01/18 10:58:53 383] tts        792  TTS_MSG_GETAUDIO  0  
[2021/01/18 10:58:53 383] tts        557  get audio|use local  
[2021/01/18 10:58:53 383] tts        599  0  nil  1  
[2021/01/18 10:58:53 383] tts        792  TTS_MSG_GETAUDIO  0  
[2021/01/18 10:58:53 383] tts        557  get audio|use local  
[2021/01/18 10:58:53 383] tts        599  0  nil  1  
[2021/01/18 10:58:53 384] tts        792  TTS_MSG_GETAUDIO  0  
[2021/01/18 10:58:53 384] tts        557  get audio|use local  
[2021/01/18 10:58:53 384] tts        599  0  nil  1  
[2021/01/18 10:58:53 384] tts        792  TTS_MSG_GETAUDIO  0  
[2021/01/18 10:58:53 384] tts        557  get audio|use local  
[2021/01/18 10:58:53 384] tts        599  0  nil  1  
[2021/01/18 10:58:53 384] tts        792  TTS_MSG_GETAUDIO  0  
[2021/01/18 10:58:53 384] tts        557  get audio|use local  
[2021/01/18 10:58:53 384] tts        599  0  nil  1  
[2021/01/18 10:58:53 384] tts        792  TTS_MSG_GETAUDIO  0  
[2021/01/18 10:58:53 384] tts        557  get audio|use local  
[2021/01/18 10:58:53 384] tts        599  0  nil  1  
[2021/01/18 10:58:53 385] tts        792  TTS_MSG_GETAUDIO  0  
[2021/01/18 10:58:53 385] tts        557  get audio|use local  
[2021/01/18 10:58:53 385] tts        599  0  nil  1  
[2021/01/18 10:58:53 385] tts        792  TTS_MSG_GETAUDIO  0  
[2021/01/18 10:58:53 385] tts        557  get audio|use local  
[2021/01/18 10:58:53 385] tts        599  0  nil  1  
[2021/01/18 10:58:53 385] tts        792  TTS_MSG_GETAUDIO  0  
[2021/01/18 10:58:53 385] tts        557  get audio|use local  
[2021/01/18 10:58:53 385] tts        599  0  nil  1  
[2021/01/18 10:58:53 385] tts        792  TTS_MSG_GETAUDIO  0  
[2021/01/18 10:58:53 385] tts        557  get audio|use local  
[2021/01/18 10:58:53 385] tts        599  0  nil  1  
[2021/01/18 10:58:53 386] tts        792  TTS_MSG_GETAUDIO  0  
[2021/01/18 10:58:53 386] tts        557  get audio|use local  
[2021/01/18 10:58:53 386] tts        599  0  nil  1  
[2021/01/18 10:58:53 386] tts        792  TTS_MSG_GETAUDIO  0  
[2021/01/18 10:58:53 386] tts        557  get audio|use local  
[2021/01/18 10:58:53 386] tts        599  0  nil  1  
[2021/01/18 10:58:53 386] tts        792  TTS_MSG_GETAUDIO  0  
[2021/01/18 10:58:53 386] tts        557  get audio|use local  
[2021/01/18 10:58:53 386] tts        599  0  nil  1  
[2021/01/18 10:58:53 386] tts        792  TTS_MSG_GETAUDIO  0  
[2021/01/18 10:58:53 386] tts        557  get audio|use local  
[2021/01/18 10:58:53 386] tts        599  0  nil  1  
[2021/01/18 10:58:53 386] tts        792  TTS_MSG_GETAUDIO  0  
[2021/01/18 10:58:53 386] tts        557  get audio|use local  
[2021/01/18 10:58:53 386] tts        599  0  nil  1  
[2021/01/18 10:58:53 387] tts        792  TTS_MSG_GETAUDIO  0  
[2021/01/18 10:58:53 387] tts        557  get audio|use local  
[2021/01/18 10:58:53 387] tts        599  0  nil  1  
[2021/01/18 10:58:53 387] tts        792  TTS_MSG_GETAUDIO  0  
[2021/01/18 10:58:53 387] tts        557  get audio|use local  
[2021/01/18 10:58:53 387] tts        599  0  nil  1  
[2021/01/18 10:58:53 387] tts        792  TTS_MSG_GETAUDIO  0  
[2021/01/18 10:58:53 387] tts        557  get audio|use local  
[2021/01/18 10:58:53 387] tts        599  0  nil  1  
[2021/01/18 10:58:53 387] tts        792  TTS_MSG_GETAUDIO  0  
[2021/01/18 10:58:53 387] tts        557  get audio|use local  
[2021/01/18 10:58:53 387] tts        599  0  nil  1  
[2021/01/18 10:58:53 388] tts        792  TTS_MSG_GETAUDIO  0  
[2021/01/18 10:58:53 388] tts        557  get audio|use local  
[2021/01/18 10:58:53 388] tts        599  0  nil  1  
[2021/01/18 10:58:53 388] tts        792  TTS_MSG_GETAUDIO  0  
[2021/01/18 10:58:53 388] tts        557  get audio|use local  
[2021/01/18 10:58:53 388] tts        599  0  nil  1  
[2021/01/18 10:58:53 388] tts        792  TTS_MSG_GETAUDIO  0  
[2021/01/18 10:58:53 388] tts        557  get audio|use local  
[2021/01/18 10:58:53 388] tts        599  0  nil  1  
[2021/01/18 10:58:53 388] tts        792  TTS_MSG_GETAUDIO  0  
[2021/01/18 10:58:53 388] tts        557  get audio|use local  
[2021/01/18 10:58:53 388] tts        599  0  nil  1  
[2021/01/18 10:58:53 389] tts        792  TTS_MSG_GETAUDIO  0  
[2021/01/18 10:58:53 389] tts        557  get audio|use local  
[2021/01/18 10:58:53 389] tts        599  0  nil  1  
[2021/01/18 10:58:53 389] tts        792  TTS_MSG_GETAUDIO  0  
[2021/01/18 10:58:53 389] tts        557  get audio|use local  
[2021/01/18 10:58:53 389] tts        599  0  nil  1  
[2021/01/18 10:58:53 389] tts        792  TTS_MSG_GETAUDIO  0  
[2021/01/18 10:58:53 389] tts        557  get audio|use local  
[2021/01/18 10:58:53 389] tts        599  0  nil  1  
[2021/01/18 10:58:53 389] tts        792  TTS_MSG_GETAUDIO  0  
[2021/01/18 10:58:53 389] tts        557  get audio|use local  
[2021/01/18 10:58:53 389] tts        599  0  nil  1  
[2021/01/18 10:58:53 389] tts        792  TTS_MSG_GETAUDIO  0  
[2021/01/18 10:58:53 390] tts        557  get audio|use local  
[2021/01/18 10:58:53 390] tts        599  0  nil  1  
[2021/01/18 10:58:53 390] tts        792  TTS_MSG_GETAUDIO  0  
[2021/01/18 10:58:53 390] tts        557  get audio|use local  
[2021/01/18 10:58:53 390] tts        599  0  nil  1  
[2021/01/18 10:58:53 390] tts        792  TTS_MSG_GETAUDIO  0  
[2021/01/18 10:58:53 390] tts        557  get audio|use local  
[2021/01/18 10:58:53 390] tts        599  0  nil  1  
[2021/01/18 10:58:53 390] tts        792  TTS_MSG_GETAUDIO  0  
[2021/01/18 10:58:53 390] tts        557  get audio|use local  
[2021/01/18 10:58:53 390] tts        599  0  nil  1  
[2021/01/18 10:58:53 390] tts        792  TTS_MSG_GETAUDIO  0  
[2021/01/18 10:58:53 390] tts        557  get audio|use local  
[2021/01/18 10:58:53 390] tts        599  0  nil  1  
[2021/01/18 10:58:53 390] tts        792  TTS_MSG_GETAUDIO  0  
[2021/01/18 10:58:53 391] tts        557  get audio|use local  
[2021/01/18 10:58:53 391] tts        599  0  nil  1  
[2021/01/18 10:58:53 391] tts        792  TTS_MSG_GETAUDIO  0  
[2021/01/18 10:58:53 391] tts        557  get audio|use local  
[2021/01/18 10:58:53 391] tts        599  0  nil  1  
[2021/01/18 10:58:53 391] tts        792  TTS_MSG_GETAUDIO  0  
[2021/01/18 10:58:53 391] tts        557  get audio|use local  
[2021/01/18 10:58:53 391] tts        599  0  nil  1  
[2021/01/18 10:58:53 391] tts        792  TTS_MSG_GETAUDIO  0  
[2021/01/18 10:58:53 391] tts        557  get audio|use local  
[2021/01/18 10:58:53 391] tts        599  0  nil  1  
[2021/01/18 10:58:53 391] tts        792  TTS_MSG_GETAUDIO  0  
[2021/01/18 10:58:53 391] tts        557  get audio|use local  
[2021/01/18 10:58:53 391] tts        599  0  nil  1  
[2021/01/18 10:58:53 392] tts        792  TTS_MSG_GETAUDIO  0  
[2021/01/18 10:58:53 392] tts        557  get audio|use local  
[2021/01/18 10:58:53 392] tts        599  0  nil  1  
[2021/01/18 10:58:53 392] tts        792  TTS_MSG_GETAUDIO  0  
[2021/01/18 10:58:53 392] tts        557  get audio|use local  
[2021/01/18 10:58:53 392] tts        599  0  nil  1  
[2021/01/18 10:58:53 392] tts        792  TTS_MSG_GETAUDIO  0  
[2021/01/18 10:58:53 392] tts        557  get audio|use local  
[2021/01/18 10:58:53 392] tts        599  0  nil  1  
[2021/01/18 10:58:53 392] tts        792  TTS_MSG_GETAUDIO  0  
[2021/01/18 10:58:53 392] tts        557  get audio|use local  
[2021/01/18 10:58:53 392] tts        599  0  nil  1  
[2021/01/18 10:58:53 392] tts        792  TTS_MSG_GETAUDIO  0  
[2021/01/18 10:58:53 392] tts        557  get audio|use local  
[2021/01/18 10:58:53 392] tts        599  0  nil  1  
[2021/01/18 10:58:53 393] tts        792  TTS_MSG_GETAUDIO  0  
[2021/01/18 10:58:53 393] tts        557  get audio|use local  
[2021/01/18 10:58:53 393] tts        599  0  nil  1  
[2021/01/18 10:58:53 393] tts        792  TTS_MSG_GETAUDIO  0  
[2021/01/18 10:58:53 393] tts        557  get audio|use local  
[2021/01/18 10:58:53 393] tts        599  0  nil  1  
[2021/01/18 10:58:53 393] tts        792  TTS_MSG_GETAUDIO  0  
[2021/01/18 10:58:53 393] tts        557  get audio|use local  
[2021/01/18 10:58:53 393] tts        599  0  nil  1  
[2021/01/18 10:58:53 393] tts        792  TTS_MSG_GETAUDIO  0  
[2021/01/18 10:58:53 393] tts        557  get audio|use local  
[2021/01/18 10:58:53 393] tts        599  0  nil  1  
[2021/01/18 10:58:53 393] tts        792  TTS_MSG_GETAUDIO  0  
[2021/01/18 10:58:53 393] tts        557  get audio|use local  
[2021/01/18 10:58:53 393] tts        599  0  nil  1  
[2021/01/18 10:58:53 394] tts        792  TTS_MSG_GETAUDIO  0  
[2021/01/18 10:58:53 394] tts        557  get audio|use local  
[2021/01/18 10:58:53 394] tts        599  0  nil  1  
[2021/01/18 10:58:53 394] tts        792  TTS_MSG_GETAUDIO  0  
[2021/01/18 10:58:53 394] tts        557  get audio|use local  
[2021/01/18 10:58:53 394] tts        599  0  nil  1  
[2021/01/18 10:58:53 394] tts        792  TTS_MSG_GETAUDIO  0  
[2021/01/18 10:58:53 394] tts        557  get audio|use local  
[2021/01/18 10:58:53 394] tts        599  0  nil  1  
[2021/01/18 10:58:53 394] tts        792  TTS_MSG_GETAUDIO  0  
[2021/01/18 10:58:53 394] tts        557  get audio|use local  
[2021/01/18 10:58:53 394] tts        599  0  nil  1  
[2021/01/18 10:58:53 395] tts        792  TTS_MSG_GETAUDIO  0  
[2021/01/18 10:58:53 395] tts        557  get audio|use local  
[2021/01/18 10:58:53 395] tts        599  0  nil  1  
[2021/01/18 10:58:53 395] tts        792  TTS_MSG_GETAUDIO  0  
[2021/01/18 10:58:53 395] tts        557  get audio|use local  
[2021/01/18 10:58:53 395] tts        599  0  nil  1  
[2021/01/18 10:58:53 395] tts        792  TTS_MSG_GETAUDIO  0  
[2021/01/18 10:58:53 395] tts        557  get audio|use local  
[2021/01/18 10:58:53 395] tts        599  0  nil  1  
[2021/01/18 10:58:53 395] tts        792  TTS_MSG_GETAUDIO  0  
[2021/01/18 10:58:53 395] tts        557  get audio|use local  
[2021/01/18 10:58:53 395] tts        599  0  nil  1  
[2021/01/18 10:58:53 396] tts        792  TTS_MSG_GETAUDIO  0  
[2021/01/18 10:58:53 396] tts        557  get audio|use local  
[2021/01/18 10:58:53 396] tts        599  0  nil  1  
[2021/01/18 10:58:53 396] tts        792  TTS_MSG_GETAUDIO  0  
[2021/01/18 10:58:53 396] tts        557  get audio|use local  
[2021/01/18 10:58:53 396] tts        599  0  nil  1  
[2021/01/18 10:58:53 396] tts        792  TTS_MSG_GETAUDIO  0  
[2021/01/18 10:58:53 396] tts        557  get audio|use local  
[2021/01/18 10:58:53 396] tts        599  0  nil  1  
[2021/01/18 10:58:53 396] tts        792  TTS_MSG_GETAUDIO  0  
[2021/01/18 10:58:53 396] tts        557  get audio|use local  
[2021/01/18 10:58:53 396] tts        599  0  nil  1  
[2021/01/18 10:58:53 396] tts        792  TTS_MSG_GETAUDIO  0  
[2021/01/18 10:58:53 396] tts        557  get audio|use local  
[2021/01/18 10:58:53 396] tts        599  0  nil  1  
[2021/01/18 10:58:53 397] tts        792  TTS_MSG_GETAUDIO  0  
[2021/01/18 10:58:53 397] tts        557  get audio|use local  
[2021/01/18 10:58:53 397] tts        599  0  nil  1  
[2021/01/18 10:58:53 397] tts        792  TTS_MSG_GETAUDIO  0  
[2021/01/18 10:58:53 397] tts        557  get audio|use local  
[2021/01/18 10:58:53 397] tts        599  0  nil  1  
[2021/01/18 10:58:53 397] tts        792  TTS_MSG_GETAUDIO  0  
[2021/01/18 10:58:53 397] tts        557  get audio|use local  
[2021/01/18 10:58:53 397] tts        599  0  nil  1  
[2021/01/18 10:58:53 397] tts        792  TTS_MSG_GETAUDIO  0  
[2021/01/18 10:58:53 397] tts        557  get audio|use local  
[2021/01/18 10:58:53 397] tts        599  0  nil  1  
[2021/01/18 10:58:53 397] tts        792  TTS_MSG_GETAUDIO  0  
[2021/01/18 10:58:53 397] tts        557  get audio|use local  
[2021/01/18 10:58:53 397] tts        599  0  nil  1  
[2021/01/18 10:58:53 398] tts        792  TTS_MSG_GETAUDIO  0  
[2021/01/18 10:58:53 398] tts        557  get audio|use local  
[2021/01/18 10:58:53 398] tts        599  0  nil  1  
[2021/01/18 10:58:53 398] tts        792  TTS_MSG_GETAUDIO  0  
[2021/01/18 10:58:53 398] tts        557  get audio|use local  
[2021/01/18 10:58:53 398] tts        599  0  nil  1  
[2021/01/18 10:58:53 399] tts        792  TTS_MSG_GETAUDIO  0  
[2021/01/18 10:58:53 399] tts        557  get audio|use local  
[2021/01/18 10:58:53 399] tts        599  0  nil  1  
[2021/01/18 10:58:53 399] tts        792  TTS_MSG_GETAUDIO  0  
[2021/01/18 10:58:53 399] tts        557  get audio|use local  
[2021/01/18 10:58:53 399] tts        599  0  nil  1  
[2021/01/18 10:58:53 399] tts        792  TTS_MSG_GETAUDIO  0  
[2021/01/18 10:58:53 400] tts        557  get audio|use local  
[2021/01/18 10:58:53 400] tts        599  0  nil  1  
[2021/01/18 10:58:53 400] tts        792  TTS_MSG_GETAUDIO  0  
[2021/01/18 10:58:53 400] tts        557  get audio|use local  
[2021/01/18 10:58:53 400] tts        599  0  nil  1  
[2021/01/18 10:58:53 400] tts        792  TTS_MSG_GETAUDIO  0  
[2021/01/18 10:58:53 400] tts        557  get audio|use local  
[2021/01/18 10:58:53 400] tts        599  0  nil  1  
[2021/01/18 10:58:53 400] tts        792  TTS_MSG_GETAUDIO  0  
[2021/01/18 10:58:53 400] tts        557  get audio|use local  
[2021/01/18 10:58:53 400] tts        599  0  nil  1  
[2021/01/18 10:58:53 400] tts        792  TTS_MSG_GETAUDIO  0  
[2021/01/18 10:58:53 400] tts        557  get audio|use local  
[2021/01/18 10:58:53 400] tts        599  0  nil  1  
[2021/01/18 10:58:53 401] tts        792  TTS_MSG_GETAUDIO  0  
[2021/01/18 10:58:53 401] tts        557  get audio|use local  
[2021/01/18 10:58:53 401] tts        599  0  nil  1  
[2021/01/18 10:58:53 401] tts        792  TTS_MSG_GETAUDIO  0  
[2021/01/18 10:58:53 401] tts        557  get audio|use local  
[2021/01/18 10:58:53 401] tts        599  0  nil  1  
[2021/01/18 10:58:53 401] tts        792  TTS_MSG_GETAUDIO  0  
[2021/01/18 10:58:53 401] tts        557  get audio|use local  
[2021/01/18 10:58:53 401] tts        599  0  nil  1  
[2021/01/18 10:58:53 401] tts        792  TTS_MSG_GETAUDIO  0  
[2021/01/18 10:58:53 401] tts        557  get audio|use local  
[2021/01/18 10:58:53 401] tts        599  0  nil  1  
[2021/01/18 10:58:53 401] tts        792  TTS_MSG_GETAUDIO  0  
[2021/01/18 10:58:53 401] tts        557  get audio|use local  
[2021/01/18 10:58:53 401] tts        599  0  nil  1  
[2021/01/18 10:58:53 402] tts        792  TTS_MSG_GETAUDIO  0  
[2021/01/18 10:58:53 402] tts        557  get audio|use local  
[2021/01/18 10:58:53 402] tts        599  0  nil  1  
[2021/01/18 10:58:53 402] tts        792  TTS_MSG_GETAUDIO  0  
[2021/01/18 10:58:53 402] tts        557  get audio|use local  
[2021/01/18 10:58:53 402] tts        599  0  nil  1  
[2021/01/18 10:58:53 402] tts        792  TTS_MSG_GETAUDIO  0  
[2021/01/18 10:58:53 402] tts        557  get audio|use local  
[2021/01/18 10:58:53 402] tts        599  0  nil  1  
[2021/01/18 10:58:53 402] tts        792  TTS_MSG_GETAUDIO  0  
[2021/01/18 10:58:53 402] tts        557  get audio|use local  
[2021/01/18 10:58:53 402] tts        599  0  nil  1  
[2021/01/18 10:58:53 402] tts        792  TTS_MSG_GETAUDIO  0  
[2021/01/18 10:58:53 402] tts        557  get audio|use local  
[2021/01/18 10:58:53 402] tts        599  0  nil  1  
[2021/01/18 10:58:53 402] tts        792  TTS_MSG_GETAUDIO  0  
[2021/01/18 10:58:53 403] tts        557  get audio|use local  
[2021/01/18 10:58:53 403] tts        599  0  nil  1  
[2021/01/18 10:58:53 403] tts        792  TTS_MSG_GETAUDIO  0  
[2021/01/18 10:58:53 403] tts        557  get audio|use local  
[2021/01/18 10:58:53 403] tts        599  0  nil  1  
[2021/01/18 10:58:53 403] tts        792  TTS_MSG_GETAUDIO  0  
[2021/01/18 10:58:53 403] tts        557  get audio|use local  
[2021/01/18 10:58:53 403] tts        599  0  nil  1  
[2021/01/18 10:58:53 403] tts        792  TTS_MSG_GETAUDIO  0  
[2021/01/18 10:58:53 403] tts        557  get audio|use local  
[2021/01/18 10:58:53 403] tts        599  0  nil  1  
[2021/01/18 10:58:53 403] tts        792  TTS_MSG_GETAUDIO  0  
[2021/01/18 10:58:53 403] tts        557  get audio|use local  
[2021/01/18 10:58:53 403] tts        599  0  nil  1  
[2021/01/18 10:58:53 403] tts        792  TTS_MSG_GETAUDIO  0  
[2021/01/18 10:58:53 404] tts        557  get audio|use local  
[2021/01/18 10:58:53 404] tts        599  0  nil  1  
[2021/01/18 10:58:53 404] tts        792  TTS_MSG_GETAUDIO  0  
[2021/01/18 10:58:53 404] tts        557  get audio|use local  
[2021/01/18 10:58:53 404] tts        599  0  nil  1  
[2021/01/18 10:58:53 404] tts        792  TTS_MSG_GETAUDIO  0  
[2021/01/18 10:58:53 404] tts        557  get audio|use local  
[2021/01/18 10:58:53 404] tts        599  0  nil  1  
[2021/01/18 10:58:53 404] tts        792  TTS_MSG_GETAUDIO  0  
[2021/01/18 10:58:53 404] tts        557  get audio|use local  
[2021/01/18 10:58:53 404] tts        599  0  nil  1  
[2021/01/18 10:58:53 404] tts        792  TTS_MSG_GETAUDIO  0  
[2021/01/18 10:58:53 404] tts        557  get audio|use local  
[2021/01/18 10:58:53 404] tts        599  0  nil  1  
[2021/01/18 10:58:53 405] tts        792  TTS_MSG_GETAUDIO  0  
[2021/01/18 10:58:53 405] tts        557  get audio|use local  
[2021/01/18 10:58:53 405] tts        599  0  nil  1  
[2021/01/18 10:58:53 405] tts        792  TTS_MSG_GETAUDIO  0  
[2021/01/18 10:58:53 405] tts        557  get audio|use local  
[2021/01/18 10:58:53 405] tts        599  0  nil  1  
[2021/01/18 10:58:53 405] tts        792  TTS_MSG_GETAUDIO  0  
[2021/01/18 10:58:53 405] tts        557  get audio|use local  
[2021/01/18 10:58:53 405] tts        599  0  nil  1  
[2021/01/18 10:58:53 405] tts        792  TTS_MSG_GETAUDIO  0  
[2021/01/18 10:58:53 405] tts        557  get audio|use local  
[2021/01/18 10:58:53 405] tts        599  0  nil  1  
[2021/01/18 10:58:53 405] tts        792  TTS_MSG_GETAUDIO  0  
[2021/01/18 10:58:53 405] tts        557  get audio|use local  
[2021/01/18 10:58:53 406] tts        599  0  nil  1  
[2021/01/18 10:58:53 406] tts        792  TTS_MSG_GETAUDIO  0  
[2021/01/18 10:58:53 406] tts        557  get audio|use local  
[2021/01/18 10:58:53 406] tts        599  0  nil  1  
[2021/01/18 10:58:53 406] tts        792  TTS_MSG_GETAUDIO  0  
[2021/01/18 10:58:53 406] tts        557  get audio|use local  
[2021/01/18 10:58:53 406] tts        599  0  nil  1  
[2021/01/18 10:58:53 406] tts        792  TTS_MSG_GETAUDIO  0  
[2021/01/18 10:58:53 406] tts        557  get audio|use local  
[2021/01/18 10:58:53 406] tts        599  0  nil  1  
[2021/01/18 10:58:53 406] tts        792  TTS_MSG_GETAUDIO  0  
[2021/01/18 10:58:53 406] tts        557  get audio|use local  
[2021/01/18 10:58:53 406] tts        599  0  nil  1  
[2021/01/18 10:58:53 407] tts        792  TTS_MSG_GETAUDIO  0  
[2021/01/18 10:58:53 407] tts        557  get audio|use local  
[2021/01/18 10:58:53 407] tts        599  0  nil  1  
[2021/01/18 10:58:53 407] tts        792  TTS_MSG_GETAUDIO  0  
[2021/01/18 10:58:53 407] tts        557  get audio|use local  
[2021/01/18 10:58:53 407] tts        599  0  nil  1  
[2021/01/18 10:58:53 408] tts        792  TTS_MSG_GETAUDIO  0  
[2021/01/18 10:58:53 408] tts        557  get audio|use local  
[2021/01/18 10:58:53 408] tts        599  0  nil  1  
[2021/01/18 10:58:53 408] tts        317  TTS_LOCAL_CB_OUTPUT  101  udata(38047ea8) 12  
[2021/01/18 10:58:53 408] tts        321  udata(38047ea8) 12  
[2021/01/18 10:58:53 408] tts        792  TTS_MSG_GETAUDIO  0  
[2021/01/18 10:58:53 408] tts        557  get audio|use local  
[2021/01/18 10:58:53 409] tts        570  local audiolen:  182  ,ced:  12  
[2021/01/18 10:58:53 409] tts        599  0  udata(38047288) 1  
[2021/01/18 10:58:53 409] tts        317  TTS_LOCAL_CB_OUTPUT  101  udata(38047458) 12  
[2021/01/18 10:58:53 409] tts        321  udata(38047458) 12  
[2021/01/18 10:58:53 409] tts        792  TTS_MSG_GETAUDIO  0  
[2021/01/18 10:58:53 409] tts        557  get audio|use local  
[2021/01/18 10:58:53 409] tts        570  local audiolen:  8746  ,ced:  12  
[2021/01/18 10:58:53 409] tts        599  0  udata(3805e518) 1  
[2021/01/18 10:58:53 410] tts        792  TTS_MSG_GETAUDIO  0  
[2021/01/18 10:58:53 410] tts        557  get audio|use local  
[2021/01/18 10:58:53 410] tts        599  0  nil  1  
[2021/01/18 10:58:53 410] tts        317  TTS_LOCAL_CB_OUTPUT  101  udata(38008c68) 12  
[2021/01/18 10:58:53 410] tts        321  udata(38008c68) 12  
[2021/01/18 10:58:53 411] tts        792  TTS_MSG_GETAUDIO  0  
[2021/01/18 10:58:53 411] tts        557  get audio|use local  
[2021/01/18 10:58:53 411] tts        570  local audiolen:  12896  ,ced:  12  
[2021/01/18 10:58:53 411] tts        599  0  udata(380473d8) 1  
[2021/01/18 10:58:53 411] tts        317  TTS_LOCAL_CB_OUTPUT  101  udata(38047218) 12  
[2021/01/18 10:58:53 411] tts        321  udata(38047218) 12  
[2021/01/18 10:58:53 411] tts        303  0  0  
[2021/01/18 10:58:53 411] tts        314  TTS_LOCAL_CB_END,  2  
[2021/01/18 10:58:53 411] tts        792  TTS_MSG_GETAUDIO  0  
[2021/01/18 10:58:53 411] tts        557  get audio|use local  
[2021/01/18 10:58:53 411] tts        570  local audiolen:  8000  ,ced:  12  
[2021/01/18 10:58:53 411] tts        599  0  udata(3805e088) 2  
[2021/01/18 10:58:53 412] tts        795  TTS_MSG_SSE  
[2021/01/18 10:58:53 412] tts        693  sse|use local  
[2021/01/18 10:58:53 412] tts        711  tts exit  
