============================================================
Time  2021/01/16 16:50:26 638 
============================================================
[2021/01/16 16:50:26 638] tts        811  SYS_MSG_REGCB param0 =  msp_status_cb  param1 =  func(c071a10) 
[2021/01/16 16:50:26 639] config     43   use general cloud  
[2021/01/16 16:50:26 640] tts_cloud  1438 SYS_MSG_REGCB_CLOUD param0 =   msp_status_cb  param1 =  func(c071a10) 
[2021/01/16 16:50:26 640] tts        782  TTS_MSG_SSB  
[2021/01/16 16:50:26 640] tts        434  params =  engine_type = local,voice_name=xiaofeng, text_encoding = UTF8, tts_res_path = fo|res/tts/xiaofeng.jet;fo|res/tts/common.jet, sample_rate = 16000, speed = 50, volume = 50, pitch = 70, rdn = 2  
[2021/01/16 16:50:26 640] tts        273  auf=audio/L16;rate=16000  
[2021/01/16 16:50:26 640] tts        273  auf=audio/L16;rate=16000  
[2021/01/16 16:50:26 641] tts        471  ssb|use local  
[2021/01/16 16:50:26 641] tts        385  local_session_begin  
[2021/01/16 16:50:26 641] tts        789  TTS_MSG_SYN  0  
[2021/01/16 16:50:26 641] tts        514  synth|use local  
[2021/01/16 16:50:26 642] tts        792  TTS_MSG_GETAUDIO  0  
[2021/01/16 16:50:26 642] tts        557  get audio|use local  
[2021/01/16 16:50:26 642] tts        599  0  nil  1  
[2021/01/16 16:50:26 643] tts        792  TTS_MSG_GETAUDIO  0  
[2021/01/16 16:50:26 643] tts        557  get audio|use local  
[2021/01/16 16:50:26 643] tts        599  0  nil  1  
[2021/01/16 16:50:26 643] tts        792  TTS_MSG_GETAUDIO  0  
[2021/01/16 16:50:26 643] tts        557  get audio|use local  
[2021/01/16 16:50:26 643] tts        599  0  nil  1  
[2021/01/16 16:50:26 644] tts        792  TTS_MSG_GETAUDIO  0  
[2021/01/16 16:50:26 644] tts        557  get audio|use local  
[2021/01/16 16:50:26 644] tts        599  0  nil  1  
[2021/01/16 16:50:26 644] tts        301  TTS_LOCAL_CB_BEGIN  
[2021/01/16 16:50:26 645] tts        792  TTS_MSG_GETAUDIO  0  
[2021/01/16 16:50:26 645] tts        557  get audio|use local  
[2021/01/16 16:50:26 645] tts        599  0  nil  1  
[2021/01/16 16:50:26 645] tts        792  TTS_MSG_GETAUDIO  0  
[2021/01/16 16:50:26 645] tts        557  get audio|use local  
[2021/01/16 16:50:26 645] tts        599  0  nil  1  
[2021/01/16 16:50:26 645] tts        792  TTS_MSG_GETAUDIO  0  
[2021/01/16 16:50:26 646] tts        557  get audio|use local  
[2021/01/16 16:50:26 646] tts        599  0  nil  1  
[2021/01/16 16:50:26 646] tts        317  TTS_LOCAL_CB_OUTPUT  101  udata(c00c488) 9  
[2021/01/16 16:50:26 646] tts        321  udata(c00c488) 9  
[2021/01/16 16:50:26 646] tts        317  TTS_LOCAL_CB_OUTPUT  101  udata(c033e58) 9  
[2021/01/16 16:50:26 647] tts        321  udata(c033e58) 9  
[2021/01/16 16:50:26 647] tts        792  TTS_MSG_GETAUDIO  0  
[2021/01/16 16:50:26 647] tts        557  get audio|use local  
[2021/01/16 16:50:26 647] tts        570  local audiolen:  224  ,ced:  9  
[2021/01/16 16:50:26 647] tts        599  0  udata(c033f58) 1  
[2021/01/16 16:50:26 647] tts        317  TTS_LOCAL_CB_OUTPUT  101  udata(c034148) 9  
[2021/01/16 16:50:26 647] tts        321  udata(c034148) 9  
[2021/01/16 16:50:26 647] tts        792  TTS_MSG_GETAUDIO  0  
[2021/01/16 16:50:26 648] tts        557  get audio|use local  
[2021/01/16 16:50:26 648] tts        570  local audiolen:  4552  ,ced:  9  
[2021/01/16 16:50:26 648] tts        599  0  udata(c033ee8) 1  
[2021/01/16 16:50:26 648] tts        317  TTS_LOCAL_CB_OUTPUT  101  udata(c00b388) 9  
[2021/01/16 16:50:26 648] tts        321  udata(c00b388) 9  
[2021/01/16 16:50:26 649] tts        317  TTS_LOCAL_CB_OUTPUT  101  udata(c033ab8) 9  
[2021/01/16 16:50:26 649] tts        321  udata(c033ab8) 9  
[2021/01/16 16:50:26 649] tts        303  0  0  
[2021/01/16 16:50:26 649] tts        314  TTS_LOCAL_CB_END,  2  
[2021/01/16 16:50:26 649] tts        792  TTS_MSG_GETAUDIO  0  
[2021/01/16 16:50:26 649] tts        557  get audio|use local  
[2021/01/16 16:50:26 649] tts        570  local audiolen:  6620  ,ced:  9  
[2021/01/16 16:50:26 649] tts        599  0  udata(c033d28) 1  
[2021/01/16 16:50:26 649] tts        792  TTS_MSG_GETAUDIO  0  
[2021/01/16 16:50:26 649] tts        557  get audio|use local  
[2021/01/16 16:50:26 649] tts        570  local audiolen:  9502  ,ced:  9  
[2021/01/16 16:50:26 649] tts        599  0  udata(c034248) 1  
[2021/01/16 16:50:26 650] tts        792  TTS_MSG_GETAUDIO  0  
[2021/01/16 16:50:26 650] tts        557  get audio|use local  
[2021/01/16 16:50:26 650] tts        570  local audiolen:  4128  ,ced:  9  
[2021/01/16 16:50:26 650] tts        599  0  udata(c0352c8) 2  
[2021/01/16 16:50:26 650] tts        795  TTS_MSG_SSE  
[2021/01/16 16:50:26 650] tts        693  sse|use local  
[2021/01/16 16:50:26 651] tts        711  tts exit  
