============================================================
Time  2021/01/16 16:47:10 511 
============================================================
[2021/01/16 16:47:10 511] tts        811  SYS_MSG_REGCB param0 =  msp_status_cb  param1 =  func(60015e80) 
[2021/01/16 16:47:10 512] config     43   use general cloud  
[2021/01/16 16:47:10 514] tts_cloud  1438 SYS_MSG_REGCB_CLOUD param0 =   msp_status_cb  param1 =  func(60015e80) 
[2021/01/16 16:47:10 514] tts        782  TTS_MSG_SSB  
[2021/01/16 16:47:10 514] tts        434  params =  engine_type = local,voice_name=xiaofeng, text_encoding = UTF8, tts_res_path = fo|res/tts/xiaofeng.jet;fo|res/tts/common.jet, sample_rate = 16000, speed = 50, volume = 50, pitch = 70, rdn = 2  
[2021/01/16 16:47:10 514] tts        273  auf=audio/L16;rate=16000  
[2021/01/16 16:47:10 514] tts        273  auf=audio/L16;rate=16000  
[2021/01/16 16:47:10 514] tts        471  ssb|use local  
[2021/01/16 16:47:10 514] tts        385  local_session_begin  
[2021/01/16 16:47:10 515] tts        789  TTS_MSG_SYN  0  
[2021/01/16 16:47:10 515] tts        514  synth|use local  
[2021/01/16 16:47:10 516] tts        792  TTS_MSG_GETAUDIO  0  
[2021/01/16 16:47:10 516] tts        557  get audio|use local  
[2021/01/16 16:47:10 516] tts        599  0  nil  1  
[2021/01/16 16:47:10 517] tts        792  TTS_MSG_GETAUDIO  0  
[2021/01/16 16:47:10 518] tts        557  get audio|use local  
[2021/01/16 16:47:10 518] tts        599  0  nil  1  
[2021/01/16 16:47:10 519] tts        792  TTS_MSG_GETAUDIO  0  
[2021/01/16 16:47:10 519] tts        557  get audio|use local  
[2021/01/16 16:47:10 519] tts        599  0  nil  1  
[2021/01/16 16:47:10 520] tts        792  TTS_MSG_GETAUDIO  0  
[2021/01/16 16:47:10 520] tts        557  get audio|use local  
[2021/01/16 16:47:10 520] tts        599  0  nil  1  
[2021/01/16 16:47:10 521] tts        792  TTS_MSG_GETAUDIO  0  
[2021/01/16 16:47:10 521] tts        557  get audio|use local  
[2021/01/16 16:47:10 521] tts        599  0  nil  1  
[2021/01/16 16:47:10 522] tts        792  TTS_MSG_GETAUDIO  0  
[2021/01/16 16:47:10 522] tts        557  get audio|use local  
[2021/01/16 16:47:10 522] tts        599  0  nil  1  
[2021/01/16 16:47:10 522] tts        301  TTS_LOCAL_CB_BEGIN  
[2021/01/16 16:47:10 523] tts        792  TTS_MSG_GETAUDIO  0  
[2021/01/16 16:47:10 523] tts        557  get audio|use local  
[2021/01/16 16:47:10 523] tts        599  0  nil  1  
[2021/01/16 16:47:10 523] tts        792  TTS_MSG_GETAUDIO  0  
[2021/01/16 16:47:10 523] tts        557  get audio|use local  
[2021/01/16 16:47:10 523] tts        599  0  nil  1  
[2021/01/16 16:47:10 523] tts        792  TTS_MSG_GETAUDIO  0  
[2021/01/16 16:47:10 523] tts        557  get audio|use local  
[2021/01/16 16:47:10 523] tts        599  0  nil  1  
[2021/01/16 16:47:10 524] tts        792  TTS_MSG_GETAUDIO  0  
[2021/01/16 16:47:10 524] tts        557  get audio|use local  
[2021/01/16 16:47:10 524] tts        599  0  nil  1  
[2021/01/16 16:47:10 524] tts        317  TTS_LOCAL_CB_OUTPUT  101  udata(600180f8) 6  
[2021/01/16 16:47:10 524] tts        321  udata(600180f8) 6  
[2021/01/16 16:47:10 524] tts        792  TTS_MSG_GETAUDIO  0  
[2021/01/16 16:47:10 524] tts        557  get audio|use local  
[2021/01/16 16:47:10 524] tts        570  local audiolen:  182  ,ced:  6  
[2021/01/16 16:47:10 524] tts        599  0  udata(6002f768) 1  
[2021/01/16 16:47:10 525] tts        792  TTS_MSG_GETAUDIO  0  
[2021/01/16 16:47:10 525] tts        557  get audio|use local  
[2021/01/16 16:47:10 525] tts        599  0  nil  1  
[2021/01/16 16:47:10 526] tts        317  TTS_LOCAL_CB_OUTPUT  101  udata(6002f868) 6  
[2021/01/16 16:47:10 526] tts        321  udata(6002f868) 6  
[2021/01/16 16:47:10 526] tts        317  TTS_LOCAL_CB_OUTPUT  101  udata(6002f568) 6  
[2021/01/16 16:47:10 526] tts        321  udata(6002f568) 6  
[2021/01/16 16:47:10 526] tts        303  0  0  
[2021/01/16 16:47:10 526] tts        314  TTS_LOCAL_CB_END,  2  
[2021/01/16 16:47:10 526] tts        792  TTS_MSG_GETAUDIO  0  
[2021/01/16 16:47:10 526] tts        557  get audio|use local  
[2021/01/16 16:47:10 526] tts        570  local audiolen:  9342  ,ced:  6  
[2021/01/16 16:47:10 526] tts        599  0  udata(6004ac58) 1  
[2021/01/16 16:47:10 526] tts        792  TTS_MSG_GETAUDIO  0  
[2021/01/16 16:47:10 526] tts        557  get audio|use local  
[2021/01/16 16:47:10 526] tts        570  local audiolen:  7820  ,ced:  6  
[2021/01/16 16:47:10 526] tts        599  0  udata(60071638) 2  
[2021/01/16 16:47:10 527] tts        795  TTS_MSG_SSE  
[2021/01/16 16:47:10 527] tts        693  sse|use local  
[2021/01/16 16:47:10 527] tts        711  tts exit  
