============================================================
Time  2021/01/16 16:50:04 704 
============================================================
[2021/01/16 16:50:04 704] tts        811  SYS_MSG_REGCB param0 =  msp_status_cb  param1 =  func(58001fb0) 
[2021/01/16 16:50:04 705] config     43   use general cloud  
[2021/01/16 16:50:04 707] tts_cloud  1438 SYS_MSG_REGCB_CLOUD param0 =   msp_status_cb  param1 =  func(58001fb0) 
[2021/01/16 16:50:04 707] tts        782  TTS_MSG_SSB  
[2021/01/16 16:50:04 707] tts        434  params =  engine_type = local,voice_name=xiaofeng, text_encoding = UTF8, tts_res_path = fo|res/tts/xiaofeng.jet;fo|res/tts/common.jet, sample_rate = 16000, speed = 50, volume = 50, pitch = 70, rdn = 2  
[2021/01/16 16:50:04 707] tts        273  auf=audio/L16;rate=16000  
[2021/01/16 16:50:04 707] tts        273  auf=audio/L16;rate=16000  
[2021/01/16 16:50:04 707] tts        471  ssb|use local  
[2021/01/16 16:50:04 707] tts        385  local_session_begin  
[2021/01/16 16:50:04 708] tts        789  TTS_MSG_SYN  0  
[2021/01/16 16:50:04 708] tts        514  synth|use local  
[2021/01/16 16:50:04 709] tts        792  TTS_MSG_GETAUDIO  0  
[2021/01/16 16:50:04 709] tts        557  get audio|use local  
[2021/01/16 16:50:04 710] tts        599  0  nil  1  
[2021/01/16 16:50:04 712] tts        792  TTS_MSG_GETAUDIO  0  
[2021/01/16 16:50:04 712] tts        557  get audio|use local  
[2021/01/16 16:50:04 712] tts        599  0  nil  1  
[2021/01/16 16:50:04 713] tts        301  TTS_LOCAL_CB_BEGIN  
[2021/01/16 16:50:04 713] tts        792  TTS_MSG_GETAUDIO  0  
[2021/01/16 16:50:04 713] tts        557  get audio|use local  
[2021/01/16 16:50:04 713] tts        599  0  nil  1  
[2021/01/16 16:50:04 714] tts        792  TTS_MSG_GETAUDIO  0  
[2021/01/16 16:50:04 714] tts        557  get audio|use local  
[2021/01/16 16:50:04 714] tts        599  0  nil  1  
[2021/01/16 16:50:04 714] tts        792  TTS_MSG_GETAUDIO  0  
[2021/01/16 16:50:04 714] tts        557  get audio|use local  
[2021/01/16 16:50:04 714] tts        599  0  nil  1  
[2021/01/16 16:50:04 715] tts        792  TTS_MSG_GETAUDIO  0  
[2021/01/16 16:50:04 715] tts        557  get audio|use local  
[2021/01/16 16:50:04 715] tts        599  0  nil  1  
[2021/01/16 16:50:04 715] tts        792  TTS_MSG_GETAUDIO  0  
[2021/01/16 16:50:04 715] tts        557  get audio|use local  
[2021/01/16 16:50:04 715] tts        599  0  nil  1  
[2021/01/16 16:50:04 715] tts        792  TTS_MSG_GETAUDIO  0  
[2021/01/16 16:50:04 715] tts        557  get audio|use local  
[2021/01/16 16:50:04 715] tts        599  0  nil  1  
[2021/01/16 16:50:04 716] tts        792  TTS_MSG_GETAUDIO  0  
[2021/01/16 16:50:04 716] tts        557  get audio|use local  
[2021/01/16 16:50:04 716] tts        599  0  nil  1  
[2021/01/16 16:50:04 717] tts        317  TTS_LOCAL_CB_OUTPUT  101  udata(580363f8) 9  
[2021/01/16 16:50:04 717] tts        321  udata(580363f8) 9  
[2021/01/16 16:50:04 717] tts        792  TTS_MSG_GETAUDIO  0  
[2021/01/16 16:50:04 717] tts        557  get audio|use local  
[2021/01/16 16:50:04 717] tts        570  local audiolen:  224  ,ced:  9  
[2021/01/16 16:50:04 717] tts        599  0  udata(58036338) 1  
[2021/01/16 16:50:04 718] tts        792  TTS_MSG_GETAUDIO  0  
[2021/01/16 16:50:04 718] tts        557  get audio|use local  
[2021/01/16 16:50:04 718] tts        599  0  nil  1  
[2021/01/16 16:50:04 719] tts        792  TTS_MSG_GETAUDIO  0  
[2021/01/16 16:50:04 719] tts        557  get audio|use local  
[2021/01/16 16:50:04 719] tts        599  0  nil  1  
[2021/01/16 16:50:04 719] tts        317  TTS_LOCAL_CB_OUTPUT  101  udata(58036068) 9  
[2021/01/16 16:50:04 719] tts        321  udata(58036068) 9  
[2021/01/16 16:50:04 719] tts        792  TTS_MSG_GETAUDIO  0  
[2021/01/16 16:50:04 719] tts        557  get audio|use local  
[2021/01/16 16:50:04 719] tts        570  local audiolen:  4552  ,ced:  9  
[2021/01/16 16:50:04 719] tts        599  0  udata(58036498) 1  
[2021/01/16 16:50:04 720] tts        792  TTS_MSG_GETAUDIO  0  
[2021/01/16 16:50:04 720] tts        557  get audio|use local  
[2021/01/16 16:50:04 720] tts        599  0  nil  1  
[2021/01/16 16:50:04 720] tts        792  TTS_MSG_GETAUDIO  0  
[2021/01/16 16:50:04 720] tts        557  get audio|use local  
[2021/01/16 16:50:04 720] tts        599  0  nil  1  
[2021/01/16 16:50:04 721] tts        792  TTS_MSG_GETAUDIO  0  
[2021/01/16 16:50:04 721] tts        557  get audio|use local  
[2021/01/16 16:50:04 721] tts        599  0  nil  1  
[2021/01/16 16:50:04 721] tts        792  TTS_MSG_GETAUDIO  0  
[2021/01/16 16:50:04 721] tts        557  get audio|use local  
[2021/01/16 16:50:04 721] tts        599  0  nil  1  
[2021/01/16 16:50:04 722] tts        792  TTS_MSG_GETAUDIO  0  
[2021/01/16 16:50:04 722] tts        557  get audio|use local  
[2021/01/16 16:50:04 722] tts        599  0  nil  1  
[2021/01/16 16:50:04 722] tts        317  TTS_LOCAL_CB_OUTPUT  101  udata(58014298) 9  
[2021/01/16 16:50:04 723] tts        321  udata(58014298) 9  
[2021/01/16 16:50:04 723] tts        792  TTS_MSG_GETAUDIO  0  
[2021/01/16 16:50:04 723] tts        557  get audio|use local  
[2021/01/16 16:50:04 723] tts        570  local audiolen:  6620  ,ced:  9  
[2021/01/16 16:50:04 723] tts        599  0  udata(58037ff8) 1  
[2021/01/16 16:50:04 723] tts        792  TTS_MSG_GETAUDIO  0  
[2021/01/16 16:50:04 723] tts        557  get audio|use local  
[2021/01/16 16:50:04 723] tts        599  0  nil  1  
[2021/01/16 16:50:04 724] tts        792  TTS_MSG_GETAUDIO  0  
[2021/01/16 16:50:04 724] tts        557  get audio|use local  
[2021/01/16 16:50:04 724] tts        599  0  nil  1  
[2021/01/16 16:50:04 724] tts        792  TTS_MSG_GETAUDIO  0  
[2021/01/16 16:50:04 724] tts        557  get audio|use local  
[2021/01/16 16:50:04 724] tts        599  0  nil  1  
[2021/01/16 16:50:04 724] tts        792  TTS_MSG_GETAUDIO  0  
[2021/01/16 16:50:04 724] tts        557  get audio|use local  
[2021/01/16 16:50:04 724] tts        599  0  nil  1  
[2021/01/16 16:50:04 725] tts        792  TTS_MSG_GETAUDIO  0  
[2021/01/16 16:50:04 725] tts        557  get audio|use local  
[2021/01/16 16:50:04 725] tts        599  0  nil  1  
[2021/01/16 16:50:04 726] tts        317  TTS_LOCAL_CB_OUTPUT  101  udata(580380a8) 9  
[2021/01/16 16:50:04 726] tts        321  udata(580380a8) 9  
[2021/01/16 16:50:04 726] tts        317  TTS_LOCAL_CB_OUTPUT  101  udata(58038148) 9  
[2021/01/16 16:50:04 726] tts        321  udata(58038148) 9  
[2021/01/16 16:50:04 726] tts        303  0  0  
[2021/01/16 16:50:04 726] tts        314  TTS_LOCAL_CB_END,  2  
[2021/01/16 16:50:04 726] tts        792  TTS_MSG_GETAUDIO  0  
[2021/01/16 16:50:04 726] tts        557  get audio|use local  
[2021/01/16 16:50:04 726] tts        570  local audiolen:  9502  ,ced:  9  
[2021/01/16 16:50:04 726] tts        599  0  udata(580383e8) 1  
[2021/01/16 16:50:04 726] tts        792  TTS_MSG_GETAUDIO  0  
[2021/01/16 16:50:04 726] tts        557  get audio|use local  
[2021/01/16 16:50:04 726] tts        570  local audiolen:  4128  ,ced:  9  
[2021/01/16 16:50:04 726] tts        599  0  udata(58039468) 2  
[2021/01/16 16:50:04 727] tts        795  TTS_MSG_SSE  
[2021/01/16 16:50:04 727] tts        693  sse|use local  
[2021/01/16 16:50:04 727] tts        711  tts exit  
