============================================================
Time  2021/01/16 16:35:28 536 
============================================================
[2021/01/16 16:35:28 536] tts        811  SYS_MSG_REGCB param0 =  msp_status_cb  param1 =  func(54014cc0) 
[2021/01/16 16:35:28 537] config     43   use general cloud  
[2021/01/16 16:35:28 539] tts_cloud  1438 SYS_MSG_REGCB_CLOUD param0 =   msp_status_cb  param1 =  func(54014cc0) 
[2021/01/16 16:35:28 540] tts        782  TTS_MSG_SSB  
[2021/01/16 16:35:28 540] tts        434  params =  engine_type = local,voice_name=xiaofeng, text_encoding = UTF8, tts_res_path = fo|res/tts/xiaofeng.jet;fo|res/tts/common.jet, sample_rate = 16000, speed = 50, volume = 50, pitch = 70, rdn = 2  
[2021/01/16 16:35:28 540] tts        273  auf=audio/L16;rate=16000  
[2021/01/16 16:35:28 540] tts        273  auf=audio/L16;rate=16000  
[2021/01/16 16:35:28 540] tts        471  ssb|use local  
[2021/01/16 16:35:28 540] tts        385  local_session_begin  
[2021/01/16 16:35:28 541] tts        789  TTS_MSG_SYN  0  
[2021/01/16 16:35:28 541] tts        514  synth|use local  
[2021/01/16 16:35:28 541] tts        792  TTS_MSG_GETAUDIO  0  
[2021/01/16 16:35:28 541] tts        557  get audio|use local  
[2021/01/16 16:35:28 541] tts        599  0  nil  1  
[2021/01/16 16:35:28 542] tts        792  TTS_MSG_GETAUDIO  0  
[2021/01/16 16:35:28 542] tts        557  get audio|use local  
[2021/01/16 16:35:28 542] tts        599  0  nil  1  
[2021/01/16 16:35:28 542] tts        792  TTS_MSG_GETAUDIO  0  
[2021/01/16 16:35:28 542] tts        557  get audio|use local  
[2021/01/16 16:35:28 542] tts        599  0  nil  1  
[2021/01/16 16:35:28 543] tts        792  TTS_MSG_GETAUDIO  0  
[2021/01/16 16:35:28 543] tts        557  get audio|use local  
[2021/01/16 16:35:28 543] tts        599  0  nil  1  
[2021/01/16 16:35:28 543] tts        792  TTS_MSG_GETAUDIO  0  
[2021/01/16 16:35:28 543] tts        557  get audio|use local  
[2021/01/16 16:35:28 543] tts        599  0  nil  1  
[2021/01/16 16:35:28 543] tts        792  TTS_MSG_GETAUDIO  0  
[2021/01/16 16:35:28 543] tts        557  get audio|use local  
[2021/01/16 16:35:28 543] tts        599  0  nil  1  
[2021/01/16 16:35:28 544] tts        792  TTS_MSG_GETAUDIO  0  
[2021/01/16 16:35:28 544] tts        557  get audio|use local  
[2021/01/16 16:35:28 544] tts        599  0  nil  1  
[2021/01/16 16:35:28 544] tts        792  TTS_MSG_GETAUDIO  0  
[2021/01/16 16:35:28 544] tts        557  get audio|use local  
[2021/01/16 16:35:28 544] tts        599  0  nil  1  
[2021/01/16 16:35:28 545] tts        792  TTS_MSG_GETAUDIO  0  
[2021/01/16 16:35:28 545] tts        557  get audio|use local  
[2021/01/16 16:35:28 545] tts        599  0  nil  1  
[2021/01/16 16:35:28 546] tts        792  TTS_MSG_GETAUDIO  0  
[2021/01/16 16:35:28 546] tts        557  get audio|use local  
[2021/01/16 16:35:28 546] tts        599  0  nil  1  
[2021/01/16 16:35:28 546] tts        792  TTS_MSG_GETAUDIO  0  
[2021/01/16 16:35:28 546] tts        557  get audio|use local  
[2021/01/16 16:35:28 547] tts        599  0  nil  1  
[2021/01/16 16:35:28 547] tts        792  TTS_MSG_GETAUDIO  0  
[2021/01/16 16:35:28 547] tts        557  get audio|use local  
[2021/01/16 16:35:28 547] tts        599  0  nil  1  
[2021/01/16 16:35:28 548] tts        792  TTS_MSG_GETAUDIO  0  
[2021/01/16 16:35:28 548] tts        557  get audio|use local  
[2021/01/16 16:35:28 548] tts        599  0  nil  1  
[2021/01/16 16:35:28 548] tts        792  TTS_MSG_GETAUDIO  0  
[2021/01/16 16:35:28 548] tts        557  get audio|use local  
[2021/01/16 16:35:28 548] tts        599  0  nil  1  
[2021/01/16 16:35:28 549] tts        792  TTS_MSG_GETAUDIO  0  
[2021/01/16 16:35:28 549] tts        557  get audio|use local  
[2021/01/16 16:35:28 549] tts        599  0  nil  1  
[2021/01/16 16:35:28 549] tts        792  TTS_MSG_GETAUDIO  0  
[2021/01/16 16:35:28 549] tts        557  get audio|use local  
[2021/01/16 16:35:28 549] tts        599  0  nil  1  
[2021/01/16 16:35:28 550] tts        792  TTS_MSG_GETAUDIO  0  
[2021/01/16 16:35:28 550] tts        557  get audio|use local  
[2021/01/16 16:35:28 550] tts        599  0  nil  1  
[2021/01/16 16:35:28 550] tts        792  TTS_MSG_GETAUDIO  0  
[2021/01/16 16:35:28 550] tts        557  get audio|use local  
[2021/01/16 16:35:28 550] tts        599  0  nil  1  
[2021/01/16 16:35:28 550] tts        792  TTS_MSG_GETAUDIO  0  
[2021/01/16 16:35:28 550] tts        557  get audio|use local  
[2021/01/16 16:35:28 551] tts        599  0  nil  1  
[2021/01/16 16:35:28 552] tts        792  TTS_MSG_GETAUDIO  0  
[2021/01/16 16:35:28 552] tts        557  get audio|use local  
[2021/01/16 16:35:28 552] tts        599  0  nil  1  
[2021/01/16 16:35:28 552] tts        792  TTS_MSG_GETAUDIO  0  
[2021/01/16 16:35:28 553] tts        557  get audio|use local  
[2021/01/16 16:35:28 553] tts        599  0  nil  1  
[2021/01/16 16:35:28 553] tts        792  TTS_MSG_GETAUDIO  0  
[2021/01/16 16:35:28 553] tts        557  get audio|use local  
[2021/01/16 16:35:28 553] tts        599  0  nil  1  
[2021/01/16 16:35:28 554] tts        792  TTS_MSG_GETAUDIO  0  
[2021/01/16 16:35:28 554] tts        557  get audio|use local  
[2021/01/16 16:35:28 554] tts        599  0  nil  1  
[2021/01/16 16:35:28 554] tts        792  TTS_MSG_GETAUDIO  0  
[2021/01/16 16:35:28 554] tts        557  get audio|use local  
[2021/01/16 16:35:28 554] tts        599  0  nil  1  
[2021/01/16 16:35:28 555] tts        792  TTS_MSG_GETAUDIO  0  
[2021/01/16 16:35:28 555] tts        557  get audio|use local  
[2021/01/16 16:35:28 555] tts        599  0  nil  1  
[2021/01/16 16:35:28 555] tts        792  TTS_MSG_GETAUDIO  0  
[2021/01/16 16:35:28 555] tts        557  get audio|use local  
[2021/01/16 16:35:28 555] tts        599  0  nil  1  
[2021/01/16 16:35:28 556] tts        792  TTS_MSG_GETAUDIO  0  
[2021/01/16 16:35:28 556] tts        557  get audio|use local  
[2021/01/16 16:35:28 556] tts        599  0  nil  1  
[2021/01/16 16:35:28 557] tts        792  TTS_MSG_GETAUDIO  0  
[2021/01/16 16:35:28 557] tts        557  get audio|use local  
[2021/01/16 16:35:28 557] tts        599  0  nil  1  
[2021/01/16 16:35:28 557] tts        792  TTS_MSG_GETAUDIO  0  
[2021/01/16 16:35:28 558] tts        557  get audio|use local  
[2021/01/16 16:35:28 558] tts        599  0  nil  1  
[2021/01/16 16:35:28 559] tts        792  TTS_MSG_GETAUDIO  0  
[2021/01/16 16:35:28 559] tts        557  get audio|use local  
[2021/01/16 16:35:28 559] tts        599  0  nil  1  
[2021/01/16 16:35:28 559] tts        792  TTS_MSG_GETAUDIO  0  
[2021/01/16 16:35:28 559] tts        557  get audio|use local  
[2021/01/16 16:35:28 559] tts        599  0  nil  1  
[2021/01/16 16:35:28 560] tts        792  TTS_MSG_GETAUDIO  0  
[2021/01/16 16:35:28 560] tts        557  get audio|use local  
[2021/01/16 16:35:28 560] tts        599  0  nil  1  
[2021/01/16 16:35:28 560] tts        301  TTS_LOCAL_CB_BEGIN  
[2021/01/16 16:35:28 560] tts        792  TTS_MSG_GETAUDIO  0  
[2021/01/16 16:35:28 561] tts        557  get audio|use local  
[2021/01/16 16:35:28 561] tts        599  0  nil  1  
[2021/01/16 16:35:28 561] tts        792  TTS_MSG_GETAUDIO  0  
[2021/01/16 16:35:28 561] tts        557  get audio|use local  
[2021/01/16 16:35:28 561] tts        599  0  nil  1  
[2021/01/16 16:35:28 561] tts        792  TTS_MSG_GETAUDIO  0  
[2021/01/16 16:35:28 561] tts        557  get audio|use local  
[2021/01/16 16:35:28 561] tts        599  0  nil  1  
[2021/01/16 16:35:28 562] tts        792  TTS_MSG_GETAUDIO  0  
[2021/01/16 16:35:28 562] tts        557  get audio|use local  
[2021/01/16 16:35:28 563] tts        599  0  nil  1  
[2021/01/16 16:35:28 564] tts        792  TTS_MSG_GETAUDIO  0  
[2021/01/16 16:35:28 564] tts        557  get audio|use local  
[2021/01/16 16:35:28 564] tts        599  0  nil  1  
[2021/01/16 16:35:28 565] tts        792  TTS_MSG_GETAUDIO  0  
[2021/01/16 16:35:28 565] tts        557  get audio|use local  
[2021/01/16 16:35:28 565] tts        599  0  nil  1  
[2021/01/16 16:35:28 566] tts        792  TTS_MSG_GETAUDIO  0  
[2021/01/16 16:35:28 566] tts        557  get audio|use local  
[2021/01/16 16:35:28 566] tts        599  0  nil  1  
[2021/01/16 16:35:28 567] tts        792  TTS_MSG_GETAUDIO  0  
[2021/01/16 16:35:28 567] tts        557  get audio|use local  
[2021/01/16 16:35:28 567] tts        599  0  nil  1  
[2021/01/16 16:35:28 567] tts        792  TTS_MSG_GETAUDIO  0  
[2021/01/16 16:35:28 567] tts        557  get audio|use local  
[2021/01/16 16:35:28 568] tts        599  0  nil  1  
[2021/01/16 16:35:28 568] tts        792  TTS_MSG_GETAUDIO  0  
[2021/01/16 16:35:28 568] tts        557  get audio|use local  
[2021/01/16 16:35:28 568] tts        599  0  nil  1  
[2021/01/16 16:35:28 568] tts        792  TTS_MSG_GETAUDIO  0  
[2021/01/16 16:35:28 568] tts        557  get audio|use local  
[2021/01/16 16:35:28 568] tts        599  0  nil  1  
[2021/01/16 16:35:28 568] tts        792  TTS_MSG_GETAUDIO  0  
[2021/01/16 16:35:28 568] tts        557  get audio|use local  
[2021/01/16 16:35:28 568] tts        599  0  nil  1  
[2021/01/16 16:35:28 569] tts        792  TTS_MSG_GETAUDIO  0  
[2021/01/16 16:35:28 569] tts        557  get audio|use local  
[2021/01/16 16:35:28 569] tts        599  0  nil  1  
[2021/01/16 16:35:28 569] tts        792  TTS_MSG_GETAUDIO  0  
[2021/01/16 16:35:28 569] tts        557  get audio|use local  
[2021/01/16 16:35:28 569] tts        599  0  nil  1  
[2021/01/16 16:35:28 570] tts        792  TTS_MSG_GETAUDIO  0  
[2021/01/16 16:35:28 570] tts        557  get audio|use local  
[2021/01/16 16:35:28 570] tts        599  0  nil  1  
[2021/01/16 16:35:28 570] tts        792  TTS_MSG_GETAUDIO  0  
[2021/01/16 16:35:28 570] tts        557  get audio|use local  
[2021/01/16 16:35:28 570] tts        599  0  nil  1  
[2021/01/16 16:35:28 570] tts        792  TTS_MSG_GETAUDIO  0  
[2021/01/16 16:35:28 570] tts        557  get audio|use local  
[2021/01/16 16:35:28 570] tts        599  0  nil  1  
[2021/01/16 16:35:28 570] tts        792  TTS_MSG_GETAUDIO  0  
[2021/01/16 16:35:28 570] tts        557  get audio|use local  
[2021/01/16 16:35:28 570] tts        599  0  nil  1  
[2021/01/16 16:35:28 571] tts        792  TTS_MSG_GETAUDIO  0  
[2021/01/16 16:35:28 571] tts        557  get audio|use local  
[2021/01/16 16:35:28 571] tts        599  0  nil  1  
[2021/01/16 16:35:28 571] tts        792  TTS_MSG_GETAUDIO  0  
[2021/01/16 16:35:28 571] tts        557  get audio|use local  
[2021/01/16 16:35:28 571] tts        599  0  nil  1  
[2021/01/16 16:35:28 572] tts        792  TTS_MSG_GETAUDIO  0  
[2021/01/16 16:35:28 572] tts        557  get audio|use local  
[2021/01/16 16:35:28 572] tts        599  0  nil  1  
[2021/01/16 16:35:28 572] tts        792  TTS_MSG_GETAUDIO  0  
[2021/01/16 16:35:28 572] tts        557  get audio|use local  
[2021/01/16 16:35:28 572] tts        599  0  nil  1  
[2021/01/16 16:35:28 573] tts        792  TTS_MSG_GETAUDIO  0  
[2021/01/16 16:35:28 573] tts        557  get audio|use local  
[2021/01/16 16:35:28 573] tts        599  0  nil  1  
[2021/01/16 16:35:28 574] tts        792  TTS_MSG_GETAUDIO  0  
[2021/01/16 16:35:28 574] tts        557  get audio|use local  
[2021/01/16 16:35:28 574] tts        599  0  nil  1  
[2021/01/16 16:35:28 574] tts        792  TTS_MSG_GETAUDIO  0  
[2021/01/16 16:35:28 574] tts        557  get audio|use local  
[2021/01/16 16:35:28 574] tts        599  0  nil  1  
[2021/01/16 16:35:28 574] tts        792  TTS_MSG_GETAUDIO  0  
[2021/01/16 16:35:28 574] tts        557  get audio|use local  
[2021/01/16 16:35:28 574] tts        599  0  nil  1  
[2021/01/16 16:35:28 575] tts        792  TTS_MSG_GETAUDIO  0  
[2021/01/16 16:35:28 575] tts        557  get audio|use local  
[2021/01/16 16:35:28 575] tts        599  0  nil  1  
[2021/01/16 16:35:28 576] tts        792  TTS_MSG_GETAUDIO  0  
[2021/01/16 16:35:28 576] tts        557  get audio|use local  
[2021/01/16 16:35:28 576] tts        599  0  nil  1  
[2021/01/16 16:35:28 576] tts        792  TTS_MSG_GETAUDIO  0  
[2021/01/16 16:35:28 576] tts        557  get audio|use local  
[2021/01/16 16:35:28 576] tts        599  0  nil  1  
[2021/01/16 16:35:28 576] tts        792  TTS_MSG_GETAUDIO  0  
[2021/01/16 16:35:28 576] tts        557  get audio|use local  
[2021/01/16 16:35:28 576] tts        599  0  nil  1  
[2021/01/16 16:35:28 576] tts        792  TTS_MSG_GETAUDIO  0  
[2021/01/16 16:35:28 576] tts        557  get audio|use local  
[2021/01/16 16:35:28 576] tts        599  0  nil  1  
[2021/01/16 16:35:28 577] tts        792  TTS_MSG_GETAUDIO  0  
[2021/01/16 16:35:28 577] tts        557  get audio|use local  
[2021/01/16 16:35:28 577] tts        599  0  nil  1  
[2021/01/16 16:35:28 577] tts        792  TTS_MSG_GETAUDIO  0  
[2021/01/16 16:35:28 577] tts        557  get audio|use local  
[2021/01/16 16:35:28 577] tts        599  0  nil  1  
[2021/01/16 16:35:28 577] tts        792  TTS_MSG_GETAUDIO  0  
[2021/01/16 16:35:28 577] tts        557  get audio|use local  
[2021/01/16 16:35:28 577] tts        599  0  nil  1  
[2021/01/16 16:35:28 577] tts        792  TTS_MSG_GETAUDIO  0  
[2021/01/16 16:35:28 577] tts        557  get audio|use local  
[2021/01/16 16:35:28 577] tts        599  0  nil  1  
[2021/01/16 16:35:28 577] tts        792  TTS_MSG_GETAUDIO  0  
[2021/01/16 16:35:28 577] tts        557  get audio|use local  
[2021/01/16 16:35:28 577] tts        599  0  nil  1  
[2021/01/16 16:35:28 578] tts        792  TTS_MSG_GETAUDIO  0  
[2021/01/16 16:35:28 578] tts        557  get audio|use local  
[2021/01/16 16:35:28 578] tts        599  0  nil  1  
[2021/01/16 16:35:28 578] tts        792  TTS_MSG_GETAUDIO  0  
[2021/01/16 16:35:28 578] tts        557  get audio|use local  
[2021/01/16 16:35:28 578] tts        599  0  nil  1  
[2021/01/16 16:35:28 578] tts        792  TTS_MSG_GETAUDIO  0  
[2021/01/16 16:35:28 578] tts        557  get audio|use local  
[2021/01/16 16:35:28 579] tts        599  0  nil  1  
[2021/01/16 16:35:28 579] tts        792  TTS_MSG_GETAUDIO  0  
[2021/01/16 16:35:28 580] tts        557  get audio|use local  
[2021/01/16 16:35:28 580] tts        599  0  nil  1  
[2021/01/16 16:35:28 580] tts        792  TTS_MSG_GETAUDIO  0  
[2021/01/16 16:35:28 580] tts        557  get audio|use local  
[2021/01/16 16:35:28 581] tts        599  0  nil  1  
[2021/01/16 16:35:28 581] tts        792  TTS_MSG_GETAUDIO  0  
[2021/01/16 16:35:28 581] tts        557  get audio|use local  
[2021/01/16 16:35:28 582] tts        599  0  nil  1  
[2021/01/16 16:35:28 582] tts        792  TTS_MSG_GETAUDIO  0  
[2021/01/16 16:35:28 582] tts        557  get audio|use local  
[2021/01/16 16:35:28 582] tts        599  0  nil  1  
[2021/01/16 16:35:28 582] tts        792  TTS_MSG_GETAUDIO  0  
[2021/01/16 16:35:28 582] tts        557  get audio|use local  
[2021/01/16 16:35:28 582] tts        599  0  nil  1  
[2021/01/16 16:35:28 582] tts        792  TTS_MSG_GETAUDIO  0  
[2021/01/16 16:35:28 582] tts        557  get audio|use local  
[2021/01/16 16:35:28 582] tts        599  0  nil  1  
[2021/01/16 16:35:28 582] tts        792  TTS_MSG_GETAUDIO  0  
[2021/01/16 16:35:28 582] tts        557  get audio|use local  
[2021/01/16 16:35:28 582] tts        599  0  nil  1  
[2021/01/16 16:35:28 583] tts        792  TTS_MSG_GETAUDIO  0  
[2021/01/16 16:35:28 583] tts        557  get audio|use local  
[2021/01/16 16:35:28 583] tts        599  0  nil  1  
[2021/01/16 16:35:28 583] tts        792  TTS_MSG_GETAUDIO  0  
[2021/01/16 16:35:28 583] tts        557  get audio|use local  
[2021/01/16 16:35:28 583] tts        599  0  nil  1  
[2021/01/16 16:35:28 583] tts        792  TTS_MSG_GETAUDIO  0  
[2021/01/16 16:35:28 584] tts        557  get audio|use local  
[2021/01/16 16:35:28 584] tts        599  0  nil  1  
[2021/01/16 16:35:28 584] tts        792  TTS_MSG_GETAUDIO  0  
[2021/01/16 16:35:28 584] tts        557  get audio|use local  
[2021/01/16 16:35:28 584] tts        599  0  nil  1  
[2021/01/16 16:35:28 584] tts        792  TTS_MSG_GETAUDIO  0  
[2021/01/16 16:35:28 584] tts        557  get audio|use local  
[2021/01/16 16:35:28 584] tts        599  0  nil  1  
[2021/01/16 16:35:28 585] tts        792  TTS_MSG_GETAUDIO  0  
[2021/01/16 16:35:28 585] tts        557  get audio|use local  
[2021/01/16 16:35:28 585] tts        599  0  nil  1  
[2021/01/16 16:35:28 585] tts        792  TTS_MSG_GETAUDIO  0  
[2021/01/16 16:35:28 585] tts        557  get audio|use local  
[2021/01/16 16:35:28 585] tts        599  0  nil  1  
[2021/01/16 16:35:28 585] tts        792  TTS_MSG_GETAUDIO  0  
[2021/01/16 16:35:28 585] tts        557  get audio|use local  
[2021/01/16 16:35:28 585] tts        599  0  nil  1  
[2021/01/16 16:35:28 585] tts        792  TTS_MSG_GETAUDIO  0  
[2021/01/16 16:35:28 585] tts        557  get audio|use local  
[2021/01/16 16:35:28 585] tts        599  0  nil  1  
[2021/01/16 16:35:28 586] tts        792  TTS_MSG_GETAUDIO  0  
[2021/01/16 16:35:28 586] tts        557  get audio|use local  
[2021/01/16 16:35:28 586] tts        599  0  nil  1  
[2021/01/16 16:35:28 586] tts        792  TTS_MSG_GETAUDIO  0  
[2021/01/16 16:35:28 586] tts        557  get audio|use local  
[2021/01/16 16:35:28 586] tts        599  0  nil  1  
[2021/01/16 16:35:28 586] tts        792  TTS_MSG_GETAUDIO  0  
[2021/01/16 16:35:28 586] tts        557  get audio|use local  
[2021/01/16 16:35:28 586] tts        599  0  nil  1  
[2021/01/16 16:35:28 586] tts        792  TTS_MSG_GETAUDIO  0  
[2021/01/16 16:35:28 586] tts        557  get audio|use local  
[2021/01/16 16:35:28 586] tts        599  0  nil  1  
[2021/01/16 16:35:28 587] tts        792  TTS_MSG_GETAUDIO  0  
[2021/01/16 16:35:28 587] tts        557  get audio|use local  
[2021/01/16 16:35:28 587] tts        599  0  nil  1  
[2021/01/16 16:35:28 587] tts        792  TTS_MSG_GETAUDIO  0  
[2021/01/16 16:35:28 587] tts        557  get audio|use local  
[2021/01/16 16:35:28 587] tts        599  0  nil  1  
[2021/01/16 16:35:28 587] tts        792  TTS_MSG_GETAUDIO  0  
[2021/01/16 16:35:28 587] tts        557  get audio|use local  
[2021/01/16 16:35:28 587] tts        599  0  nil  1  
[2021/01/16 16:35:28 587] tts        792  TTS_MSG_GETAUDIO  0  
[2021/01/16 16:35:28 587] tts        557  get audio|use local  
[2021/01/16 16:35:28 587] tts        599  0  nil  1  
[2021/01/16 16:35:28 588] tts        792  TTS_MSG_GETAUDIO  0  
[2021/01/16 16:35:28 588] tts        557  get audio|use local  
[2021/01/16 16:35:28 588] tts        599  0  nil  1  
[2021/01/16 16:35:28 588] tts        792  TTS_MSG_GETAUDIO  0  
[2021/01/16 16:35:28 588] tts        557  get audio|use local  
[2021/01/16 16:35:28 588] tts        599  0  nil  1  
[2021/01/16 16:35:28 588] tts        792  TTS_MSG_GETAUDIO  0  
[2021/01/16 16:35:28 588] tts        557  get audio|use local  
[2021/01/16 16:35:28 588] tts        599  0  nil  1  
[2021/01/16 16:35:28 588] tts        792  TTS_MSG_GETAUDIO  0  
[2021/01/16 16:35:28 588] tts        557  get audio|use local  
[2021/01/16 16:35:28 588] tts        599  0  nil  1  
[2021/01/16 16:35:28 589] tts        792  TTS_MSG_GETAUDIO  0  
[2021/01/16 16:35:28 589] tts        557  get audio|use local  
[2021/01/16 16:35:28 589] tts        599  0  nil  1  
[2021/01/16 16:35:28 589] tts        792  TTS_MSG_GETAUDIO  0  
[2021/01/16 16:35:28 589] tts        557  get audio|use local  
[2021/01/16 16:35:28 589] tts        599  0  nil  1  
[2021/01/16 16:35:28 589] tts        792  TTS_MSG_GETAUDIO  0  
[2021/01/16 16:35:28 589] tts        557  get audio|use local  
[2021/01/16 16:35:28 589] tts        599  0  nil  1  
[2021/01/16 16:35:28 589] tts        792  TTS_MSG_GETAUDIO  0  
[2021/01/16 16:35:28 589] tts        557  get audio|use local  
[2021/01/16 16:35:28 589] tts        599  0  nil  1  
[2021/01/16 16:35:28 589] tts        792  TTS_MSG_GETAUDIO  0  
[2021/01/16 16:35:28 589] tts        557  get audio|use local  
[2021/01/16 16:35:28 589] tts        599  0  nil  1  
[2021/01/16 16:35:28 590] tts        792  TTS_MSG_GETAUDIO  0  
[2021/01/16 16:35:28 590] tts        557  get audio|use local  
[2021/01/16 16:35:28 590] tts        599  0  nil  1  
[2021/01/16 16:35:28 590] tts        792  TTS_MSG_GETAUDIO  0  
[2021/01/16 16:35:28 590] tts        557  get audio|use local  
[2021/01/16 16:35:28 590] tts        599  0  nil  1  
[2021/01/16 16:35:28 591] tts        792  TTS_MSG_GETAUDIO  0  
[2021/01/16 16:35:28 591] tts        557  get audio|use local  
[2021/01/16 16:35:28 591] tts        599  0  nil  1  
[2021/01/16 16:35:28 593] tts        792  TTS_MSG_GETAUDIO  0  
[2021/01/16 16:35:28 593] tts        557  get audio|use local  
[2021/01/16 16:35:28 593] tts        599  0  nil  1  
[2021/01/16 16:35:28 595] tts        792  TTS_MSG_GETAUDIO  0  
[2021/01/16 16:35:28 595] tts        557  get audio|use local  
[2021/01/16 16:35:28 595] tts        599  0  nil  1  
[2021/01/16 16:35:28 596] tts        792  TTS_MSG_GETAUDIO  0  
[2021/01/16 16:35:28 596] tts        557  get audio|use local  
[2021/01/16 16:35:28 596] tts        599  0  nil  1  
[2021/01/16 16:35:28 597] tts        792  TTS_MSG_GETAUDIO  0  
[2021/01/16 16:35:28 597] tts        557  get audio|use local  
[2021/01/16 16:35:28 597] tts        599  0  nil  1  
[2021/01/16 16:35:28 597] tts        792  TTS_MSG_GETAUDIO  0  
[2021/01/16 16:35:28 597] tts        557  get audio|use local  
[2021/01/16 16:35:28 597] tts        599  0  nil  1  
[2021/01/16 16:35:28 597] tts        792  TTS_MSG_GETAUDIO  0  
[2021/01/16 16:35:28 597] tts        557  get audio|use local  
[2021/01/16 16:35:28 597] tts        599  0  nil  1  
[2021/01/16 16:35:28 598] tts        792  TTS_MSG_GETAUDIO  0  
[2021/01/16 16:35:28 598] tts        557  get audio|use local  
[2021/01/16 16:35:28 598] tts        599  0  nil  1  
[2021/01/16 16:35:28 598] tts        792  TTS_MSG_GETAUDIO  0  
[2021/01/16 16:35:28 598] tts        557  get audio|use local  
[2021/01/16 16:35:28 598] tts        599  0  nil  1  
[2021/01/16 16:35:28 598] tts        792  TTS_MSG_GETAUDIO  0  
[2021/01/16 16:35:28 599] tts        557  get audio|use local  
[2021/01/16 16:35:28 599] tts        599  0  nil  1  
[2021/01/16 16:35:28 599] tts        792  TTS_MSG_GETAUDIO  0  
[2021/01/16 16:35:28 599] tts        557  get audio|use local  
[2021/01/16 16:35:28 599] tts        599  0  nil  1  
[2021/01/16 16:35:28 599] tts        792  TTS_MSG_GETAUDIO  0  
[2021/01/16 16:35:28 599] tts        557  get audio|use local  
[2021/01/16 16:35:28 600] tts        599  0  nil  1  
[2021/01/16 16:35:28 600] tts        792  TTS_MSG_GETAUDIO  0  
[2021/01/16 16:35:28 600] tts        557  get audio|use local  
[2021/01/16 16:35:28 600] tts        599  0  nil  1  
[2021/01/16 16:35:28 600] tts        792  TTS_MSG_GETAUDIO  0  
[2021/01/16 16:35:28 600] tts        557  get audio|use local  
[2021/01/16 16:35:28 601] tts        599  0  nil  1  
[2021/01/16 16:35:28 601] tts        792  TTS_MSG_GETAUDIO  0  
[2021/01/16 16:35:28 601] tts        557  get audio|use local  
[2021/01/16 16:35:28 601] tts        599  0  nil  1  
[2021/01/16 16:35:28 602] tts        792  TTS_MSG_GETAUDIO  0  
[2021/01/16 16:35:28 602] tts        557  get audio|use local  
[2021/01/16 16:35:28 602] tts        599  0  nil  1  
[2021/01/16 16:35:28 602] tts        792  TTS_MSG_GETAUDIO  0  
[2021/01/16 16:35:28 602] tts        557  get audio|use local  
[2021/01/16 16:35:28 602] tts        599  0  nil  1  
[2021/01/16 16:35:28 602] tts        792  TTS_MSG_GETAUDIO  0  
[2021/01/16 16:35:28 602] tts        557  get audio|use local  
[2021/01/16 16:35:28 602] tts        599  0  nil  1  
[2021/01/16 16:35:28 603] tts        792  TTS_MSG_GETAUDIO  0  
[2021/01/16 16:35:28 603] tts        557  get audio|use local  
[2021/01/16 16:35:28 603] tts        599  0  nil  1  
[2021/01/16 16:35:28 603] tts        792  TTS_MSG_GETAUDIO  0  
[2021/01/16 16:35:28 603] tts        557  get audio|use local  
[2021/01/16 16:35:28 603] tts        599  0  nil  1  
[2021/01/16 16:35:28 603] tts        792  TTS_MSG_GETAUDIO  0  
[2021/01/16 16:35:28 603] tts        557  get audio|use local  
[2021/01/16 16:35:28 603] tts        599  0  nil  1  
[2021/01/16 16:35:28 604] tts        792  TTS_MSG_GETAUDIO  0  
[2021/01/16 16:35:28 604] tts        557  get audio|use local  
[2021/01/16 16:35:28 604] tts        599  0  nil  1  
[2021/01/16 16:35:28 604] tts        792  TTS_MSG_GETAUDIO  0  
[2021/01/16 16:35:28 604] tts        557  get audio|use local  
[2021/01/16 16:35:28 604] tts        599  0  nil  1  
[2021/01/16 16:35:28 605] tts        792  TTS_MSG_GETAUDIO  0  
[2021/01/16 16:35:28 605] tts        557  get audio|use local  
[2021/01/16 16:35:28 605] tts        599  0  nil  1  
[2021/01/16 16:35:28 605] tts        792  TTS_MSG_GETAUDIO  0  
[2021/01/16 16:35:28 605] tts        557  get audio|use local  
[2021/01/16 16:35:28 605] tts        599  0  nil  1  
[2021/01/16 16:35:28 606] tts        792  TTS_MSG_GETAUDIO  0  
[2021/01/16 16:35:28 606] tts        557  get audio|use local  
[2021/01/16 16:35:28 606] tts        599  0  nil  1  
[2021/01/16 16:35:28 606] tts        792  TTS_MSG_GETAUDIO  0  
[2021/01/16 16:35:28 607] tts        557  get audio|use local  
[2021/01/16 16:35:28 607] tts        599  0  nil  1  
[2021/01/16 16:35:28 607] tts        792  TTS_MSG_GETAUDIO  0  
[2021/01/16 16:35:28 607] tts        557  get audio|use local  
[2021/01/16 16:35:28 607] tts        599  0  nil  1  
[2021/01/16 16:35:28 608] tts        792  TTS_MSG_GETAUDIO  0  
[2021/01/16 16:35:28 608] tts        557  get audio|use local  
[2021/01/16 16:35:28 608] tts        599  0  nil  1  
[2021/01/16 16:35:28 609] tts        792  TTS_MSG_GETAUDIO  0  
[2021/01/16 16:35:28 609] tts        557  get audio|use local  
[2021/01/16 16:35:28 609] tts        599  0  nil  1  
[2021/01/16 16:35:28 609] tts        792  TTS_MSG_GETAUDIO  0  
[2021/01/16 16:35:28 609] tts        557  get audio|use local  
[2021/01/16 16:35:28 609] tts        599  0  nil  1  
[2021/01/16 16:35:28 609] tts        792  TTS_MSG_GETAUDIO  0  
[2021/01/16 16:35:28 609] tts        557  get audio|use local  
[2021/01/16 16:35:28 609] tts        599  0  nil  1  
[2021/01/16 16:35:28 609] tts        792  TTS_MSG_GETAUDIO  0  
[2021/01/16 16:35:28 609] tts        557  get audio|use local  
[2021/01/16 16:35:28 610] tts        599  0  nil  1  
[2021/01/16 16:35:28 610] tts        792  TTS_MSG_GETAUDIO  0  
[2021/01/16 16:35:28 610] tts        557  get audio|use local  
[2021/01/16 16:35:28 610] tts        599  0  nil  1  
[2021/01/16 16:35:28 610] tts        792  TTS_MSG_GETAUDIO  0  
[2021/01/16 16:35:28 610] tts        557  get audio|use local  
[2021/01/16 16:35:28 610] tts        599  0  nil  1  
[2021/01/16 16:35:28 610] tts        792  TTS_MSG_GETAUDIO  0  
[2021/01/16 16:35:28 610] tts        557  get audio|use local  
[2021/01/16 16:35:28 610] tts        599  0  nil  1  
[2021/01/16 16:35:28 611] tts        792  TTS_MSG_GETAUDIO  0  
[2021/01/16 16:35:28 611] tts        557  get audio|use local  
[2021/01/16 16:35:28 611] tts        599  0  nil  1  
[2021/01/16 16:35:28 611] tts        792  TTS_MSG_GETAUDIO  0  
[2021/01/16 16:35:28 611] tts        557  get audio|use local  
[2021/01/16 16:35:28 611] tts        599  0  nil  1  
[2021/01/16 16:35:28 611] tts        792  TTS_MSG_GETAUDIO  0  
[2021/01/16 16:35:28 611] tts        557  get audio|use local  
[2021/01/16 16:35:28 611] tts        599  0  nil  1  
[2021/01/16 16:35:28 612] tts        792  TTS_MSG_GETAUDIO  0  
[2021/01/16 16:35:28 612] tts        557  get audio|use local  
[2021/01/16 16:35:28 612] tts        599  0  nil  1  
[2021/01/16 16:35:28 612] tts        792  TTS_MSG_GETAUDIO  0  
[2021/01/16 16:35:28 612] tts        557  get audio|use local  
[2021/01/16 16:35:28 612] tts        599  0  nil  1  
[2021/01/16 16:35:28 612] tts        792  TTS_MSG_GETAUDIO  0  
[2021/01/16 16:35:28 612] tts        557  get audio|use local  
[2021/01/16 16:35:28 612] tts        599  0  nil  1  
[2021/01/16 16:35:28 612] tts        792  TTS_MSG_GETAUDIO  0  
[2021/01/16 16:35:28 612] tts        557  get audio|use local  
[2021/01/16 16:35:28 612] tts        599  0  nil  1  
[2021/01/16 16:35:28 612] tts        792  TTS_MSG_GETAUDIO  0  
[2021/01/16 16:35:28 613] tts        557  get audio|use local  
[2021/01/16 16:35:28 613] tts        599  0  nil  1  
[2021/01/16 16:35:28 613] tts        792  TTS_MSG_GETAUDIO  0  
[2021/01/16 16:35:28 613] tts        557  get audio|use local  
[2021/01/16 16:35:28 613] tts        599  0  nil  1  
[2021/01/16 16:35:28 613] tts        792  TTS_MSG_GETAUDIO  0  
[2021/01/16 16:35:28 613] tts        557  get audio|use local  
[2021/01/16 16:35:28 613] tts        599  0  nil  1  
[2021/01/16 16:35:28 613] tts        792  TTS_MSG_GETAUDIO  0  
[2021/01/16 16:35:28 613] tts        557  get audio|use local  
[2021/01/16 16:35:28 613] tts        599  0  nil  1  
[2021/01/16 16:35:28 614] tts        792  TTS_MSG_GETAUDIO  0  
[2021/01/16 16:35:28 614] tts        557  get audio|use local  
[2021/01/16 16:35:28 614] tts        599  0  nil  1  
[2021/01/16 16:35:28 614] tts        792  TTS_MSG_GETAUDIO  0  
[2021/01/16 16:35:28 614] tts        557  get audio|use local  
[2021/01/16 16:35:28 614] tts        599  0  nil  1  
[2021/01/16 16:35:28 614] tts        792  TTS_MSG_GETAUDIO  0  
[2021/01/16 16:35:28 614] tts        557  get audio|use local  
[2021/01/16 16:35:28 614] tts        599  0  nil  1  
[2021/01/16 16:35:28 614] tts        792  TTS_MSG_GETAUDIO  0  
[2021/01/16 16:35:28 614] tts        557  get audio|use local  
[2021/01/16 16:35:28 614] tts        599  0  nil  1  
[2021/01/16 16:35:28 615] tts        792  TTS_MSG_GETAUDIO  0  
[2021/01/16 16:35:28 615] tts        557  get audio|use local  
[2021/01/16 16:35:28 615] tts        599  0  nil  1  
[2021/01/16 16:35:28 615] tts        792  TTS_MSG_GETAUDIO  0  
[2021/01/16 16:35:28 615] tts        557  get audio|use local  
[2021/01/16 16:35:28 615] tts        599  0  nil  1  
[2021/01/16 16:35:28 615] tts        792  TTS_MSG_GETAUDIO  0  
[2021/01/16 16:35:28 615] tts        557  get audio|use local  
[2021/01/16 16:35:28 615] tts        599  0  nil  1  
[2021/01/16 16:35:28 616] tts        792  TTS_MSG_GETAUDIO  0  
[2021/01/16 16:35:28 616] tts        557  get audio|use local  
[2021/01/16 16:35:28 616] tts        599  0  nil  1  
[2021/01/16 16:35:28 616] tts        792  TTS_MSG_GETAUDIO  0  
[2021/01/16 16:35:28 616] tts        557  get audio|use local  
[2021/01/16 16:35:28 616] tts        599  0  nil  1  
[2021/01/16 16:35:28 616] tts        792  TTS_MSG_GETAUDIO  0  
[2021/01/16 16:35:28 616] tts        557  get audio|use local  
[2021/01/16 16:35:28 616] tts        599  0  nil  1  
[2021/01/16 16:35:28 616] tts        792  TTS_MSG_GETAUDIO  0  
[2021/01/16 16:35:28 616] tts        557  get audio|use local  
[2021/01/16 16:35:28 616] tts        599  0  nil  1  
[2021/01/16 16:35:28 616] tts        792  TTS_MSG_GETAUDIO  0  
[2021/01/16 16:35:28 617] tts        557  get audio|use local  
[2021/01/16 16:35:28 617] tts        599  0  nil  1  
[2021/01/16 16:35:28 617] tts        792  TTS_MSG_GETAUDIO  0  
[2021/01/16 16:35:28 617] tts        557  get audio|use local  
[2021/01/16 16:35:28 617] tts        599  0  nil  1  
[2021/01/16 16:35:28 617] tts        792  TTS_MSG_GETAUDIO  0  
[2021/01/16 16:35:28 617] tts        557  get audio|use local  
[2021/01/16 16:35:28 617] tts        599  0  nil  1  
[2021/01/16 16:35:28 617] tts        792  TTS_MSG_GETAUDIO  0  
[2021/01/16 16:35:28 617] tts        557  get audio|use local  
[2021/01/16 16:35:28 617] tts        599  0  nil  1  
[2021/01/16 16:35:28 617] tts        792  TTS_MSG_GETAUDIO  0  
[2021/01/16 16:35:28 617] tts        557  get audio|use local  
[2021/01/16 16:35:28 617] tts        599  0  nil  1  
[2021/01/16 16:35:28 618] tts        792  TTS_MSG_GETAUDIO  0  
[2021/01/16 16:35:28 618] tts        557  get audio|use local  
[2021/01/16 16:35:28 618] tts        599  0  nil  1  
[2021/01/16 16:35:28 618] tts        792  TTS_MSG_GETAUDIO  0  
[2021/01/16 16:35:28 618] tts        557  get audio|use local  
[2021/01/16 16:35:28 618] tts        599  0  nil  1  
[2021/01/16 16:35:28 618] tts        792  TTS_MSG_GETAUDIO  0  
[2021/01/16 16:35:28 618] tts        557  get audio|use local  
[2021/01/16 16:35:28 618] tts        599  0  nil  1  
[2021/01/16 16:35:28 618] tts        792  TTS_MSG_GETAUDIO  0  
[2021/01/16 16:35:28 618] tts        557  get audio|use local  
[2021/01/16 16:35:28 618] tts        599  0  nil  1  
[2021/01/16 16:35:28 619] tts        792  TTS_MSG_GETAUDIO  0  
[2021/01/16 16:35:28 619] tts        557  get audio|use local  
[2021/01/16 16:35:28 619] tts        599  0  nil  1  
[2021/01/16 16:35:28 619] tts        792  TTS_MSG_GETAUDIO  0  
[2021/01/16 16:35:28 619] tts        557  get audio|use local  
[2021/01/16 16:35:28 619] tts        599  0  nil  1  
[2021/01/16 16:35:28 619] tts        792  TTS_MSG_GETAUDIO  0  
[2021/01/16 16:35:28 620] tts        557  get audio|use local  
[2021/01/16 16:35:28 620] tts        599  0  nil  1  
[2021/01/16 16:35:28 620] tts        792  TTS_MSG_GETAUDIO  0  
[2021/01/16 16:35:28 620] tts        557  get audio|use local  
[2021/01/16 16:35:28 620] tts        599  0  nil  1  
[2021/01/16 16:35:28 620] tts        792  TTS_MSG_GETAUDIO  0  
[2021/01/16 16:35:28 620] tts        557  get audio|use local  
[2021/01/16 16:35:28 620] tts        599  0  nil  1  
[2021/01/16 16:35:28 620] tts        792  TTS_MSG_GETAUDIO  0  
[2021/01/16 16:35:28 620] tts        557  get audio|use local  
[2021/01/16 16:35:28 620] tts        599  0  nil  1  
[2021/01/16 16:35:28 621] tts        792  TTS_MSG_GETAUDIO  0  
[2021/01/16 16:35:28 621] tts        557  get audio|use local  
[2021/01/16 16:35:28 621] tts        599  0  nil  1  
[2021/01/16 16:35:28 622] tts        792  TTS_MSG_GETAUDIO  0  
[2021/01/16 16:35:28 622] tts        557  get audio|use local  
[2021/01/16 16:35:28 622] tts        599  0  nil  1  
[2021/01/16 16:35:28 622] tts        792  TTS_MSG_GETAUDIO  0  
[2021/01/16 16:35:28 622] tts        557  get audio|use local  
[2021/01/16 16:35:28 622] tts        599  0  nil  1  
[2021/01/16 16:35:28 622] tts        792  TTS_MSG_GETAUDIO  0  
[2021/01/16 16:35:28 622] tts        557  get audio|use local  
[2021/01/16 16:35:28 622] tts        599  0  nil  1  
[2021/01/16 16:35:28 622] tts        792  TTS_MSG_GETAUDIO  0  
[2021/01/16 16:35:28 622] tts        557  get audio|use local  
[2021/01/16 16:35:28 622] tts        599  0  nil  1  
[2021/01/16 16:35:28 623] tts        792  TTS_MSG_GETAUDIO  0  
[2021/01/16 16:35:28 623] tts        557  get audio|use local  
[2021/01/16 16:35:28 623] tts        599  0  nil  1  
[2021/01/16 16:35:28 623] tts        792  TTS_MSG_GETAUDIO  0  
[2021/01/16 16:35:28 623] tts        557  get audio|use local  
[2021/01/16 16:35:28 623] tts        599  0  nil  1  
[2021/01/16 16:35:28 623] tts        792  TTS_MSG_GETAUDIO  0  
[2021/01/16 16:35:28 623] tts        557  get audio|use local  
[2021/01/16 16:35:28 623] tts        599  0  nil  1  
[2021/01/16 16:35:28 623] tts        792  TTS_MSG_GETAUDIO  0  
[2021/01/16 16:35:28 623] tts        557  get audio|use local  
[2021/01/16 16:35:28 623] tts        599  0  nil  1  
[2021/01/16 16:35:28 624] tts        792  TTS_MSG_GETAUDIO  0  
[2021/01/16 16:35:28 624] tts        557  get audio|use local  
[2021/01/16 16:35:28 624] tts        599  0  nil  1  
[2021/01/16 16:35:28 624] tts        792  TTS_MSG_GETAUDIO  0  
[2021/01/16 16:35:28 624] tts        557  get audio|use local  
[2021/01/16 16:35:28 624] tts        599  0  nil  1  
[2021/01/16 16:35:28 624] tts        792  TTS_MSG_GETAUDIO  0  
[2021/01/16 16:35:28 624] tts        557  get audio|use local  
[2021/01/16 16:35:28 624] tts        599  0  nil  1  
[2021/01/16 16:35:28 624] tts        792  TTS_MSG_GETAUDIO  0  
[2021/01/16 16:35:28 624] tts        557  get audio|use local  
[2021/01/16 16:35:28 624] tts        599  0  nil  1  
[2021/01/16 16:35:28 625] tts        792  TTS_MSG_GETAUDIO  0  
[2021/01/16 16:35:28 625] tts        557  get audio|use local  
[2021/01/16 16:35:28 625] tts        599  0  nil  1  
[2021/01/16 16:35:28 625] tts        792  TTS_MSG_GETAUDIO  0  
[2021/01/16 16:35:28 625] tts        557  get audio|use local  
[2021/01/16 16:35:28 625] tts        599  0  nil  1  
[2021/01/16 16:35:28 625] tts        792  TTS_MSG_GETAUDIO  0  
[2021/01/16 16:35:28 625] tts        557  get audio|use local  
[2021/01/16 16:35:28 625] tts        599  0  nil  1  
[2021/01/16 16:35:28 625] tts        792  TTS_MSG_GETAUDIO  0  
[2021/01/16 16:35:28 625] tts        557  get audio|use local  
[2021/01/16 16:35:28 625] tts        599  0  nil  1  
[2021/01/16 16:35:28 626] tts        792  TTS_MSG_GETAUDIO  0  
[2021/01/16 16:35:28 626] tts        557  get audio|use local  
[2021/01/16 16:35:28 626] tts        599  0  nil  1  
[2021/01/16 16:35:28 626] tts        792  TTS_MSG_GETAUDIO  0  
[2021/01/16 16:35:28 626] tts        557  get audio|use local  
[2021/01/16 16:35:28 626] tts        599  0  nil  1  
[2021/01/16 16:35:28 626] tts        792  TTS_MSG_GETAUDIO  0  
[2021/01/16 16:35:28 626] tts        557  get audio|use local  
[2021/01/16 16:35:28 626] tts        599  0  nil  1  
[2021/01/16 16:35:28 626] tts        792  TTS_MSG_GETAUDIO  0  
[2021/01/16 16:35:28 626] tts        557  get audio|use local  
[2021/01/16 16:35:28 626] tts        599  0  nil  1  
[2021/01/16 16:35:28 627] tts        792  TTS_MSG_GETAUDIO  0  
[2021/01/16 16:35:28 627] tts        557  get audio|use local  
[2021/01/16 16:35:28 627] tts        599  0  nil  1  
[2021/01/16 16:35:28 627] tts        792  TTS_MSG_GETAUDIO  0  
[2021/01/16 16:35:28 627] tts        557  get audio|use local  
[2021/01/16 16:35:28 627] tts        599  0  nil  1  
[2021/01/16 16:35:28 627] tts        792  TTS_MSG_GETAUDIO  0  
[2021/01/16 16:35:28 627] tts        557  get audio|use local  
[2021/01/16 16:35:28 627] tts        599  0  nil  1  
[2021/01/16 16:35:28 627] tts        792  TTS_MSG_GETAUDIO  0  
[2021/01/16 16:35:28 627] tts        557  get audio|use local  
[2021/01/16 16:35:28 627] tts        599  0  nil  1  
[2021/01/16 16:35:28 628] tts        792  TTS_MSG_GETAUDIO  0  
[2021/01/16 16:35:28 628] tts        557  get audio|use local  
[2021/01/16 16:35:28 628] tts        599  0  nil  1  
[2021/01/16 16:35:28 628] tts        792  TTS_MSG_GETAUDIO  0  
[2021/01/16 16:35:28 628] tts        557  get audio|use local  
[2021/01/16 16:35:28 628] tts        599  0  nil  1  
[2021/01/16 16:35:28 628] tts        792  TTS_MSG_GETAUDIO  0  
[2021/01/16 16:35:28 628] tts        557  get audio|use local  
[2021/01/16 16:35:28 628] tts        599  0  nil  1  
[2021/01/16 16:35:28 628] tts        792  TTS_MSG_GETAUDIO  0  
[2021/01/16 16:35:28 628] tts        557  get audio|use local  
[2021/01/16 16:35:28 628] tts        599  0  nil  1  
[2021/01/16 16:35:28 629] tts        792  TTS_MSG_GETAUDIO  0  
[2021/01/16 16:35:28 629] tts        557  get audio|use local  
[2021/01/16 16:35:28 629] tts        599  0  nil  1  
[2021/01/16 16:35:28 629] tts        792  TTS_MSG_GETAUDIO  0  
[2021/01/16 16:35:28 629] tts        557  get audio|use local  
[2021/01/16 16:35:28 629] tts        599  0  nil  1  
[2021/01/16 16:35:28 629] tts        792  TTS_MSG_GETAUDIO  0  
[2021/01/16 16:35:28 629] tts        557  get audio|use local  
[2021/01/16 16:35:28 629] tts        599  0  nil  1  
[2021/01/16 16:35:28 629] tts        792  TTS_MSG_GETAUDIO  0  
[2021/01/16 16:35:28 629] tts        557  get audio|use local  
[2021/01/16 16:35:28 629] tts        599  0  nil  1  
[2021/01/16 16:35:28 630] tts        792  TTS_MSG_GETAUDIO  0  
[2021/01/16 16:35:28 630] tts        557  get audio|use local  
[2021/01/16 16:35:28 630] tts        599  0  nil  1  
[2021/01/16 16:35:28 630] tts        792  TTS_MSG_GETAUDIO  0  
[2021/01/16 16:35:28 630] tts        557  get audio|use local  
[2021/01/16 16:35:28 630] tts        599  0  nil  1  
[2021/01/16 16:35:28 630] tts        792  TTS_MSG_GETAUDIO  0  
[2021/01/16 16:35:28 630] tts        557  get audio|use local  
[2021/01/16 16:35:28 630] tts        599  0  nil  1  
[2021/01/16 16:35:28 631] tts        792  TTS_MSG_GETAUDIO  0  
[2021/01/16 16:35:28 631] tts        557  get audio|use local  
[2021/01/16 16:35:28 631] tts        599  0  nil  1  
[2021/01/16 16:35:28 631] tts        792  TTS_MSG_GETAUDIO  0  
[2021/01/16 16:35:28 631] tts        557  get audio|use local  
[2021/01/16 16:35:28 631] tts        599  0  nil  1  
[2021/01/16 16:35:28 631] tts        792  TTS_MSG_GETAUDIO  0  
[2021/01/16 16:35:28 631] tts        557  get audio|use local  
[2021/01/16 16:35:28 631] tts        599  0  nil  1  
[2021/01/16 16:35:28 631] tts        792  TTS_MSG_GETAUDIO  0  
[2021/01/16 16:35:28 631] tts        557  get audio|use local  
[2021/01/16 16:35:28 631] tts        599  0  nil  1  
[2021/01/16 16:35:28 631] tts        792  TTS_MSG_GETAUDIO  0  
[2021/01/16 16:35:28 631] tts        557  get audio|use local  
[2021/01/16 16:35:28 632] tts        599  0  nil  1  
[2021/01/16 16:35:28 632] tts        792  TTS_MSG_GETAUDIO  0  
[2021/01/16 16:35:28 632] tts        557  get audio|use local  
[2021/01/16 16:35:28 632] tts        599  0  nil  1  
[2021/01/16 16:35:28 632] tts        792  TTS_MSG_GETAUDIO  0  
[2021/01/16 16:35:28 632] tts        557  get audio|use local  
[2021/01/16 16:35:28 632] tts        599  0  nil  1  
[2021/01/16 16:35:28 632] tts        792  TTS_MSG_GETAUDIO  0  
[2021/01/16 16:35:28 632] tts        557  get audio|use local  
[2021/01/16 16:35:28 632] tts        599  0  nil  1  
[2021/01/16 16:35:28 632] tts        792  TTS_MSG_GETAUDIO  0  
[2021/01/16 16:35:28 632] tts        557  get audio|use local  
[2021/01/16 16:35:28 632] tts        599  0  nil  1  
[2021/01/16 16:35:28 633] tts        792  TTS_MSG_GETAUDIO  0  
[2021/01/16 16:35:28 633] tts        557  get audio|use local  
[2021/01/16 16:35:28 633] tts        599  0  nil  1  
[2021/01/16 16:35:28 633] tts        792  TTS_MSG_GETAUDIO  0  
[2021/01/16 16:35:28 633] tts        557  get audio|use local  
[2021/01/16 16:35:28 633] tts        599  0  nil  1  
[2021/01/16 16:35:28 633] tts        792  TTS_MSG_GETAUDIO  0  
[2021/01/16 16:35:28 633] tts        557  get audio|use local  
[2021/01/16 16:35:28 633] tts        599  0  nil  1  
[2021/01/16 16:35:28 633] tts        792  TTS_MSG_GETAUDIO  0  
[2021/01/16 16:35:28 633] tts        557  get audio|use local  
[2021/01/16 16:35:28 633] tts        599  0  nil  1  
[2021/01/16 16:35:28 634] tts        792  TTS_MSG_GETAUDIO  0  
[2021/01/16 16:35:28 634] tts        557  get audio|use local  
[2021/01/16 16:35:28 634] tts        599  0  nil  1  
[2021/01/16 16:35:28 634] tts        792  TTS_MSG_GETAUDIO  0  
[2021/01/16 16:35:28 634] tts        557  get audio|use local  
[2021/01/16 16:35:28 634] tts        599  0  nil  1  
[2021/01/16 16:35:28 634] tts        792  TTS_MSG_GETAUDIO  0  
[2021/01/16 16:35:28 634] tts        557  get audio|use local  
[2021/01/16 16:35:28 634] tts        599  0  nil  1  
[2021/01/16 16:35:28 634] tts        792  TTS_MSG_GETAUDIO  0  
[2021/01/16 16:35:28 634] tts        557  get audio|use local  
[2021/01/16 16:35:28 635] tts        599  0  nil  1  
[2021/01/16 16:35:28 635] tts        792  TTS_MSG_GETAUDIO  0  
[2021/01/16 16:35:28 635] tts        557  get audio|use local  
[2021/01/16 16:35:28 635] tts        599  0  nil  1  
[2021/01/16 16:35:28 635] tts        792  TTS_MSG_GETAUDIO  0  
[2021/01/16 16:35:28 635] tts        557  get audio|use local  
[2021/01/16 16:35:28 635] tts        599  0  nil  1  
[2021/01/16 16:35:28 635] tts        792  TTS_MSG_GETAUDIO  0  
[2021/01/16 16:35:28 635] tts        557  get audio|use local  
[2021/01/16 16:35:28 635] tts        599  0  nil  1  
[2021/01/16 16:35:28 635] tts        792  TTS_MSG_GETAUDIO  0  
[2021/01/16 16:35:28 635] tts        557  get audio|use local  
[2021/01/16 16:35:28 635] tts        599  0  nil  1  
[2021/01/16 16:35:28 636] tts        792  TTS_MSG_GETAUDIO  0  
[2021/01/16 16:35:28 636] tts        557  get audio|use local  
[2021/01/16 16:35:28 636] tts        599  0  nil  1  
[2021/01/16 16:35:28 636] tts        792  TTS_MSG_GETAUDIO  0  
[2021/01/16 16:35:28 636] tts        557  get audio|use local  
[2021/01/16 16:35:28 636] tts        599  0  nil  1  
[2021/01/16 16:35:28 636] tts        792  TTS_MSG_GETAUDIO  0  
[2021/01/16 16:35:28 636] tts        557  get audio|use local  
[2021/01/16 16:35:28 636] tts        599  0  nil  1  
[2021/01/16 16:35:28 636] tts        792  TTS_MSG_GETAUDIO  0  
[2021/01/16 16:35:28 636] tts        557  get audio|use local  
[2021/01/16 16:35:28 636] tts        599  0  nil  1  
[2021/01/16 16:35:28 637] tts        792  TTS_MSG_GETAUDIO  0  
[2021/01/16 16:35:28 637] tts        557  get audio|use local  
[2021/01/16 16:35:28 637] tts        599  0  nil  1  
[2021/01/16 16:35:28 637] tts        792  TTS_MSG_GETAUDIO  0  
[2021/01/16 16:35:28 637] tts        557  get audio|use local  
[2021/01/16 16:35:28 637] tts        599  0  nil  1  
[2021/01/16 16:35:28 637] tts        792  TTS_MSG_GETAUDIO  0  
[2021/01/16 16:35:28 637] tts        557  get audio|use local  
[2021/01/16 16:35:28 637] tts        599  0  nil  1  
[2021/01/16 16:35:28 637] tts        792  TTS_MSG_GETAUDIO  0  
[2021/01/16 16:35:28 637] tts        557  get audio|use local  
[2021/01/16 16:35:28 637] tts        599  0  nil  1  
[2021/01/16 16:35:28 638] tts        792  TTS_MSG_GETAUDIO  0  
[2021/01/16 16:35:28 638] tts        557  get audio|use local  
[2021/01/16 16:35:28 638] tts        599  0  nil  1  
[2021/01/16 16:35:28 638] tts        792  TTS_MSG_GETAUDIO  0  
[2021/01/16 16:35:28 638] tts        557  get audio|use local  
[2021/01/16 16:35:28 638] tts        599  0  nil  1  
[2021/01/16 16:35:28 638] tts        792  TTS_MSG_GETAUDIO  0  
[2021/01/16 16:35:28 638] tts        557  get audio|use local  
[2021/01/16 16:35:28 638] tts        599  0  nil  1  
[2021/01/16 16:35:28 638] tts        792  TTS_MSG_GETAUDIO  0  
[2021/01/16 16:35:28 638] tts        557  get audio|use local  
[2021/01/16 16:35:28 638] tts        599  0  nil  1  
[2021/01/16 16:35:28 639] tts        792  TTS_MSG_GETAUDIO  0  
[2021/01/16 16:35:28 639] tts        557  get audio|use local  
[2021/01/16 16:35:28 639] tts        599  0  nil  1  
[2021/01/16 16:35:28 639] tts        792  TTS_MSG_GETAUDIO  0  
[2021/01/16 16:35:28 639] tts        557  get audio|use local  
[2021/01/16 16:35:28 639] tts        599  0  nil  1  
[2021/01/16 16:35:28 639] tts        792  TTS_MSG_GETAUDIO  0  
[2021/01/16 16:35:28 639] tts        557  get audio|use local  
[2021/01/16 16:35:28 639] tts        599  0  nil  1  
[2021/01/16 16:35:28 639] tts        792  TTS_MSG_GETAUDIO  0  
[2021/01/16 16:35:28 639] tts        557  get audio|use local  
[2021/01/16 16:35:28 639] tts        599  0  nil  1  
[2021/01/16 16:35:28 639] tts        792  TTS_MSG_GETAUDIO  0  
[2021/01/16 16:35:28 640] tts        557  get audio|use local  
[2021/01/16 16:35:28 640] tts        599  0  nil  1  
[2021/01/16 16:35:28 640] tts        792  TTS_MSG_GETAUDIO  0  
[2021/01/16 16:35:28 640] tts        557  get audio|use local  
[2021/01/16 16:35:28 640] tts        599  0  nil  1  
[2021/01/16 16:35:28 640] tts        792  TTS_MSG_GETAUDIO  0  
[2021/01/16 16:35:28 640] tts        557  get audio|use local  
[2021/01/16 16:35:28 640] tts        599  0  nil  1  
[2021/01/16 16:35:28 640] tts        792  TTS_MSG_GETAUDIO  0  
[2021/01/16 16:35:28 640] tts        557  get audio|use local  
[2021/01/16 16:35:28 640] tts        599  0  nil  1  
[2021/01/16 16:35:28 640] tts        792  TTS_MSG_GETAUDIO  0  
[2021/01/16 16:35:28 640] tts        557  get audio|use local  
[2021/01/16 16:35:28 640] tts        599  0  nil  1  
[2021/01/16 16:35:28 641] tts        792  TTS_MSG_GETAUDIO  0  
[2021/01/16 16:35:28 641] tts        557  get audio|use local  
[2021/01/16 16:35:28 641] tts        599  0  nil  1  
[2021/01/16 16:35:28 641] tts        792  TTS_MSG_GETAUDIO  0  
[2021/01/16 16:35:28 641] tts        557  get audio|use local  
[2021/01/16 16:35:28 641] tts        599  0  nil  1  
[2021/01/16 16:35:28 641] tts        792  TTS_MSG_GETAUDIO  0  
[2021/01/16 16:35:28 641] tts        557  get audio|use local  
[2021/01/16 16:35:28 641] tts        599  0  nil  1  
[2021/01/16 16:35:28 641] tts        792  TTS_MSG_GETAUDIO  0  
[2021/01/16 16:35:28 641] tts        557  get audio|use local  
[2021/01/16 16:35:28 641] tts        599  0  nil  1  
[2021/01/16 16:35:28 641] tts        792  TTS_MSG_GETAUDIO  0  
[2021/01/16 16:35:28 641] tts        557  get audio|use local  
[2021/01/16 16:35:28 641] tts        599  0  nil  1  
[2021/01/16 16:35:28 642] tts        792  TTS_MSG_GETAUDIO  0  
[2021/01/16 16:35:28 642] tts        557  get audio|use local  
[2021/01/16 16:35:28 642] tts        599  0  nil  1  
[2021/01/16 16:35:28 642] tts        792  TTS_MSG_GETAUDIO  0  
[2021/01/16 16:35:28 642] tts        557  get audio|use local  
[2021/01/16 16:35:28 642] tts        599  0  nil  1  
[2021/01/16 16:35:28 642] tts        792  TTS_MSG_GETAUDIO  0  
[2021/01/16 16:35:28 642] tts        557  get audio|use local  
[2021/01/16 16:35:28 642] tts        599  0  nil  1  
[2021/01/16 16:35:28 642] tts        792  TTS_MSG_GETAUDIO  0  
[2021/01/16 16:35:28 642] tts        557  get audio|use local  
[2021/01/16 16:35:28 642] tts        599  0  nil  1  
[2021/01/16 16:35:28 642] tts        792  TTS_MSG_GETAUDIO  0  
[2021/01/16 16:35:28 642] tts        557  get audio|use local  
[2021/01/16 16:35:28 642] tts        599  0  nil  1  
[2021/01/16 16:35:28 643] tts        792  TTS_MSG_GETAUDIO  0  
[2021/01/16 16:35:28 643] tts        557  get audio|use local  
[2021/01/16 16:35:28 643] tts        599  0  nil  1  
[2021/01/16 16:35:28 643] tts        792  TTS_MSG_GETAUDIO  0  
[2021/01/16 16:35:28 643] tts        557  get audio|use local  
[2021/01/16 16:35:28 643] tts        599  0  nil  1  
[2021/01/16 16:35:28 643] tts        792  TTS_MSG_GETAUDIO  0  
[2021/01/16 16:35:28 643] tts        557  get audio|use local  
[2021/01/16 16:35:28 643] tts        599  0  nil  1  
[2021/01/16 16:35:28 643] tts        792  TTS_MSG_GETAUDIO  0  
[2021/01/16 16:35:28 643] tts        557  get audio|use local  
[2021/01/16 16:35:28 643] tts        599  0  nil  1  
[2021/01/16 16:35:28 643] tts        792  TTS_MSG_GETAUDIO  0  
[2021/01/16 16:35:28 643] tts        557  get audio|use local  
[2021/01/16 16:35:28 643] tts        599  0  nil  1  
[2021/01/16 16:35:28 644] tts        792  TTS_MSG_GETAUDIO  0  
[2021/01/16 16:35:28 644] tts        557  get audio|use local  
[2021/01/16 16:35:28 644] tts        599  0  nil  1  
[2021/01/16 16:35:28 644] tts        792  TTS_MSG_GETAUDIO  0  
[2021/01/16 16:35:28 644] tts        557  get audio|use local  
[2021/01/16 16:35:28 644] tts        599  0  nil  1  
[2021/01/16 16:35:28 644] tts        792  TTS_MSG_GETAUDIO  0  
[2021/01/16 16:35:28 644] tts        557  get audio|use local  
[2021/01/16 16:35:28 644] tts        599  0  nil  1  
[2021/01/16 16:35:28 644] tts        792  TTS_MSG_GETAUDIO  0  
[2021/01/16 16:35:28 644] tts        557  get audio|use local  
[2021/01/16 16:35:28 644] tts        599  0  nil  1  
[2021/01/16 16:35:28 644] tts        792  TTS_MSG_GETAUDIO  0  
[2021/01/16 16:35:28 645] tts        557  get audio|use local  
[2021/01/16 16:35:28 645] tts        599  0  nil  1  
[2021/01/16 16:35:28 645] tts        792  TTS_MSG_GETAUDIO  0  
[2021/01/16 16:35:28 645] tts        557  get audio|use local  
[2021/01/16 16:35:28 645] tts        599  0  nil  1  
[2021/01/16 16:35:28 645] tts        792  TTS_MSG_GETAUDIO  0  
[2021/01/16 16:35:28 645] tts        557  get audio|use local  
[2021/01/16 16:35:28 645] tts        599  0  nil  1  
[2021/01/16 16:35:28 645] tts        792  TTS_MSG_GETAUDIO  0  
[2021/01/16 16:35:28 645] tts        557  get audio|use local  
[2021/01/16 16:35:28 645] tts        599  0  nil  1  
[2021/01/16 16:35:28 645] tts        792  TTS_MSG_GETAUDIO  0  
[2021/01/16 16:35:28 645] tts        557  get audio|use local  
[2021/01/16 16:35:28 645] tts        599  0  nil  1  
[2021/01/16 16:35:28 646] tts        792  TTS_MSG_GETAUDIO  0  
[2021/01/16 16:35:28 646] tts        557  get audio|use local  
[2021/01/16 16:35:28 646] tts        599  0  nil  1  
[2021/01/16 16:35:28 646] tts        792  TTS_MSG_GETAUDIO  0  
[2021/01/16 16:35:28 646] tts        557  get audio|use local  
[2021/01/16 16:35:28 646] tts        599  0  nil  1  
[2021/01/16 16:35:28 646] tts        792  TTS_MSG_GETAUDIO  0  
[2021/01/16 16:35:28 646] tts        557  get audio|use local  
[2021/01/16 16:35:28 646] tts        599  0  nil  1  
[2021/01/16 16:35:28 646] tts        792  TTS_MSG_GETAUDIO  0  
[2021/01/16 16:35:28 646] tts        557  get audio|use local  
[2021/01/16 16:35:28 646] tts        599  0  nil  1  
[2021/01/16 16:35:28 646] tts        792  TTS_MSG_GETAUDIO  0  
[2021/01/16 16:35:28 646] tts        557  get audio|use local  
[2021/01/16 16:35:28 646] tts        599  0  nil  1  
[2021/01/16 16:35:28 647] tts        792  TTS_MSG_GETAUDIO  0  
[2021/01/16 16:35:28 647] tts        557  get audio|use local  
[2021/01/16 16:35:28 647] tts        599  0  nil  1  
[2021/01/16 16:35:28 647] tts        792  TTS_MSG_GETAUDIO  0  
[2021/01/16 16:35:28 647] tts        557  get audio|use local  
[2021/01/16 16:35:28 647] tts        599  0  nil  1  
[2021/01/16 16:35:28 647] tts        792  TTS_MSG_GETAUDIO  0  
[2021/01/16 16:35:28 647] tts        557  get audio|use local  
[2021/01/16 16:35:28 647] tts        599  0  nil  1  
[2021/01/16 16:35:28 647] tts        792  TTS_MSG_GETAUDIO  0  
[2021/01/16 16:35:28 647] tts        557  get audio|use local  
[2021/01/16 16:35:28 647] tts        599  0  nil  1  
[2021/01/16 16:35:28 647] tts        792  TTS_MSG_GETAUDIO  0  
[2021/01/16 16:35:28 647] tts        557  get audio|use local  
[2021/01/16 16:35:28 647] tts        599  0  nil  1  
[2021/01/16 16:35:28 648] tts        792  TTS_MSG_GETAUDIO  0  
[2021/01/16 16:35:28 648] tts        557  get audio|use local  
[2021/01/16 16:35:28 648] tts        599  0  nil  1  
[2021/01/16 16:35:28 648] tts        792  TTS_MSG_GETAUDIO  0  
[2021/01/16 16:35:28 648] tts        557  get audio|use local  
[2021/01/16 16:35:28 648] tts        599  0  nil  1  
[2021/01/16 16:35:28 648] tts        792  TTS_MSG_GETAUDIO  0  
[2021/01/16 16:35:28 648] tts        557  get audio|use local  
[2021/01/16 16:35:28 648] tts        599  0  nil  1  
[2021/01/16 16:35:28 648] tts        792  TTS_MSG_GETAUDIO  0  
[2021/01/16 16:35:28 648] tts        557  get audio|use local  
[2021/01/16 16:35:28 648] tts        599  0  nil  1  
[2021/01/16 16:35:28 649] tts        792  TTS_MSG_GETAUDIO  0  
[2021/01/16 16:35:28 649] tts        557  get audio|use local  
[2021/01/16 16:35:28 649] tts        599  0  nil  1  
[2021/01/16 16:35:28 649] tts        792  TTS_MSG_GETAUDIO  0  
[2021/01/16 16:35:28 649] tts        557  get audio|use local  
[2021/01/16 16:35:28 649] tts        599  0  nil  1  
[2021/01/16 16:35:28 649] tts        792  TTS_MSG_GETAUDIO  0  
[2021/01/16 16:35:28 649] tts        557  get audio|use local  
[2021/01/16 16:35:28 649] tts        599  0  nil  1  
[2021/01/16 16:35:28 649] tts        792  TTS_MSG_GETAUDIO  0  
[2021/01/16 16:35:28 649] tts        557  get audio|use local  
[2021/01/16 16:35:28 649] tts        599  0  nil  1  
[2021/01/16 16:35:28 649] tts        792  TTS_MSG_GETAUDIO  0  
[2021/01/16 16:35:28 649] tts        557  get audio|use local  
[2021/01/16 16:35:28 649] tts        599  0  nil  1  
[2021/01/16 16:35:28 650] tts        792  TTS_MSG_GETAUDIO  0  
[2021/01/16 16:35:28 650] tts        557  get audio|use local  
[2021/01/16 16:35:28 650] tts        599  0  nil  1  
[2021/01/16 16:35:28 650] tts        792  TTS_MSG_GETAUDIO  0  
[2021/01/16 16:35:28 650] tts        557  get audio|use local  
[2021/01/16 16:35:28 650] tts        599  0  nil  1  
[2021/01/16 16:35:28 650] tts        792  TTS_MSG_GETAUDIO  0  
[2021/01/16 16:35:28 650] tts        557  get audio|use local  
[2021/01/16 16:35:28 650] tts        599  0  nil  1  
[2021/01/16 16:35:28 650] tts        792  TTS_MSG_GETAUDIO  0  
[2021/01/16 16:35:28 650] tts        557  get audio|use local  
[2021/01/16 16:35:28 650] tts        599  0  nil  1  
[2021/01/16 16:35:28 651] tts        792  TTS_MSG_GETAUDIO  0  
[2021/01/16 16:35:28 651] tts        557  get audio|use local  
[2021/01/16 16:35:28 651] tts        599  0  nil  1  
[2021/01/16 16:35:28 651] tts        792  TTS_MSG_GETAUDIO  0  
[2021/01/16 16:35:28 651] tts        557  get audio|use local  
[2021/01/16 16:35:28 651] tts        599  0  nil  1  
[2021/01/16 16:35:28 651] tts        792  TTS_MSG_GETAUDIO  0  
[2021/01/16 16:35:28 651] tts        557  get audio|use local  
[2021/01/16 16:35:28 651] tts        599  0  nil  1  
[2021/01/16 16:35:28 651] tts        792  TTS_MSG_GETAUDIO  0  
[2021/01/16 16:35:28 651] tts        557  get audio|use local  
[2021/01/16 16:35:28 651] tts        599  0  nil  1  
[2021/01/16 16:35:28 651] tts        792  TTS_MSG_GETAUDIO  0  
[2021/01/16 16:35:28 651] tts        557  get audio|use local  
[2021/01/16 16:35:28 651] tts        599  0  nil  1  
[2021/01/16 16:35:28 652] tts        792  TTS_MSG_GETAUDIO  0  
[2021/01/16 16:35:28 652] tts        557  get audio|use local  
[2021/01/16 16:35:28 652] tts        599  0  nil  1  
[2021/01/16 16:35:28 652] tts        792  TTS_MSG_GETAUDIO  0  
[2021/01/16 16:35:28 652] tts        557  get audio|use local  
[2021/01/16 16:35:28 652] tts        599  0  nil  1  
[2021/01/16 16:35:28 652] tts        792  TTS_MSG_GETAUDIO  0  
[2021/01/16 16:35:28 652] tts        557  get audio|use local  
[2021/01/16 16:35:28 652] tts        599  0  nil  1  
[2021/01/16 16:35:28 652] tts        792  TTS_MSG_GETAUDIO  0  
[2021/01/16 16:35:28 652] tts        557  get audio|use local  
[2021/01/16 16:35:28 652] tts        599  0  nil  1  
[2021/01/16 16:35:28 652] tts        792  TTS_MSG_GETAUDIO  0  
[2021/01/16 16:35:28 652] tts        557  get audio|use local  
[2021/01/16 16:35:28 652] tts        599  0  nil  1  
[2021/01/16 16:35:28 653] tts        792  TTS_MSG_GETAUDIO  0  
[2021/01/16 16:35:28 653] tts        557  get audio|use local  
[2021/01/16 16:35:28 653] tts        599  0  nil  1  
[2021/01/16 16:35:28 653] tts        792  TTS_MSG_GETAUDIO  0  
[2021/01/16 16:35:28 653] tts        557  get audio|use local  
[2021/01/16 16:35:28 653] tts        599  0  nil  1  
[2021/01/16 16:35:28 653] tts        792  TTS_MSG_GETAUDIO  0  
[2021/01/16 16:35:28 653] tts        557  get audio|use local  
[2021/01/16 16:35:28 653] tts        599  0  nil  1  
[2021/01/16 16:35:28 653] tts        792  TTS_MSG_GETAUDIO  0  
[2021/01/16 16:35:28 653] tts        557  get audio|use local  
[2021/01/16 16:35:28 653] tts        599  0  nil  1  
[2021/01/16 16:35:28 653] tts        792  TTS_MSG_GETAUDIO  0  
[2021/01/16 16:35:28 653] tts        557  get audio|use local  
[2021/01/16 16:35:28 653] tts        599  0  nil  1  
[2021/01/16 16:35:28 654] tts        792  TTS_MSG_GETAUDIO  0  
[2021/01/16 16:35:28 654] tts        557  get audio|use local  
[2021/01/16 16:35:28 654] tts        599  0  nil  1  
[2021/01/16 16:35:28 654] tts        792  TTS_MSG_GETAUDIO  0  
[2021/01/16 16:35:28 654] tts        557  get audio|use local  
[2021/01/16 16:35:28 654] tts        599  0  nil  1  
[2021/01/16 16:35:28 654] tts        792  TTS_MSG_GETAUDIO  0  
[2021/01/16 16:35:28 654] tts        557  get audio|use local  
[2021/01/16 16:35:28 654] tts        599  0  nil  1  
[2021/01/16 16:35:28 654] tts        792  TTS_MSG_GETAUDIO  0  
[2021/01/16 16:35:28 654] tts        557  get audio|use local  
[2021/01/16 16:35:28 654] tts        599  0  nil  1  
[2021/01/16 16:35:28 655] tts        792  TTS_MSG_GETAUDIO  0  
[2021/01/16 16:35:28 655] tts        557  get audio|use local  
[2021/01/16 16:35:28 655] tts        599  0  nil  1  
[2021/01/16 16:35:28 655] tts        792  TTS_MSG_GETAUDIO  0  
[2021/01/16 16:35:28 655] tts        557  get audio|use local  
[2021/01/16 16:35:28 655] tts        599  0  nil  1  
[2021/01/16 16:35:28 655] tts        792  TTS_MSG_GETAUDIO  0  
[2021/01/16 16:35:28 655] tts        557  get audio|use local  
[2021/01/16 16:35:28 655] tts        599  0  nil  1  
[2021/01/16 16:35:28 655] tts        792  TTS_MSG_GETAUDIO  0  
[2021/01/16 16:35:28 655] tts        557  get audio|use local  
[2021/01/16 16:35:28 655] tts        599  0  nil  1  
[2021/01/16 16:35:28 655] tts        792  TTS_MSG_GETAUDIO  0  
[2021/01/16 16:35:28 655] tts        557  get audio|use local  
[2021/01/16 16:35:28 655] tts        599  0  nil  1  
[2021/01/16 16:35:28 656] tts        792  TTS_MSG_GETAUDIO  0  
[2021/01/16 16:35:28 656] tts        557  get audio|use local  
[2021/01/16 16:35:28 656] tts        599  0  nil  1  
[2021/01/16 16:35:28 656] tts        792  TTS_MSG_GETAUDIO  0  
[2021/01/16 16:35:28 656] tts        557  get audio|use local  
[2021/01/16 16:35:28 656] tts        599  0  nil  1  
[2021/01/16 16:35:28 656] tts        792  TTS_MSG_GETAUDIO  0  
[2021/01/16 16:35:28 656] tts        557  get audio|use local  
[2021/01/16 16:35:28 656] tts        599  0  nil  1  
[2021/01/16 16:35:28 656] tts        792  TTS_MSG_GETAUDIO  0  
[2021/01/16 16:35:28 656] tts        557  get audio|use local  
[2021/01/16 16:35:28 656] tts        599  0  nil  1  
[2021/01/16 16:35:28 657] tts        792  TTS_MSG_GETAUDIO  0  
[2021/01/16 16:35:28 657] tts        557  get audio|use local  
[2021/01/16 16:35:28 657] tts        599  0  nil  1  
[2021/01/16 16:35:28 657] tts        792  TTS_MSG_GETAUDIO  0  
[2021/01/16 16:35:28 657] tts        557  get audio|use local  
[2021/01/16 16:35:28 657] tts        599  0  nil  1  
[2021/01/16 16:35:28 657] tts        792  TTS_MSG_GETAUDIO  0  
[2021/01/16 16:35:28 657] tts        557  get audio|use local  
[2021/01/16 16:35:28 657] tts        599  0  nil  1  
[2021/01/16 16:35:28 657] tts        792  TTS_MSG_GETAUDIO  0  
[2021/01/16 16:35:28 657] tts        557  get audio|use local  
[2021/01/16 16:35:28 657] tts        599  0  nil  1  
[2021/01/16 16:35:28 658] tts        792  TTS_MSG_GETAUDIO  0  
[2021/01/16 16:35:28 658] tts        557  get audio|use local  
[2021/01/16 16:35:28 658] tts        599  0  nil  1  
[2021/01/16 16:35:28 658] tts        792  TTS_MSG_GETAUDIO  0  
[2021/01/16 16:35:28 658] tts        557  get audio|use local  
[2021/01/16 16:35:28 658] tts        599  0  nil  1  
[2021/01/16 16:35:28 658] tts        792  TTS_MSG_GETAUDIO  0  
[2021/01/16 16:35:28 658] tts        557  get audio|use local  
[2021/01/16 16:35:28 658] tts        599  0  nil  1  
[2021/01/16 16:35:28 658] tts        792  TTS_MSG_GETAUDIO  0  
[2021/01/16 16:35:28 658] tts        557  get audio|use local  
[2021/01/16 16:35:28 658] tts        599  0  nil  1  
[2021/01/16 16:35:28 658] tts        792  TTS_MSG_GETAUDIO  0  
[2021/01/16 16:35:28 659] tts        557  get audio|use local  
[2021/01/16 16:35:28 659] tts        599  0  nil  1  
[2021/01/16 16:35:28 659] tts        792  TTS_MSG_GETAUDIO  0  
[2021/01/16 16:35:28 659] tts        557  get audio|use local  
[2021/01/16 16:35:28 659] tts        599  0  nil  1  
[2021/01/16 16:35:28 659] tts        792  TTS_MSG_GETAUDIO  0  
[2021/01/16 16:35:28 659] tts        557  get audio|use local  
[2021/01/16 16:35:28 659] tts        599  0  nil  1  
[2021/01/16 16:35:28 659] tts        792  TTS_MSG_GETAUDIO  0  
[2021/01/16 16:35:28 659] tts        557  get audio|use local  
[2021/01/16 16:35:28 659] tts        599  0  nil  1  
[2021/01/16 16:35:28 659] tts        792  TTS_MSG_GETAUDIO  0  
[2021/01/16 16:35:28 659] tts        557  get audio|use local  
[2021/01/16 16:35:28 659] tts        599  0  nil  1  
[2021/01/16 16:35:28 660] tts        792  TTS_MSG_GETAUDIO  0  
[2021/01/16 16:35:28 660] tts        557  get audio|use local  
[2021/01/16 16:35:28 660] tts        599  0  nil  1  
[2021/01/16 16:35:28 660] tts        792  TTS_MSG_GETAUDIO  0  
[2021/01/16 16:35:28 660] tts        557  get audio|use local  
[2021/01/16 16:35:28 660] tts        599  0  nil  1  
[2021/01/16 16:35:28 660] tts        792  TTS_MSG_GETAUDIO  0  
[2021/01/16 16:35:28 660] tts        557  get audio|use local  
[2021/01/16 16:35:28 660] tts        599  0  nil  1  
[2021/01/16 16:35:28 660] tts        792  TTS_MSG_GETAUDIO  0  
[2021/01/16 16:35:28 660] tts        557  get audio|use local  
[2021/01/16 16:35:28 660] tts        599  0  nil  1  
[2021/01/16 16:35:28 660] tts        792  TTS_MSG_GETAUDIO  0  
[2021/01/16 16:35:28 660] tts        557  get audio|use local  
[2021/01/16 16:35:28 660] tts        599  0  nil  1  
[2021/01/16 16:35:28 661] tts        792  TTS_MSG_GETAUDIO  0  
[2021/01/16 16:35:28 661] tts        557  get audio|use local  
[2021/01/16 16:35:28 661] tts        599  0  nil  1  
[2021/01/16 16:35:28 661] tts        792  TTS_MSG_GETAUDIO  0  
[2021/01/16 16:35:28 661] tts        557  get audio|use local  
[2021/01/16 16:35:28 661] tts        599  0  nil  1  
[2021/01/16 16:35:28 661] tts        792  TTS_MSG_GETAUDIO  0  
[2021/01/16 16:35:28 661] tts        557  get audio|use local  
[2021/01/16 16:35:28 661] tts        599  0  nil  1  
[2021/01/16 16:35:28 661] tts        792  TTS_MSG_GETAUDIO  0  
[2021/01/16 16:35:28 661] tts        557  get audio|use local  
[2021/01/16 16:35:28 661] tts        599  0  nil  1  
[2021/01/16 16:35:28 661] tts        792  TTS_MSG_GETAUDIO  0  
[2021/01/16 16:35:28 661] tts        557  get audio|use local  
[2021/01/16 16:35:28 661] tts        599  0  nil  1  
[2021/01/16 16:35:28 662] tts        792  TTS_MSG_GETAUDIO  0  
[2021/01/16 16:35:28 662] tts        557  get audio|use local  
[2021/01/16 16:35:28 662] tts        599  0  nil  1  
[2021/01/16 16:35:28 662] tts        792  TTS_MSG_GETAUDIO  0  
[2021/01/16 16:35:28 662] tts        557  get audio|use local  
[2021/01/16 16:35:28 662] tts        599  0  nil  1  
[2021/01/16 16:35:28 662] tts        792  TTS_MSG_GETAUDIO  0  
[2021/01/16 16:35:28 662] tts        557  get audio|use local  
[2021/01/16 16:35:28 662] tts        599  0  nil  1  
[2021/01/16 16:35:28 662] tts        792  TTS_MSG_GETAUDIO  0  
[2021/01/16 16:35:28 662] tts        557  get audio|use local  
[2021/01/16 16:35:28 662] tts        599  0  nil  1  
[2021/01/16 16:35:28 662] tts        792  TTS_MSG_GETAUDIO  0  
[2021/01/16 16:35:28 662] tts        557  get audio|use local  
[2021/01/16 16:35:28 662] tts        599  0  nil  1  
[2021/01/16 16:35:28 663] tts        792  TTS_MSG_GETAUDIO  0  
[2021/01/16 16:35:28 663] tts        557  get audio|use local  
[2021/01/16 16:35:28 663] tts        599  0  nil  1  
[2021/01/16 16:35:28 663] tts        792  TTS_MSG_GETAUDIO  0  
[2021/01/16 16:35:28 663] tts        557  get audio|use local  
[2021/01/16 16:35:28 663] tts        599  0  nil  1  
[2021/01/16 16:35:28 663] tts        792  TTS_MSG_GETAUDIO  0  
[2021/01/16 16:35:28 663] tts        557  get audio|use local  
[2021/01/16 16:35:28 663] tts        599  0  nil  1  
[2021/01/16 16:35:28 663] tts        792  TTS_MSG_GETAUDIO  0  
[2021/01/16 16:35:28 663] tts        557  get audio|use local  
[2021/01/16 16:35:28 663] tts        599  0  nil  1  
[2021/01/16 16:35:28 663] tts        792  TTS_MSG_GETAUDIO  0  
[2021/01/16 16:35:28 664] tts        557  get audio|use local  
[2021/01/16 16:35:28 664] tts        599  0  nil  1  
[2021/01/16 16:35:28 664] tts        792  TTS_MSG_GETAUDIO  0  
[2021/01/16 16:35:28 664] tts        557  get audio|use local  
[2021/01/16 16:35:28 664] tts        599  0  nil  1  
[2021/01/16 16:35:28 664] tts        792  TTS_MSG_GETAUDIO  0  
[2021/01/16 16:35:28 664] tts        557  get audio|use local  
[2021/01/16 16:35:28 664] tts        599  0  nil  1  
[2021/01/16 16:35:28 664] tts        792  TTS_MSG_GETAUDIO  0  
[2021/01/16 16:35:28 664] tts        557  get audio|use local  
[2021/01/16 16:35:28 664] tts        599  0  nil  1  
[2021/01/16 16:35:28 664] tts        792  TTS_MSG_GETAUDIO  0  
[2021/01/16 16:35:28 664] tts        557  get audio|use local  
[2021/01/16 16:35:28 664] tts        599  0  nil  1  
[2021/01/16 16:35:28 665] tts        792  TTS_MSG_GETAUDIO  0  
[2021/01/16 16:35:28 665] tts        557  get audio|use local  
[2021/01/16 16:35:28 665] tts        599  0  nil  1  
[2021/01/16 16:35:28 665] tts        792  TTS_MSG_GETAUDIO  0  
[2021/01/16 16:35:28 665] tts        557  get audio|use local  
[2021/01/16 16:35:28 665] tts        599  0  nil  1  
[2021/01/16 16:35:28 665] tts        792  TTS_MSG_GETAUDIO  0  
[2021/01/16 16:35:28 665] tts        557  get audio|use local  
[2021/01/16 16:35:28 665] tts        599  0  nil  1  
[2021/01/16 16:35:28 665] tts        792  TTS_MSG_GETAUDIO  0  
[2021/01/16 16:35:28 665] tts        557  get audio|use local  
[2021/01/16 16:35:28 665] tts        599  0  nil  1  
[2021/01/16 16:35:28 665] tts        792  TTS_MSG_GETAUDIO  0  
[2021/01/16 16:35:28 665] tts        557  get audio|use local  
[2021/01/16 16:35:28 665] tts        599  0  nil  1  
[2021/01/16 16:35:28 666] tts        792  TTS_MSG_GETAUDIO  0  
[2021/01/16 16:35:28 666] tts        557  get audio|use local  
[2021/01/16 16:35:28 666] tts        599  0  nil  1  
[2021/01/16 16:35:28 666] tts        792  TTS_MSG_GETAUDIO  0  
[2021/01/16 16:35:28 666] tts        557  get audio|use local  
[2021/01/16 16:35:28 666] tts        599  0  nil  1  
[2021/01/16 16:35:28 666] tts        792  TTS_MSG_GETAUDIO  0  
[2021/01/16 16:35:28 666] tts        557  get audio|use local  
[2021/01/16 16:35:28 666] tts        599  0  nil  1  
[2021/01/16 16:35:28 666] tts        792  TTS_MSG_GETAUDIO  0  
[2021/01/16 16:35:28 666] tts        557  get audio|use local  
[2021/01/16 16:35:28 666] tts        599  0  nil  1  
[2021/01/16 16:35:28 667] tts        792  TTS_MSG_GETAUDIO  0  
[2021/01/16 16:35:28 667] tts        557  get audio|use local  
[2021/01/16 16:35:28 667] tts        599  0  nil  1  
[2021/01/16 16:35:28 667] tts        792  TTS_MSG_GETAUDIO  0  
[2021/01/16 16:35:28 667] tts        557  get audio|use local  
[2021/01/16 16:35:28 667] tts        599  0  nil  1  
[2021/01/16 16:35:28 667] tts        792  TTS_MSG_GETAUDIO  0  
[2021/01/16 16:35:28 667] tts        557  get audio|use local  
[2021/01/16 16:35:28 667] tts        599  0  nil  1  
[2021/01/16 16:35:28 667] tts        792  TTS_MSG_GETAUDIO  0  
[2021/01/16 16:35:28 667] tts        557  get audio|use local  
[2021/01/16 16:35:28 667] tts        599  0  nil  1  
[2021/01/16 16:35:28 667] tts        792  TTS_MSG_GETAUDIO  0  
[2021/01/16 16:35:28 667] tts        557  get audio|use local  
[2021/01/16 16:35:28 667] tts        599  0  nil  1  
[2021/01/16 16:35:28 668] tts        792  TTS_MSG_GETAUDIO  0  
[2021/01/16 16:35:28 668] tts        557  get audio|use local  
[2021/01/16 16:35:28 668] tts        599  0  nil  1  
[2021/01/16 16:35:28 668] tts        792  TTS_MSG_GETAUDIO  0  
[2021/01/16 16:35:28 668] tts        557  get audio|use local  
[2021/01/16 16:35:28 668] tts        599  0  nil  1  
[2021/01/16 16:35:28 668] tts        792  TTS_MSG_GETAUDIO  0  
[2021/01/16 16:35:28 668] tts        557  get audio|use local  
[2021/01/16 16:35:28 668] tts        599  0  nil  1  
[2021/01/16 16:35:28 668] tts        792  TTS_MSG_GETAUDIO  0  
[2021/01/16 16:35:28 668] tts        557  get audio|use local  
[2021/01/16 16:35:28 668] tts        599  0  nil  1  
[2021/01/16 16:35:28 668] tts        792  TTS_MSG_GETAUDIO  0  
[2021/01/16 16:35:28 668] tts        557  get audio|use local  
[2021/01/16 16:35:28 668] tts        599  0  nil  1  
[2021/01/16 16:35:28 669] tts        792  TTS_MSG_GETAUDIO  0  
[2021/01/16 16:35:28 669] tts        557  get audio|use local  
[2021/01/16 16:35:28 669] tts        599  0  nil  1  
[2021/01/16 16:35:28 669] tts        792  TTS_MSG_GETAUDIO  0  
[2021/01/16 16:35:28 669] tts        557  get audio|use local  
[2021/01/16 16:35:28 669] tts        599  0  nil  1  
[2021/01/16 16:35:28 669] tts        792  TTS_MSG_GETAUDIO  0  
[2021/01/16 16:35:28 669] tts        557  get audio|use local  
[2021/01/16 16:35:28 669] tts        599  0  nil  1  
[2021/01/16 16:35:28 669] tts        792  TTS_MSG_GETAUDIO  0  
[2021/01/16 16:35:28 669] tts        557  get audio|use local  
[2021/01/16 16:35:28 669] tts        599  0  nil  1  
[2021/01/16 16:35:28 669] tts        792  TTS_MSG_GETAUDIO  0  
[2021/01/16 16:35:28 669] tts        557  get audio|use local  
[2021/01/16 16:35:28 670] tts        599  0  nil  1  
[2021/01/16 16:35:28 670] tts        792  TTS_MSG_GETAUDIO  0  
[2021/01/16 16:35:28 670] tts        557  get audio|use local  
[2021/01/16 16:35:28 670] tts        599  0  nil  1  
[2021/01/16 16:35:28 670] tts        792  TTS_MSG_GETAUDIO  0  
[2021/01/16 16:35:28 670] tts        557  get audio|use local  
[2021/01/16 16:35:28 670] tts        599  0  nil  1  
[2021/01/16 16:35:28 670] tts        792  TTS_MSG_GETAUDIO  0  
[2021/01/16 16:35:28 670] tts        557  get audio|use local  
[2021/01/16 16:35:28 670] tts        599  0  nil  1  
[2021/01/16 16:35:28 670] tts        792  TTS_MSG_GETAUDIO  0  
[2021/01/16 16:35:28 670] tts        557  get audio|use local  
[2021/01/16 16:35:28 670] tts        599  0  nil  1  
[2021/01/16 16:35:28 671] tts        792  TTS_MSG_GETAUDIO  0  
[2021/01/16 16:35:28 671] tts        557  get audio|use local  
[2021/01/16 16:35:28 671] tts        599  0  nil  1  
[2021/01/16 16:35:28 671] tts        792  TTS_MSG_GETAUDIO  0  
[2021/01/16 16:35:28 671] tts        557  get audio|use local  
[2021/01/16 16:35:28 671] tts        599  0  nil  1  
[2021/01/16 16:35:28 671] tts        792  TTS_MSG_GETAUDIO  0  
[2021/01/16 16:35:28 671] tts        557  get audio|use local  
[2021/01/16 16:35:28 671] tts        599  0  nil  1  
[2021/01/16 16:35:28 671] tts        792  TTS_MSG_GETAUDIO  0  
[2021/01/16 16:35:28 671] tts        557  get audio|use local  
[2021/01/16 16:35:28 671] tts        599  0  nil  1  
[2021/01/16 16:35:28 671] tts        792  TTS_MSG_GETAUDIO  0  
[2021/01/16 16:35:28 671] tts        557  get audio|use local  
[2021/01/16 16:35:28 671] tts        599  0  nil  1  
[2021/01/16 16:35:28 672] tts        792  TTS_MSG_GETAUDIO  0  
[2021/01/16 16:35:28 672] tts        557  get audio|use local  
[2021/01/16 16:35:28 672] tts        599  0  nil  1  
[2021/01/16 16:35:28 672] tts        792  TTS_MSG_GETAUDIO  0  
[2021/01/16 16:35:28 672] tts        557  get audio|use local  
[2021/01/16 16:35:28 672] tts        599  0  nil  1  
[2021/01/16 16:35:28 672] tts        792  TTS_MSG_GETAUDIO  0  
[2021/01/16 16:35:28 672] tts        557  get audio|use local  
[2021/01/16 16:35:28 672] tts        599  0  nil  1  
[2021/01/16 16:35:28 672] tts        792  TTS_MSG_GETAUDIO  0  
[2021/01/16 16:35:28 672] tts        557  get audio|use local  
[2021/01/16 16:35:28 672] tts        599  0  nil  1  
[2021/01/16 16:35:28 672] tts        792  TTS_MSG_GETAUDIO  0  
[2021/01/16 16:35:28 673] tts        557  get audio|use local  
[2021/01/16 16:35:28 673] tts        599  0  nil  1  
[2021/01/16 16:35:28 673] tts        792  TTS_MSG_GETAUDIO  0  
[2021/01/16 16:35:28 673] tts        557  get audio|use local  
[2021/01/16 16:35:28 673] tts        599  0  nil  1  
[2021/01/16 16:35:28 673] tts        792  TTS_MSG_GETAUDIO  0  
[2021/01/16 16:35:28 673] tts        557  get audio|use local  
[2021/01/16 16:35:28 673] tts        599  0  nil  1  
[2021/01/16 16:35:28 673] tts        792  TTS_MSG_GETAUDIO  0  
[2021/01/16 16:35:28 673] tts        557  get audio|use local  
[2021/01/16 16:35:28 673] tts        599  0  nil  1  
[2021/01/16 16:35:28 673] tts        792  TTS_MSG_GETAUDIO  0  
[2021/01/16 16:35:28 673] tts        557  get audio|use local  
[2021/01/16 16:35:28 673] tts        599  0  nil  1  
[2021/01/16 16:35:28 674] tts        792  TTS_MSG_GETAUDIO  0  
[2021/01/16 16:35:28 674] tts        557  get audio|use local  
[2021/01/16 16:35:28 674] tts        599  0  nil  1  
[2021/01/16 16:35:28 674] tts        792  TTS_MSG_GETAUDIO  0  
[2021/01/16 16:35:28 674] tts        557  get audio|use local  
[2021/01/16 16:35:28 674] tts        599  0  nil  1  
[2021/01/16 16:35:28 674] tts        792  TTS_MSG_GETAUDIO  0  
[2021/01/16 16:35:28 674] tts        557  get audio|use local  
[2021/01/16 16:35:28 674] tts        599  0  nil  1  
[2021/01/16 16:35:28 674] tts        792  TTS_MSG_GETAUDIO  0  
[2021/01/16 16:35:28 674] tts        557  get audio|use local  
[2021/01/16 16:35:28 674] tts        599  0  nil  1  
[2021/01/16 16:35:28 674] tts        792  TTS_MSG_GETAUDIO  0  
[2021/01/16 16:35:28 674] tts        557  get audio|use local  
[2021/01/16 16:35:28 674] tts        599  0  nil  1  
[2021/01/16 16:35:28 675] tts        792  TTS_MSG_GETAUDIO  0  
[2021/01/16 16:35:28 675] tts        557  get audio|use local  
[2021/01/16 16:35:28 675] tts        599  0  nil  1  
[2021/01/16 16:35:28 675] tts        792  TTS_MSG_GETAUDIO  0  
[2021/01/16 16:35:28 675] tts        557  get audio|use local  
[2021/01/16 16:35:28 675] tts        599  0  nil  1  
[2021/01/16 16:35:28 675] tts        792  TTS_MSG_GETAUDIO  0  
[2021/01/16 16:35:28 675] tts        557  get audio|use local  
[2021/01/16 16:35:28 675] tts        599  0  nil  1  
[2021/01/16 16:35:28 675] tts        792  TTS_MSG_GETAUDIO  0  
[2021/01/16 16:35:28 675] tts        557  get audio|use local  
[2021/01/16 16:35:28 675] tts        599  0  nil  1  
[2021/01/16 16:35:28 675] tts        792  TTS_MSG_GETAUDIO  0  
[2021/01/16 16:35:28 675] tts        557  get audio|use local  
[2021/01/16 16:35:28 675] tts        599  0  nil  1  
[2021/01/16 16:35:28 676] tts        792  TTS_MSG_GETAUDIO  0  
[2021/01/16 16:35:28 676] tts        557  get audio|use local  
[2021/01/16 16:35:28 676] tts        599  0  nil  1  
[2021/01/16 16:35:28 676] tts        792  TTS_MSG_GETAUDIO  0  
[2021/01/16 16:35:28 676] tts        557  get audio|use local  
[2021/01/16 16:35:28 676] tts        599  0  nil  1  
[2021/01/16 16:35:28 676] tts        792  TTS_MSG_GETAUDIO  0  
[2021/01/16 16:35:28 676] tts        557  get audio|use local  
[2021/01/16 16:35:28 676] tts        599  0  nil  1  
[2021/01/16 16:35:28 676] tts        792  TTS_MSG_GETAUDIO  0  
[2021/01/16 16:35:28 676] tts        557  get audio|use local  
[2021/01/16 16:35:28 676] tts        599  0  nil  1  
[2021/01/16 16:35:28 677] tts        792  TTS_MSG_GETAUDIO  0  
[2021/01/16 16:35:28 677] tts        557  get audio|use local  
[2021/01/16 16:35:28 677] tts        599  0  nil  1  
[2021/01/16 16:35:28 677] tts        792  TTS_MSG_GETAUDIO  0  
[2021/01/16 16:35:28 677] tts        557  get audio|use local  
[2021/01/16 16:35:28 677] tts        599  0  nil  1  
[2021/01/16 16:35:28 677] tts        792  TTS_MSG_GETAUDIO  0  
[2021/01/16 16:35:28 677] tts        557  get audio|use local  
[2021/01/16 16:35:28 677] tts        599  0  nil  1  
[2021/01/16 16:35:28 677] tts        792  TTS_MSG_GETAUDIO  0  
[2021/01/16 16:35:28 677] tts        557  get audio|use local  
[2021/01/16 16:35:28 677] tts        599  0  nil  1  
[2021/01/16 16:35:28 677] tts        792  TTS_MSG_GETAUDIO  0  
[2021/01/16 16:35:28 677] tts        557  get audio|use local  
[2021/01/16 16:35:28 677] tts        599  0  nil  1  
[2021/01/16 16:35:28 678] tts        792  TTS_MSG_GETAUDIO  0  
[2021/01/16 16:35:28 678] tts        557  get audio|use local  
[2021/01/16 16:35:28 678] tts        599  0  nil  1  
[2021/01/16 16:35:28 678] tts        792  TTS_MSG_GETAUDIO  0  
[2021/01/16 16:35:28 678] tts        557  get audio|use local  
[2021/01/16 16:35:28 678] tts        599  0  nil  1  
[2021/01/16 16:35:28 678] tts        792  TTS_MSG_GETAUDIO  0  
[2021/01/16 16:35:28 678] tts        557  get audio|use local  
[2021/01/16 16:35:28 678] tts        599  0  nil  1  
[2021/01/16 16:35:28 678] tts        792  TTS_MSG_GETAUDIO  0  
[2021/01/16 16:35:28 678] tts        557  get audio|use local  
[2021/01/16 16:35:28 678] tts        599  0  nil  1  
[2021/01/16 16:35:28 679] tts        792  TTS_MSG_GETAUDIO  0  
[2021/01/16 16:35:28 679] tts        557  get audio|use local  
[2021/01/16 16:35:28 679] tts        599  0  nil  1  
[2021/01/16 16:35:28 679] tts        792  TTS_MSG_GETAUDIO  0  
[2021/01/16 16:35:28 679] tts        557  get audio|use local  
[2021/01/16 16:35:28 679] tts        599  0  nil  1  
[2021/01/16 16:35:28 679] tts        792  TTS_MSG_GETAUDIO  0  
[2021/01/16 16:35:28 679] tts        557  get audio|use local  
[2021/01/16 16:35:28 679] tts        599  0  nil  1  
[2021/01/16 16:35:28 679] tts        792  TTS_MSG_GETAUDIO  0  
[2021/01/16 16:35:28 679] tts        557  get audio|use local  
[2021/01/16 16:35:28 679] tts        599  0  nil  1  
[2021/01/16 16:35:28 679] tts        792  TTS_MSG_GETAUDIO  0  
[2021/01/16 16:35:28 679] tts        557  get audio|use local  
[2021/01/16 16:35:28 679] tts        599  0  nil  1  
[2021/01/16 16:35:28 680] tts        792  TTS_MSG_GETAUDIO  0  
[2021/01/16 16:35:28 680] tts        557  get audio|use local  
[2021/01/16 16:35:28 680] tts        599  0  nil  1  
[2021/01/16 16:35:28 680] tts        792  TTS_MSG_GETAUDIO  0  
[2021/01/16 16:35:28 680] tts        557  get audio|use local  
[2021/01/16 16:35:28 680] tts        599  0  nil  1  
[2021/01/16 16:35:28 680] tts        792  TTS_MSG_GETAUDIO  0  
[2021/01/16 16:35:28 680] tts        557  get audio|use local  
[2021/01/16 16:35:28 680] tts        599  0  nil  1  
[2021/01/16 16:35:28 680] tts        792  TTS_MSG_GETAUDIO  0  
[2021/01/16 16:35:28 680] tts        557  get audio|use local  
[2021/01/16 16:35:28 680] tts        599  0  nil  1  
[2021/01/16 16:35:28 681] tts        792  TTS_MSG_GETAUDIO  0  
[2021/01/16 16:35:28 681] tts        557  get audio|use local  
[2021/01/16 16:35:28 681] tts        599  0  nil  1  
[2021/01/16 16:35:28 681] tts        792  TTS_MSG_GETAUDIO  0  
[2021/01/16 16:35:28 681] tts        557  get audio|use local  
[2021/01/16 16:35:28 681] tts        599  0  nil  1  
[2021/01/16 16:35:28 681] tts        792  TTS_MSG_GETAUDIO  0  
[2021/01/16 16:35:28 681] tts        557  get audio|use local  
[2021/01/16 16:35:28 681] tts        599  0  nil  1  
[2021/01/16 16:35:28 682] tts        792  TTS_MSG_GETAUDIO  0  
[2021/01/16 16:35:28 682] tts        557  get audio|use local  
[2021/01/16 16:35:28 682] tts        599  0  nil  1  
[2021/01/16 16:35:28 682] tts        792  TTS_MSG_GETAUDIO  0  
[2021/01/16 16:35:28 682] tts        557  get audio|use local  
[2021/01/16 16:35:28 682] tts        599  0  nil  1  
[2021/01/16 16:35:28 682] tts        792  TTS_MSG_GETAUDIO  0  
[2021/01/16 16:35:28 682] tts        557  get audio|use local  
[2021/01/16 16:35:28 682] tts        599  0  nil  1  
[2021/01/16 16:35:28 682] tts        792  TTS_MSG_GETAUDIO  0  
[2021/01/16 16:35:28 682] tts        557  get audio|use local  
[2021/01/16 16:35:28 682] tts        599  0  nil  1  
[2021/01/16 16:35:28 683] tts        792  TTS_MSG_GETAUDIO  0  
[2021/01/16 16:35:28 683] tts        557  get audio|use local  
[2021/01/16 16:35:28 683] tts        599  0  nil  1  
[2021/01/16 16:35:28 683] tts        792  TTS_MSG_GETAUDIO  0  
[2021/01/16 16:35:28 683] tts        557  get audio|use local  
[2021/01/16 16:35:28 683] tts        599  0  nil  1  
[2021/01/16 16:35:28 683] tts        792  TTS_MSG_GETAUDIO  0  
[2021/01/16 16:35:28 683] tts        557  get audio|use local  
[2021/01/16 16:35:28 683] tts        599  0  nil  1  
[2021/01/16 16:35:28 683] tts        792  TTS_MSG_GETAUDIO  0  
[2021/01/16 16:35:28 683] tts        557  get audio|use local  
[2021/01/16 16:35:28 683] tts        599  0  nil  1  
[2021/01/16 16:35:28 684] tts        792  TTS_MSG_GETAUDIO  0  
[2021/01/16 16:35:28 684] tts        557  get audio|use local  
[2021/01/16 16:35:28 684] tts        599  0  nil  1  
[2021/01/16 16:35:28 684] tts        792  TTS_MSG_GETAUDIO  0  
[2021/01/16 16:35:28 684] tts        557  get audio|use local  
[2021/01/16 16:35:28 684] tts        599  0  nil  1  
[2021/01/16 16:35:28 684] tts        792  TTS_MSG_GETAUDIO  0  
[2021/01/16 16:35:28 684] tts        557  get audio|use local  
[2021/01/16 16:35:28 684] tts        599  0  nil  1  
[2021/01/16 16:35:28 684] tts        792  TTS_MSG_GETAUDIO  0  
[2021/01/16 16:35:28 684] tts        557  get audio|use local  
[2021/01/16 16:35:28 685] tts        599  0  nil  1  
[2021/01/16 16:35:28 685] tts        792  TTS_MSG_GETAUDIO  0  
[2021/01/16 16:35:28 685] tts        557  get audio|use local  
[2021/01/16 16:35:28 685] tts        599  0  nil  1  
[2021/01/16 16:35:28 685] tts        317  TTS_LOCAL_CB_OUTPUT  101  udata(54071378) 3  
[2021/01/16 16:35:28 685] tts        321  udata(54071378) 3  
[2021/01/16 16:35:28 686] tts        792  TTS_MSG_GETAUDIO  0  
[2021/01/16 16:35:28 686] tts        557  get audio|use local  
[2021/01/16 16:35:28 686] tts        570  local audiolen:  94  ,ced:  3  
[2021/01/16 16:35:28 686] tts        599  0  udata(540712c8) 1  
[2021/01/16 16:35:28 686] tts        792  TTS_MSG_GETAUDIO  0  
[2021/01/16 16:35:28 686] tts        557  get audio|use local  
[2021/01/16 16:35:28 686] tts        599  0  nil  1  
[2021/01/16 16:35:28 686] tts        792  TTS_MSG_GETAUDIO  0  
[2021/01/16 16:35:28 686] tts        557  get audio|use local  
[2021/01/16 16:35:28 686] tts        599  0  nil  1  
[2021/01/16 16:35:28 686] tts        792  TTS_MSG_GETAUDIO  0  
[2021/01/16 16:35:28 687] tts        557  get audio|use local  
[2021/01/16 16:35:28 687] tts        599  0  nil  1  
[2021/01/16 16:35:28 687] tts        792  TTS_MSG_GETAUDIO  0  
[2021/01/16 16:35:28 687] tts        557  get audio|use local  
[2021/01/16 16:35:28 687] tts        599  0  nil  1  
[2021/01/16 16:35:28 687] tts        792  TTS_MSG_GETAUDIO  0  
[2021/01/16 16:35:28 687] tts        557  get audio|use local  
[2021/01/16 16:35:28 687] tts        599  0  nil  1  
[2021/01/16 16:35:28 687] tts        792  TTS_MSG_GETAUDIO  0  
[2021/01/16 16:35:28 687] tts        557  get audio|use local  
[2021/01/16 16:35:28 687] tts        599  0  nil  1  
[2021/01/16 16:35:28 687] tts        792  TTS_MSG_GETAUDIO  0  
[2021/01/16 16:35:28 687] tts        557  get audio|use local  
[2021/01/16 16:35:28 687] tts        599  0  nil  1  
[2021/01/16 16:35:28 688] tts        792  TTS_MSG_GETAUDIO  0  
[2021/01/16 16:35:28 688] tts        557  get audio|use local  
[2021/01/16 16:35:28 688] tts        599  0  nil  1  
[2021/01/16 16:35:28 688] tts        792  TTS_MSG_GETAUDIO  0  
[2021/01/16 16:35:28 688] tts        557  get audio|use local  
[2021/01/16 16:35:28 688] tts        599  0  nil  1  
[2021/01/16 16:35:28 688] tts        792  TTS_MSG_GETAUDIO  0  
[2021/01/16 16:35:28 688] tts        557  get audio|use local  
[2021/01/16 16:35:28 688] tts        599  0  nil  1  
[2021/01/16 16:35:28 688] tts        792  TTS_MSG_GETAUDIO  0  
[2021/01/16 16:35:28 688] tts        557  get audio|use local  
[2021/01/16 16:35:28 688] tts        599  0  nil  1  
[2021/01/16 16:35:28 689] tts        792  TTS_MSG_GETAUDIO  0  
[2021/01/16 16:35:28 689] tts        557  get audio|use local  
[2021/01/16 16:35:28 689] tts        599  0  nil  1  
[2021/01/16 16:35:28 689] tts        792  TTS_MSG_GETAUDIO  0  
[2021/01/16 16:35:28 689] tts        557  get audio|use local  
[2021/01/16 16:35:28 689] tts        599  0  nil  1  
[2021/01/16 16:35:28 689] tts        792  TTS_MSG_GETAUDIO  0  
[2021/01/16 16:35:28 689] tts        557  get audio|use local  
[2021/01/16 16:35:28 689] tts        599  0  nil  1  
[2021/01/16 16:35:28 689] tts        792  TTS_MSG_GETAUDIO  0  
[2021/01/16 16:35:28 689] tts        557  get audio|use local  
[2021/01/16 16:35:28 689] tts        599  0  nil  1  
[2021/01/16 16:35:28 690] tts        792  TTS_MSG_GETAUDIO  0  
[2021/01/16 16:35:28 690] tts        557  get audio|use local  
[2021/01/16 16:35:28 690] tts        599  0  nil  1  
[2021/01/16 16:35:28 691] tts        317  TTS_LOCAL_CB_OUTPUT  101  udata(54070fe8) 3  
[2021/01/16 16:35:28 691] tts        321  udata(54070fe8) 3  
[2021/01/16 16:35:28 691] tts        317  TTS_LOCAL_CB_OUTPUT  101  udata(54071088) 3  
[2021/01/16 16:35:28 691] tts        321  udata(54071088) 3  
[2021/01/16 16:35:28 691] tts        792  TTS_MSG_GETAUDIO  0  
[2021/01/16 16:35:28 691] tts        557  get audio|use local  
[2021/01/16 16:35:28 691] tts        570  local audiolen:  12604  ,ced:  3  
[2021/01/16 16:35:28 691] tts        599  0  udata(54071318) 1  
[2021/01/16 16:35:28 691] tts        303  0  0  
[2021/01/16 16:35:28 691] tts        314  TTS_LOCAL_CB_END,  2  
[2021/01/16 16:35:28 691] tts        792  TTS_MSG_GETAUDIO  0  
[2021/01/16 16:35:28 691] tts        557  get audio|use local  
[2021/01/16 16:35:28 691] tts        570  local audiolen:  4798  ,ced:  3  
[2021/01/16 16:35:28 691] tts        599  0  udata(540701b8) 2  
[2021/01/16 16:35:28 692] tts        795  TTS_MSG_SSE  
[2021/01/16 16:35:28 692] tts        693  sse|use local  
[2021/01/16 16:35:28 692] tts        711  tts exit  
