============================================================
Time  2021/01/15 22:37:08 052 
============================================================
[2021/01/15 22:37:08 052] tts        811  SYS_MSG_REGCB param0 =  msp_status_cb  param1 =  func(c0014cc0) 
[2021/01/15 22:37:08 053] config     43   use general cloud  
[2021/01/15 22:37:08 056] tts_cloud  1438 SYS_MSG_REGCB_CLOUD param0 =   msp_status_cb  param1 =  func(c0014cc0) 
[2021/01/15 22:37:08 056] tts        782  TTS_MSG_SSB  
[2021/01/15 22:37:08 056] tts        434  params =  engine_type = local,voice_name=xiaofeng, text_encoding = UTF8, tts_res_path = fo|res/tts/xiaofeng.jet;fo|res/tts/common.jet, sample_rate = 16000, speed = 50, volume = 50, pitch = 70, rdn = 2  
[2021/01/15 22:37:08 056] tts        273  auf=audio/L16;rate=16000  
[2021/01/15 22:37:08 056] tts        273  auf=audio/L16;rate=16000  
[2021/01/15 22:37:08 056] tts        471  ssb|use local  
[2021/01/15 22:37:08 056] tts        385  local_session_begin  
[2021/01/15 22:37:08 057] tts        789  TTS_MSG_SYN  0  
[2021/01/15 22:37:08 057] tts        514  synth|use local  
[2021/01/15 22:37:08 057] tts        792  TTS_MSG_GETAUDIO  0  
[2021/01/15 22:37:08 057] tts        557  get audio|use local  
[2021/01/15 22:37:08 057] tts        599  0  nil  1  
[2021/01/15 22:37:08 058] tts        792  TTS_MSG_GETAUDIO  0  
[2021/01/15 22:37:08 058] tts        557  get audio|use local  
[2021/01/15 22:37:08 058] tts        599  0  nil  1  
[2021/01/15 22:37:08 058] tts        792  TTS_MSG_GETAUDIO  0  
[2021/01/15 22:37:08 058] tts        557  get audio|use local  
[2021/01/15 22:37:08 058] tts        599  0  nil  1  
[2021/01/15 22:37:08 058] tts        792  TTS_MSG_GETAUDIO  0  
[2021/01/15 22:37:08 058] tts        557  get audio|use local  
[2021/01/15 22:37:08 059] tts        599  0  nil  1  
[2021/01/15 22:37:08 059] tts        792  TTS_MSG_GETAUDIO  0  
[2021/01/15 22:37:08 059] tts        557  get audio|use local  
[2021/01/15 22:37:08 059] tts        599  0  nil  1  
[2021/01/15 22:37:08 059] tts        792  TTS_MSG_GETAUDIO  0  
[2021/01/15 22:37:08 059] tts        557  get audio|use local  
[2021/01/15 22:37:08 059] tts        599  0  nil  1  
[2021/01/15 22:37:08 059] tts        792  TTS_MSG_GETAUDIO  0  
[2021/01/15 22:37:08 060] tts        557  get audio|use local  
[2021/01/15 22:37:08 060] tts        599  0  nil  1  
[2021/01/15 22:37:08 060] tts        792  TTS_MSG_GETAUDIO  0  
[2021/01/15 22:37:08 060] tts        557  get audio|use local  
[2021/01/15 22:37:08 060] tts        599  0  nil  1  
[2021/01/15 22:37:08 061] tts        792  TTS_MSG_GETAUDIO  0  
[2021/01/15 22:37:08 061] tts        557  get audio|use local  
[2021/01/15 22:37:08 061] tts        599  0  nil  1  
[2021/01/15 22:37:08 061] tts        792  TTS_MSG_GETAUDIO  0  
[2021/01/15 22:37:08 061] tts        557  get audio|use local  
[2021/01/15 22:37:08 061] tts        599  0  nil  1  
[2021/01/15 22:37:08 061] tts        792  TTS_MSG_GETAUDIO  0  
[2021/01/15 22:37:08 062] tts        557  get audio|use local  
[2021/01/15 22:37:08 062] tts        599  0  nil  1  
[2021/01/15 22:37:08 062] tts        792  TTS_MSG_GETAUDIO  0  
[2021/01/15 22:37:08 062] tts        557  get audio|use local  
[2021/01/15 22:37:08 062] tts        599  0  nil  1  
[2021/01/15 22:37:08 063] tts        792  TTS_MSG_GETAUDIO  0  
[2021/01/15 22:37:08 063] tts        557  get audio|use local  
[2021/01/15 22:37:08 063] tts        599  0  nil  1  
[2021/01/15 22:37:08 064] tts        792  TTS_MSG_GETAUDIO  0  
[2021/01/15 22:37:08 064] tts        557  get audio|use local  
[2021/01/15 22:37:08 064] tts        599  0  nil  1  
[2021/01/15 22:37:08 064] tts        792  TTS_MSG_GETAUDIO  0  
[2021/01/15 22:37:08 064] tts        557  get audio|use local  
[2021/01/15 22:37:08 064] tts        599  0  nil  1  
[2021/01/15 22:37:08 065] tts        792  TTS_MSG_GETAUDIO  0  
[2021/01/15 22:37:08 065] tts        557  get audio|use local  
[2021/01/15 22:37:08 065] tts        599  0  nil  1  
[2021/01/15 22:37:08 065] tts        792  TTS_MSG_GETAUDIO  0  
[2021/01/15 22:37:08 065] tts        557  get audio|use local  
[2021/01/15 22:37:08 065] tts        599  0  nil  1  
[2021/01/15 22:37:08 065] tts        792  TTS_MSG_GETAUDIO  0  
[2021/01/15 22:37:08 065] tts        557  get audio|use local  
[2021/01/15 22:37:08 065] tts        599  0  nil  1  
[2021/01/15 22:37:08 065] tts        792  TTS_MSG_GETAUDIO  0  
[2021/01/15 22:37:08 065] tts        557  get audio|use local  
[2021/01/15 22:37:08 065] tts        599  0  nil  1  
[2021/01/15 22:37:08 066] tts        792  TTS_MSG_GETAUDIO  0  
[2021/01/15 22:37:08 066] tts        557  get audio|use local  
[2021/01/15 22:37:08 066] tts        599  0  nil  1  
[2021/01/15 22:37:08 067] tts        792  TTS_MSG_GETAUDIO  0  
[2021/01/15 22:37:08 067] tts        557  get audio|use local  
[2021/01/15 22:37:08 067] tts        599  0  nil  1  
[2021/01/15 22:37:08 067] tts        792  TTS_MSG_GETAUDIO  0  
[2021/01/15 22:37:08 068] tts        557  get audio|use local  
[2021/01/15 22:37:08 068] tts        599  0  nil  1  
[2021/01/15 22:37:08 068] tts        792  TTS_MSG_GETAUDIO  0  
[2021/01/15 22:37:08 068] tts        557  get audio|use local  
[2021/01/15 22:37:08 068] tts        599  0  nil  1  
[2021/01/15 22:37:08 068] tts        792  TTS_MSG_GETAUDIO  0  
[2021/01/15 22:37:08 068] tts        557  get audio|use local  
[2021/01/15 22:37:08 068] tts        599  0  nil  1  
[2021/01/15 22:37:08 069] tts        792  TTS_MSG_GETAUDIO  0  
[2021/01/15 22:37:08 069] tts        557  get audio|use local  
[2021/01/15 22:37:08 069] tts        599  0  nil  1  
[2021/01/15 22:37:08 070] tts        792  TTS_MSG_GETAUDIO  0  
[2021/01/15 22:37:08 070] tts        557  get audio|use local  
[2021/01/15 22:37:08 070] tts        599  0  nil  1  
[2021/01/15 22:37:08 070] tts        792  TTS_MSG_GETAUDIO  0  
[2021/01/15 22:37:08 071] tts        557  get audio|use local  
[2021/01/15 22:37:08 071] tts        599  0  nil  1  
[2021/01/15 22:37:08 071] tts        792  TTS_MSG_GETAUDIO  0  
[2021/01/15 22:37:08 071] tts        557  get audio|use local  
[2021/01/15 22:37:08 071] tts        599  0  nil  1  
[2021/01/15 22:37:08 072] tts        792  TTS_MSG_GETAUDIO  0  
[2021/01/15 22:37:08 072] tts        557  get audio|use local  
[2021/01/15 22:37:08 072] tts        599  0  nil  1  
[2021/01/15 22:37:08 073] tts        792  TTS_MSG_GETAUDIO  0  
[2021/01/15 22:37:08 073] tts        557  get audio|use local  
[2021/01/15 22:37:08 073] tts        599  0  nil  1  
[2021/01/15 22:37:08 074] tts        792  TTS_MSG_GETAUDIO  0  
[2021/01/15 22:37:08 074] tts        557  get audio|use local  
[2021/01/15 22:37:08 074] tts        599  0  nil  1  
[2021/01/15 22:37:08 074] tts        792  TTS_MSG_GETAUDIO  0  
[2021/01/15 22:37:08 074] tts        557  get audio|use local  
[2021/01/15 22:37:08 074] tts        599  0  nil  1  
[2021/01/15 22:37:08 075] tts        792  TTS_MSG_GETAUDIO  0  
[2021/01/15 22:37:08 075] tts        557  get audio|use local  
[2021/01/15 22:37:08 075] tts        599  0  nil  1  
[2021/01/15 22:37:08 076] tts        792  TTS_MSG_GETAUDIO  0  
[2021/01/15 22:37:08 076] tts        557  get audio|use local  
[2021/01/15 22:37:08 076] tts        599  0  nil  1  
[2021/01/15 22:37:08 076] tts        792  TTS_MSG_GETAUDIO  0  
[2021/01/15 22:37:08 076] tts        557  get audio|use local  
[2021/01/15 22:37:08 076] tts        599  0  nil  1  
[2021/01/15 22:37:08 077] tts        792  TTS_MSG_GETAUDIO  0  
[2021/01/15 22:37:08 077] tts        557  get audio|use local  
[2021/01/15 22:37:08 077] tts        599  0  nil  1  
[2021/01/15 22:37:08 079] tts        792  TTS_MSG_GETAUDIO  0  
[2021/01/15 22:37:08 079] tts        557  get audio|use local  
[2021/01/15 22:37:08 080] tts        599  0  nil  1  
[2021/01/15 22:37:08 081] tts        792  TTS_MSG_GETAUDIO  0  
[2021/01/15 22:37:08 081] tts        557  get audio|use local  
[2021/01/15 22:37:08 081] tts        599  0  nil  1  
[2021/01/15 22:37:08 082] tts        792  TTS_MSG_GETAUDIO  0  
[2021/01/15 22:37:08 082] tts        557  get audio|use local  
[2021/01/15 22:37:08 082] tts        599  0  nil  1  
[2021/01/15 22:37:08 083] tts        792  TTS_MSG_GETAUDIO  0  
[2021/01/15 22:37:08 083] tts        557  get audio|use local  
[2021/01/15 22:37:08 083] tts        599  0  nil  1  
[2021/01/15 22:37:08 085] tts        792  TTS_MSG_GETAUDIO  0  
[2021/01/15 22:37:08 085] tts        557  get audio|use local  
[2021/01/15 22:37:08 085] tts        599  0  nil  1  
[2021/01/15 22:37:08 087] tts        792  TTS_MSG_GETAUDIO  0  
[2021/01/15 22:37:08 087] tts        557  get audio|use local  
[2021/01/15 22:37:08 087] tts        599  0  nil  1  
[2021/01/15 22:37:08 088] tts        301  TTS_LOCAL_CB_BEGIN  
[2021/01/15 22:37:08 089] tts        317  TTS_LOCAL_CB_OUTPUT  101  udata(c0071358) 9  
[2021/01/15 22:37:08 089] tts        321  udata(c0071358) 9  
[2021/01/15 22:37:08 090] tts        317  TTS_LOCAL_CB_OUTPUT  101  udata(c00711d8) 9  
[2021/01/15 22:37:08 090] tts        321  udata(c00711d8) 9  
[2021/01/15 22:37:08 091] tts        317  TTS_LOCAL_CB_OUTPUT  101  udata(c0017838) 9  
[2021/01/15 22:37:08 091] tts        321  udata(c0017838) 9  
[2021/01/15 22:37:08 091] tts        317  TTS_LOCAL_CB_OUTPUT  101  udata(c0070fc8) 9  
[2021/01/15 22:37:08 091] tts        321  udata(c0070fc8) 9  
[2021/01/15 22:37:08 091] tts        317  TTS_LOCAL_CB_OUTPUT  101  udata(c0070168) 9  
[2021/01/15 22:37:08 091] tts        321  udata(c0070168) 9  
[2021/01/15 22:37:08 091] tts        317  TTS_LOCAL_CB_OUTPUT  101  udata(c0070268) 9  
[2021/01/15 22:37:08 092] tts        321  udata(c0070268) 9  
[2021/01/15 22:37:08 092] tts        317  TTS_LOCAL_CB_OUTPUT  101  udata(c007f1d8) 9  
[2021/01/15 22:37:08 092] tts        321  udata(c007f1d8) 9  
[2021/01/15 22:37:08 092] tts        317  TTS_LOCAL_CB_OUTPUT  101  udata(c007f2d8) 9  
[2021/01/15 22:37:08 092] tts        321  udata(c007f2d8) 9  
[2021/01/15 22:37:08 092] tts        317  TTS_LOCAL_CB_OUTPUT  101  udata(c007f3d8) 9  
[2021/01/15 22:37:08 092] tts        321  udata(c007f3d8) 9  
[2021/01/15 22:37:08 092] tts        317  TTS_LOCAL_CB_OUTPUT  101  udata(c007f4d8) 9  
[2021/01/15 22:37:08 092] tts        321  udata(c007f4d8) 9  
[2021/01/15 22:37:08 093] tts        317  TTS_LOCAL_CB_OUTPUT  101  udata(c00710c8) 9  
[2021/01/15 22:37:08 093] tts        321  udata(c00710c8) 9  
[2021/01/15 22:37:08 093] tts        317  TTS_LOCAL_CB_OUTPUT  101  udata(c007f798) 9  
[2021/01/15 22:37:08 093] tts        321  udata(c007f798) 9  
[2021/01/15 22:37:08 093] tts        317  TTS_LOCAL_CB_OUTPUT  101  udata(c007f898) 9  
[2021/01/15 22:37:08 094] tts        321  udata(c007f898) 9  
[2021/01/15 22:37:08 094] tts        317  TTS_LOCAL_CB_OUTPUT  101  udata(c007f998) 9  
[2021/01/15 22:37:08 094] tts        321  udata(c007f998) 9  
[2021/01/15 22:37:08 094] tts        317  TTS_LOCAL_CB_OUTPUT  101  udata(c007fa98) 9  
[2021/01/15 22:37:08 094] tts        321  udata(c007fa98) 9  
[2021/01/15 22:37:08 095] tts        317  TTS_LOCAL_CB_OUTPUT  101  udata(c007fb98) 9  
[2021/01/15 22:37:08 095] tts        321  udata(c007fb98) 9  
[2021/01/15 22:37:08 095] tts        792  TTS_MSG_GETAUDIO  0  
[2021/01/15 22:37:08 096] tts        557  get audio|use local  
[2021/01/15 22:37:08 096] tts        570  local audiolen:  182  ,ced:  9  
[2021/01/15 22:37:08 096] tts        599  0  udata(c0071a88) 1  
[2021/01/15 22:37:08 097] tts        792  TTS_MSG_GETAUDIO  0  
[2021/01/15 22:37:08 097] tts        557  get audio|use local  
[2021/01/15 22:37:08 097] tts        570  local audiolen:  9342  ,ced:  9  
[2021/01/15 22:37:08 097] tts        599  0  udata(c00704d8) 1  
[2021/01/15 22:37:08 098] tts        317  TTS_LOCAL_CB_OUTPUT  101  udata(c0071118) 9  
[2021/01/15 22:37:08 098] tts        321  udata(c0071118) 9  
[2021/01/15 22:37:08 099] tts        317  TTS_LOCAL_CB_OUTPUT  101  udata(c007fcf8) 9  
[2021/01/15 22:37:08 099] tts        321  udata(c007fcf8) 9  
[2021/01/15 22:37:08 099] tts        317  TTS_LOCAL_CB_OUTPUT  101  udata(c008a228) 9  
[2021/01/15 22:37:08 099] tts        321  udata(c008a228) 9  
[2021/01/15 22:37:08 099] tts        317  TTS_LOCAL_CB_OUTPUT  101  udata(c0070118) 9  
[2021/01/15 22:37:08 099] tts        321  udata(c0070118) 9  
[2021/01/15 22:37:08 100] tts        317  TTS_LOCAL_CB_OUTPUT  101  udata(c007f5d8) 9  
[2021/01/15 22:37:08 100] tts        321  udata(c007f5d8) 9  
[2021/01/15 22:37:08 100] tts        317  TTS_LOCAL_CB_OUTPUT  101  udata(c0071d98) 9  
[2021/01/15 22:37:08 100] tts        321  udata(c0071d98) 9  
[2021/01/15 22:37:08 101] tts        317  TTS_LOCAL_CB_OUTPUT  101  udata(c0071e98) 24  
[2021/01/15 22:37:08 101] tts        321  udata(c0071e98) 24  
[2021/01/15 22:37:08 101] tts        317  TTS_LOCAL_CB_OUTPUT  101  udata(c0071f98) 24  
[2021/01/15 22:37:08 101] tts        321  udata(c0071f98) 24  
[2021/01/15 22:37:08 101] tts        792  TTS_MSG_GETAUDIO  0  
[2021/01/15 22:37:08 101] tts        557  get audio|use local  
[2021/01/15 22:37:08 101] tts        570  local audiolen:  7820  ,ced:  9  
[2021/01/15 22:37:08 101] tts        599  0  udata(c0071168) 1  
[2021/01/15 22:37:08 102] tts        792  TTS_MSG_GETAUDIO  0  
[2021/01/15 22:37:08 102] tts        557  get audio|use local  
[2021/01/15 22:37:08 102] tts        570  local audiolen:  512  ,ced:  9  
[2021/01/15 22:37:08 102] tts        599  0  udata(c0089ea8) 1  
[2021/01/15 22:37:08 102] tts        317  TTS_LOCAL_CB_OUTPUT  101  udata(c008a108) 24  
[2021/01/15 22:37:08 103] tts        321  udata(c008a108) 24  
[2021/01/15 22:37:08 103] tts        317  TTS_LOCAL_CB_OUTPUT  101  udata(c008a1a8) 24  
[2021/01/15 22:37:08 103] tts        321  udata(c008a1a8) 24  
[2021/01/15 22:37:08 103] tts        317  TTS_LOCAL_CB_OUTPUT  101  udata(c0089fa8) 24  
[2021/01/15 22:37:08 103] tts        321  udata(c0089fa8) 24  
[2021/01/15 22:37:08 103] tts        317  TTS_LOCAL_CB_OUTPUT  101  udata(c008a0a8) 24  
[2021/01/15 22:37:08 104] tts        321  udata(c008a0a8) 24  
[2021/01/15 22:37:08 104] tts        317  TTS_LOCAL_CB_OUTPUT  101  udata(c0072148) 24  
[2021/01/15 22:37:08 104] tts        321  udata(c0072148) 24  
[2021/01/15 22:37:08 104] tts        317  TTS_LOCAL_CB_OUTPUT  101  udata(c0072248) 24  
[2021/01/15 22:37:08 104] tts        321  udata(c0072248) 24  
[2021/01/15 22:37:08 104] tts        317  TTS_LOCAL_CB_OUTPUT  101  udata(c0072348) 24  
[2021/01/15 22:37:08 105] tts        321  udata(c0072348) 24  
[2021/01/15 22:37:08 105] tts        317  TTS_LOCAL_CB_OUTPUT  101  udata(c0072448) 24  
[2021/01/15 22:37:08 105] tts        321  udata(c0072448) 24  
[2021/01/15 22:37:08 105] tts        317  TTS_LOCAL_CB_OUTPUT  101  udata(c0072548) 24  
[2021/01/15 22:37:08 105] tts        321  udata(c0072548) 24  
[2021/01/15 22:37:08 105] tts        317  TTS_LOCAL_CB_OUTPUT  101  udata(c0072648) 24  
[2021/01/15 22:37:08 106] tts        321  udata(c0072648) 24  
[2021/01/15 22:37:08 106] tts        317  TTS_LOCAL_CB_OUTPUT  101  udata(c0071b88) 24  
[2021/01/15 22:37:08 106] tts        321  udata(c0071b88) 24  
[2021/01/15 22:37:08 106] tts        317  TTS_LOCAL_CB_OUTPUT  101  udata(c0071c88) 24  
[2021/01/15 22:37:08 106] tts        321  udata(c0071c88) 24  
[2021/01/15 22:37:08 106] tts        317  TTS_LOCAL_CB_OUTPUT  101  udata(c0072b58) 24  
[2021/01/15 22:37:08 106] tts        321  udata(c0072b58) 24  
[2021/01/15 22:37:08 107] tts        317  TTS_LOCAL_CB_OUTPUT  101  udata(c0072c58) 24  
[2021/01/15 22:37:08 107] tts        321  udata(c0072c58) 24  
[2021/01/15 22:37:08 107] tts        317  TTS_LOCAL_CB_OUTPUT  101  udata(c0072d58) 24  
[2021/01/15 22:37:08 107] tts        321  udata(c0072d58) 24  
[2021/01/15 22:37:08 107] tts        317  TTS_LOCAL_CB_OUTPUT  101  udata(c0072e58) 24  
[2021/01/15 22:37:08 107] tts        321  udata(c0072e58) 24  
[2021/01/15 22:37:08 107] tts        317  TTS_LOCAL_CB_OUTPUT  101  udata(c0072f58) 24  
[2021/01/15 22:37:08 107] tts        321  udata(c0072f58) 24  
[2021/01/15 22:37:08 108] tts        317  TTS_LOCAL_CB_OUTPUT  101  udata(c0073058) 24  
[2021/01/15 22:37:08 108] tts        321  udata(c0073058) 24  
[2021/01/15 22:37:08 108] tts        317  TTS_LOCAL_CB_OUTPUT  101  udata(c0073158) 24  
[2021/01/15 22:37:08 108] tts        321  udata(c0073158) 24  
[2021/01/15 22:37:08 108] tts        317  TTS_LOCAL_CB_OUTPUT  101  udata(c0073258) 24  
[2021/01/15 22:37:08 108] tts        321  udata(c0073258) 24  
[2021/01/15 22:37:08 108] tts        317  TTS_LOCAL_CB_OUTPUT  101  udata(c0073358) 24  
[2021/01/15 22:37:08 109] tts        321  udata(c0073358) 24  
[2021/01/15 22:37:08 109] tts        317  TTS_LOCAL_CB_OUTPUT  101  udata(c0087d98) 24  
[2021/01/15 22:37:08 109] tts        321  udata(c0087d98) 24  
[2021/01/15 22:37:08 109] tts        317  TTS_LOCAL_CB_OUTPUT  101  udata(c0087e98) 24  
[2021/01/15 22:37:08 109] tts        321  udata(c0087e98) 24  
[2021/01/15 22:37:08 110] tts        317  TTS_LOCAL_CB_OUTPUT  101  udata(c0087f98) 24  
[2021/01/15 22:37:08 110] tts        321  udata(c0087f98) 24  
[2021/01/15 22:37:08 112] tts        317  TTS_LOCAL_CB_OUTPUT  101  udata(c0088098) 24  
[2021/01/15 22:37:08 112] tts        321  udata(c0088098) 24  
[2021/01/15 22:37:08 112] tts        317  TTS_LOCAL_CB_OUTPUT  101  udata(c0088198) 24  
[2021/01/15 22:37:08 112] tts        321  udata(c0088198) 24  
[2021/01/15 22:37:08 113] tts        317  TTS_LOCAL_CB_OUTPUT  101  udata(c0088298) 24  
[2021/01/15 22:37:08 113] tts        321  udata(c0088298) 24  
[2021/01/15 22:37:08 113] tts        317  TTS_LOCAL_CB_OUTPUT  101  udata(c0088398) 24  
[2021/01/15 22:37:08 113] tts        321  udata(c0088398) 24  
[2021/01/15 22:37:08 113] tts        317  TTS_LOCAL_CB_OUTPUT  101  udata(c0088498) 24  
[2021/01/15 22:37:08 113] tts        321  udata(c0088498) 24  
[2021/01/15 22:37:08 113] tts        303  0  0  
[2021/01/15 22:37:08 113] tts        314  TTS_LOCAL_CB_END,  2  
[2021/01/15 22:37:08 114] tts        792  TTS_MSG_GETAUDIO  0  
[2021/01/15 22:37:08 114] tts        557  get audio|use local  
[2021/01/15 22:37:08 114] tts        570  local audiolen:  512  ,ced:  9  
[2021/01/15 22:37:08 114] tts        599  0  udata(c0088738) 1  
[2021/01/15 22:37:08 114] tts        792  TTS_MSG_GETAUDIO  0  
[2021/01/15 22:37:08 114] tts        557  get audio|use local  
[2021/01/15 22:37:08 114] tts        570  local audiolen:  512  ,ced:  9  
[2021/01/15 22:37:08 114] tts        599  0  udata(c0089c98) 1  
[2021/01/15 22:37:08 115] tts        792  TTS_MSG_GETAUDIO  0  
[2021/01/15 22:37:08 115] tts        557  get audio|use local  
[2021/01/15 22:37:08 115] tts        570  local audiolen:  512  ,ced:  9  
[2021/01/15 22:37:08 115] tts        599  0  udata(c0089ce8) 1  
[2021/01/15 22:37:08 115] tts        792  TTS_MSG_GETAUDIO  0  
[2021/01/15 22:37:08 116] tts        557  get audio|use local  
[2021/01/15 22:37:08 116] tts        570  local audiolen:  512  ,ced:  9  
[2021/01/15 22:37:08 116] tts        599  0  udata(c0089d38) 1  
[2021/01/15 22:37:08 116] tts        792  TTS_MSG_GETAUDIO  0  
[2021/01/15 22:37:08 116] tts        557  get audio|use local  
[2021/01/15 22:37:08 116] tts        570  local audiolen:  512  ,ced:  9  
[2021/01/15 22:37:08 116] tts        599  0  udata(c0089d88) 1  
[2021/01/15 22:37:08 116] tts        792  TTS_MSG_GETAUDIO  0  
[2021/01/15 22:37:08 116] tts        557  get audio|use local  
[2021/01/15 22:37:08 116] tts        570  local audiolen:  512  ,ced:  9  
[2021/01/15 22:37:08 116] tts        599  0  udata(c0089dd8) 1  
[2021/01/15 22:37:08 117] tts        792  TTS_MSG_GETAUDIO  0  
[2021/01/15 22:37:08 117] tts        557  get audio|use local  
[2021/01/15 22:37:08 117] tts        570  local audiolen:  512  ,ced:  9  
[2021/01/15 22:37:08 117] tts        599  0  udata(c0089e28) 1  
[2021/01/15 22:37:08 117] tts        792  TTS_MSG_GETAUDIO  0  
[2021/01/15 22:37:08 117] tts        557  get audio|use local  
[2021/01/15 22:37:08 117] tts        570  local audiolen:  512  ,ced:  9  
[2021/01/15 22:37:08 117] tts        599  0  udata(c0071448) 1  
[2021/01/15 22:37:08 117] tts        792  TTS_MSG_GETAUDIO  0  
[2021/01/15 22:37:08 118] tts        557  get audio|use local  
[2021/01/15 22:37:08 118] tts        570  local audiolen:  512  ,ced:  9  
[2021/01/15 22:37:08 118] tts        599  0  udata(c0071498) 1  
[2021/01/15 22:37:08 118] tts        792  TTS_MSG_GETAUDIO  0  
[2021/01/15 22:37:08 118] tts        557  get audio|use local  
[2021/01/15 22:37:08 118] tts        570  local audiolen:  512  ,ced:  9  
[2021/01/15 22:37:08 118] tts        599  0  udata(c00714e8) 1  
[2021/01/15 22:37:08 118] tts        792  TTS_MSG_GETAUDIO  0  
[2021/01/15 22:37:08 118] tts        557  get audio|use local  
[2021/01/15 22:37:08 118] tts        570  local audiolen:  512  ,ced:  9  
[2021/01/15 22:37:08 119] tts        599  0  udata(c0071538) 1  
[2021/01/15 22:37:08 119] tts        792  TTS_MSG_GETAUDIO  0  
[2021/01/15 22:37:08 119] tts        557  get audio|use local  
[2021/01/15 22:37:08 119] tts        570  local audiolen:  512  ,ced:  9  
[2021/01/15 22:37:08 119] tts        599  0  udata(c0071588) 1  
[2021/01/15 22:37:08 119] tts        792  TTS_MSG_GETAUDIO  0  
[2021/01/15 22:37:08 119] tts        557  get audio|use local  
[2021/01/15 22:37:08 119] tts        570  local audiolen:  512  ,ced:  9  
[2021/01/15 22:37:08 119] tts        599  0  udata(c00715d8) 1  
[2021/01/15 22:37:08 119] tts        792  TTS_MSG_GETAUDIO  0  
[2021/01/15 22:37:08 120] tts        557  get audio|use local  
[2021/01/15 22:37:08 120] tts        570  local audiolen:  512  ,ced:  9  
[2021/01/15 22:37:08 120] tts        599  0  udata(c0071628) 1  
[2021/01/15 22:37:08 120] tts        792  TTS_MSG_GETAUDIO  0  
[2021/01/15 22:37:08 120] tts        557  get audio|use local  
[2021/01/15 22:37:08 120] tts        570  local audiolen:  512  ,ced:  9  
[2021/01/15 22:37:08 120] tts        599  0  udata(c0071678) 1  
[2021/01/15 22:37:08 120] tts        792  TTS_MSG_GETAUDIO  0  
[2021/01/15 22:37:08 120] tts        557  get audio|use local  
[2021/01/15 22:37:08 120] tts        570  local audiolen:  512  ,ced:  9  
[2021/01/15 22:37:08 120] tts        599  0  udata(c00716c8) 1  
[2021/01/15 22:37:08 120] tts        792  TTS_MSG_GETAUDIO  0  
[2021/01/15 22:37:08 120] tts        557  get audio|use local  
[2021/01/15 22:37:08 120] tts        570  local audiolen:  512  ,ced:  9  
[2021/01/15 22:37:08 120] tts        599  0  udata(c0071718) 1  
[2021/01/15 22:37:08 121] tts        792  TTS_MSG_GETAUDIO  0  
[2021/01/15 22:37:08 121] tts        557  get audio|use local  
[2021/01/15 22:37:08 121] tts        570  local audiolen:  160  ,ced:  9  
[2021/01/15 22:37:08 121] tts        599  0  udata(c0088898) 1  
[2021/01/15 22:37:08 121] tts        792  TTS_MSG_GETAUDIO  0  
[2021/01/15 22:37:08 121] tts        557  get audio|use local  
[2021/01/15 22:37:08 121] tts        570  local audiolen:  94  ,ced:  24  
[2021/01/15 22:37:08 121] tts        599  0  udata(c00888e8) 1  
[2021/01/15 22:37:08 121] tts        792  TTS_MSG_GETAUDIO  0  
[2021/01/15 22:37:08 121] tts        557  get audio|use local  
[2021/01/15 22:37:08 121] tts        570  local audiolen:  3552  ,ced:  24  
[2021/01/15 22:37:08 121] tts        599  0  udata(c0088938) 1  
[2021/01/15 22:37:08 121] tts        792  TTS_MSG_GETAUDIO  0  
[2021/01/15 22:37:08 121] tts        557  get audio|use local  
[2021/01/15 22:37:08 121] tts        570  local audiolen:  7266  ,ced:  24  
[2021/01/15 22:37:08 121] tts        599  0  udata(c0088988) 1  
[2021/01/15 22:37:08 121] tts        792  TTS_MSG_GETAUDIO  0  
[2021/01/15 22:37:08 121] tts        557  get audio|use local  
[2021/01/15 22:37:08 121] tts        570  local audiolen:  8536  ,ced:  24  
[2021/01/15 22:37:08 121] tts        599  0  udata(c0088788) 1  
[2021/01/15 22:37:08 122] tts        792  TTS_MSG_GETAUDIO  0  
[2021/01/15 22:37:08 122] tts        557  get audio|use local  
[2021/01/15 22:37:08 122] tts        570  local audiolen:  6312  ,ced:  24  
[2021/01/15 22:37:08 122] tts        599  0  udata(c00887d8) 1  
[2021/01/15 22:37:08 122] tts        792  TTS_MSG_GETAUDIO  0  
[2021/01/15 22:37:08 122] tts        557  get audio|use local  
[2021/01/15 22:37:08 122] tts        570  local audiolen:  6954  ,ced:  24  
[2021/01/15 22:37:08 122] tts        599  0  udata(c0088828) 1  
[2021/01/15 22:37:08 122] tts        792  TTS_MSG_GETAUDIO  0  
[2021/01/15 22:37:08 122] tts        557  get audio|use local  
[2021/01/15 22:37:08 122] tts        570  local audiolen:  512  ,ced:  24  
[2021/01/15 22:37:08 122] tts        599  0  udata(c0089068) 1  
[2021/01/15 22:37:08 122] tts        792  TTS_MSG_GETAUDIO  0  
[2021/01/15 22:37:08 122] tts        557  get audio|use local  
[2021/01/15 22:37:08 122] tts        570  local audiolen:  512  ,ced:  24  
[2021/01/15 22:37:08 123] tts        599  0  udata(c00717c8) 1  
[2021/01/15 22:37:08 123] tts        792  TTS_MSG_GETAUDIO  0  
[2021/01/15 22:37:08 123] tts        557  get audio|use local  
[2021/01/15 22:37:08 123] tts        570  local audiolen:  512  ,ced:  24  
[2021/01/15 22:37:08 123] tts        599  0  udata(c0071818) 1  
[2021/01/15 22:37:08 123] tts        792  TTS_MSG_GETAUDIO  0  
[2021/01/15 22:37:08 123] tts        557  get audio|use local  
[2021/01/15 22:37:08 123] tts        570  local audiolen:  512  ,ced:  24  
[2021/01/15 22:37:08 123] tts        599  0  udata(c0071868) 1  
[2021/01/15 22:37:08 123] tts        792  TTS_MSG_GETAUDIO  0  
[2021/01/15 22:37:08 123] tts        557  get audio|use local  
[2021/01/15 22:37:08 124] tts        570  local audiolen:  512  ,ced:  24  
[2021/01/15 22:37:08 124] tts        599  0  udata(c00718b8) 1  
[2021/01/15 22:37:08 124] tts        792  TTS_MSG_GETAUDIO  0  
[2021/01/15 22:37:08 124] tts        557  get audio|use local  
[2021/01/15 22:37:08 124] tts        570  local audiolen:  512  ,ced:  24  
[2021/01/15 22:37:08 124] tts        599  0  udata(c0071908) 1  
[2021/01/15 22:37:08 125] tts        792  TTS_MSG_GETAUDIO  0  
[2021/01/15 22:37:08 125] tts        557  get audio|use local  
[2021/01/15 22:37:08 125] tts        570  local audiolen:  512  ,ced:  24  
[2021/01/15 22:37:08 125] tts        599  0  udata(c0089b78) 1  
[2021/01/15 22:37:08 125] tts        792  TTS_MSG_GETAUDIO  0  
[2021/01/15 22:37:08 125] tts        557  get audio|use local  
[2021/01/15 22:37:08 125] tts        570  local audiolen:  512  ,ced:  24  
[2021/01/15 22:37:08 125] tts        599  0  udata(c0089978) 1  
[2021/01/15 22:37:08 126] tts        792  TTS_MSG_GETAUDIO  0  
[2021/01/15 22:37:08 126] tts        557  get audio|use local  
[2021/01/15 22:37:08 126] tts        570  local audiolen:  512  ,ced:  24  
[2021/01/15 22:37:08 126] tts        599  0  udata(c0088be8) 1  
[2021/01/15 22:37:08 126] tts        792  TTS_MSG_GETAUDIO  0  
[2021/01/15 22:37:08 126] tts        557  get audio|use local  
[2021/01/15 22:37:08 126] tts        570  local audiolen:  512  ,ced:  24  
[2021/01/15 22:37:08 126] tts        599  0  udata(c0071768) 1  
[2021/01/15 22:37:08 126] tts        792  TTS_MSG_GETAUDIO  0  
[2021/01/15 22:37:08 126] tts        557  get audio|use local  
[2021/01/15 22:37:08 126] tts        570  local audiolen:  512  ,ced:  24  
[2021/01/15 22:37:08 126] tts        599  0  udata(c0089bc8) 1  
[2021/01/15 22:37:08 126] tts        792  TTS_MSG_GETAUDIO  0  
[2021/01/15 22:37:08 127] tts        557  get audio|use local  
[2021/01/15 22:37:08 127] tts        570  local audiolen:  512  ,ced:  24  
[2021/01/15 22:37:08 127] tts        599  0  udata(c00899c8) 1  
[2021/01/15 22:37:08 127] tts        792  TTS_MSG_GETAUDIO  0  
[2021/01/15 22:37:08 127] tts        557  get audio|use local  
[2021/01/15 22:37:08 127] tts        570  local audiolen:  512  ,ced:  24  
[2021/01/15 22:37:08 127] tts        599  0  udata(c0089a18) 1  
[2021/01/15 22:37:08 127] tts        792  TTS_MSG_GETAUDIO  0  
[2021/01/15 22:37:08 127] tts        557  get audio|use local  
[2021/01/15 22:37:08 127] tts        570  local audiolen:  512  ,ced:  24  
[2021/01/15 22:37:08 127] tts        599  0  udata(c0089a68) 1  
[2021/01/15 22:37:08 127] tts        792  TTS_MSG_GETAUDIO  0  
[2021/01/15 22:37:08 127] tts        557  get audio|use local  
[2021/01/15 22:37:08 127] tts        570  local audiolen:  512  ,ced:  24  
[2021/01/15 22:37:08 127] tts        599  0  udata(c0089ab8) 1  
[2021/01/15 22:37:08 127] tts        792  TTS_MSG_GETAUDIO  0  
[2021/01/15 22:37:08 127] tts        557  get audio|use local  
[2021/01/15 22:37:08 127] tts        570  local audiolen:  512  ,ced:  24  
[2021/01/15 22:37:08 127] tts        599  0  udata(c0089b08) 1  
[2021/01/15 22:37:08 128] tts        792  TTS_MSG_GETAUDIO  0  
[2021/01/15 22:37:08 128] tts        557  get audio|use local  
[2021/01/15 22:37:08 128] tts        570  local audiolen:  512  ,ced:  24  
[2021/01/15 22:37:08 128] tts        599  0  udata(c0088c38) 1  
[2021/01/15 22:37:08 128] tts        792  TTS_MSG_GETAUDIO  0  
[2021/01/15 22:37:08 128] tts        557  get audio|use local  
[2021/01/15 22:37:08 128] tts        570  local audiolen:  512  ,ced:  24  
[2021/01/15 22:37:08 128] tts        599  0  udata(c0088c88) 1  
[2021/01/15 22:37:08 128] tts        792  TTS_MSG_GETAUDIO  0  
[2021/01/15 22:37:08 128] tts        557  get audio|use local  
[2021/01/15 22:37:08 128] tts        570  local audiolen:  512  ,ced:  24  
[2021/01/15 22:37:08 128] tts        599  0  udata(c0088cd8) 1  
[2021/01/15 22:37:08 128] tts        792  TTS_MSG_GETAUDIO  0  
[2021/01/15 22:37:08 128] tts        557  get audio|use local  
[2021/01/15 22:37:08 128] tts        570  local audiolen:  512  ,ced:  24  
[2021/01/15 22:37:08 128] tts        599  0  udata(c0088d28) 1  
[2021/01/15 22:37:08 129] tts        792  TTS_MSG_GETAUDIO  0  
[2021/01/15 22:37:08 129] tts        557  get audio|use local  
[2021/01/15 22:37:08 129] tts        570  local audiolen:  512  ,ced:  24  
[2021/01/15 22:37:08 129] tts        599  0  udata(c0088d78) 1  
[2021/01/15 22:37:08 129] tts        792  TTS_MSG_GETAUDIO  0  
[2021/01/15 22:37:08 129] tts        557  get audio|use local  
[2021/01/15 22:37:08 129] tts        570  local audiolen:  512  ,ced:  24  
[2021/01/15 22:37:08 129] tts        599  0  udata(c0088dc8) 1  
[2021/01/15 22:37:08 129] tts        792  TTS_MSG_GETAUDIO  0  
[2021/01/15 22:37:08 129] tts        557  get audio|use local  
[2021/01/15 22:37:08 129] tts        570  local audiolen:  512  ,ced:  24  
[2021/01/15 22:37:08 129] tts        599  0  udata(c0088e18) 1  
[2021/01/15 22:37:08 129] tts        792  TTS_MSG_GETAUDIO  0  
[2021/01/15 22:37:08 129] tts        557  get audio|use local  
[2021/01/15 22:37:08 129] tts        570  local audiolen:  512  ,ced:  24  
[2021/01/15 22:37:08 129] tts        599  0  udata(c0088e68) 1  
[2021/01/15 22:37:08 129] tts        792  TTS_MSG_GETAUDIO  0  
[2021/01/15 22:37:08 129] tts        557  get audio|use local  
[2021/01/15 22:37:08 129] tts        570  local audiolen:  214  ,ced:  24  
[2021/01/15 22:37:08 129] tts        599  0  udata(c0088fa8) 2  
[2021/01/15 22:37:08 130] tts        795  TTS_MSG_SSE  
[2021/01/15 22:37:08 130] tts        693  sse|use local  
[2021/01/15 22:37:08 130] tts        711  tts exit  
