============================================================
Time  2021/01/18 10:13:09 708 
============================================================
[2021/01/18 10:13:09 708] tts        811  SYS_MSG_REGCB param0 =  msp_status_cb  param1 =  func(280464b0) 
[2021/01/18 10:13:09 709] config     43   use general cloud  
[2021/01/18 10:13:09 711] tts_cloud  1438 SYS_MSG_REGCB_CLOUD param0 =   msp_status_cb  param1 =  func(280464b0) 
[2021/01/18 10:13:09 711] tts        782  TTS_MSG_SSB  
[2021/01/18 10:13:09 711] tts        434  params =  engine_type = local,voice_name=xiaofeng, text_encoding = UTF8, tts_res_path = fo|res/tts/xiaofeng.jet;fo|res/tts/common.jet, sample_rate = 16000, speed = 50, volume = 50, pitch = 70, rdn = 2  
[2021/01/18 10:13:09 711] tts        273  auf=audio/L16;rate=16000  
[2021/01/18 10:13:09 711] tts        273  auf=audio/L16;rate=16000  
[2021/01/18 10:13:09 711] tts        471  ssb|use local  
[2021/01/18 10:13:09 711] tts        385  local_session_begin  
[2021/01/18 10:13:09 712] tts        789  TTS_MSG_SYN  0  
[2021/01/18 10:13:09 712] tts        514  synth|use local  
[2021/01/18 10:13:09 713] tts        792  TTS_MSG_GETAUDIO  0  
[2021/01/18 10:13:09 713] tts        557  get audio|use local  
[2021/01/18 10:13:09 713] tts        599  0  nil  1  
[2021/01/18 10:13:09 714] tts        792  TTS_MSG_GETAUDIO  0  
[2021/01/18 10:13:09 714] tts        557  get audio|use local  
[2021/01/18 10:13:09 714] tts        599  0  nil  1  
[2021/01/18 10:13:09 715] tts        792  TTS_MSG_GETAUDIO  0  
[2021/01/18 10:13:09 715] tts        557  get audio|use local  
[2021/01/18 10:13:09 715] tts        599  0  nil  1  
[2021/01/18 10:13:09 717] tts        792  TTS_MSG_GETAUDIO  0  
[2021/01/18 10:13:09 717] tts        557  get audio|use local  
[2021/01/18 10:13:09 717] tts        599  0  nil  1  
[2021/01/18 10:13:09 718] tts        792  TTS_MSG_GETAUDIO  0  
[2021/01/18 10:13:09 718] tts        557  get audio|use local  
[2021/01/18 10:13:09 718] tts        599  0  nil  1  
[2021/01/18 10:13:09 719] tts        301  TTS_LOCAL_CB_BEGIN  
[2021/01/18 10:13:09 719] tts        792  TTS_MSG_GETAUDIO  0  
[2021/01/18 10:13:09 719] tts        557  get audio|use local  
[2021/01/18 10:13:09 719] tts        599  0  nil  1  
[2021/01/18 10:13:09 719] tts        792  TTS_MSG_GETAUDIO  0  
[2021/01/18 10:13:09 719] tts        557  get audio|use local  
[2021/01/18 10:13:09 719] tts        599  0  nil  1  
[2021/01/18 10:13:09 720] tts        792  TTS_MSG_GETAUDIO  0  
[2021/01/18 10:13:09 720] tts        557  get audio|use local  
[2021/01/18 10:13:09 720] tts        599  0  nil  1  
[2021/01/18 10:13:09 720] tts        792  TTS_MSG_GETAUDIO  0  
[2021/01/18 10:13:09 720] tts        557  get audio|use local  
[2021/01/18 10:13:09 720] tts        599  0  nil  1  
[2021/01/18 10:13:09 721] tts        792  TTS_MSG_GETAUDIO  0  
[2021/01/18 10:13:09 721] tts        557  get audio|use local  
[2021/01/18 10:13:09 721] tts        599  0  nil  1  
[2021/01/18 10:13:09 722] tts        792  TTS_MSG_GETAUDIO  0  
[2021/01/18 10:13:09 722] tts        557  get audio|use local  
[2021/01/18 10:13:09 722] tts        599  0  nil  1  
[2021/01/18 10:13:09 722] tts        317  TTS_LOCAL_CB_OUTPUT  101  udata(2802d748) 3  
[2021/01/18 10:13:09 722] tts        321  udata(2802d748) 3  
[2021/01/18 10:13:09 722] tts        792  TTS_MSG_GETAUDIO  0  
[2021/01/18 10:13:09 723] tts        557  get audio|use local  
[2021/01/18 10:13:09 723] tts        570  local audiolen:  94  ,ced:  3  
[2021/01/18 10:13:09 723] tts        599  0  udata(2802d458) 1  
[2021/01/18 10:13:09 723] tts        317  TTS_LOCAL_CB_OUTPUT  101  udata(2802d5f8) 3  
[2021/01/18 10:13:09 723] tts        321  udata(2802d5f8) 3  
[2021/01/18 10:13:09 725] tts        317  TTS_LOCAL_CB_OUTPUT  101  udata(2802d698) 3  
[2021/01/18 10:13:09 725] tts        321  udata(2802d698) 3  
[2021/01/18 10:13:09 725] tts        303  0  0  
[2021/01/18 10:13:09 725] tts        314  TTS_LOCAL_CB_END,  2  
[2021/01/18 10:13:09 725] tts        792  TTS_MSG_GETAUDIO  0  
[2021/01/18 10:13:09 725] tts        557  get audio|use local  
[2021/01/18 10:13:09 725] tts        570  local audiolen:  12604  ,ced:  3  
[2021/01/18 10:13:09 725] tts        599  0  udata(280776a8) 1  
[2021/01/18 10:13:09 726] tts        792  TTS_MSG_GETAUDIO  0  
[2021/01/18 10:13:09 726] tts        557  get audio|use local  
[2021/01/18 10:13:09 726] tts        570  local audiolen:  4798  ,ced:  3  
[2021/01/18 10:13:09 726] tts        599  0  udata(2802d558) 2  
[2021/01/18 10:13:09 726] tts        795  TTS_MSG_SSE  
[2021/01/18 10:13:09 727] tts        693  sse|use local  
[2021/01/18 10:13:09 727] tts        711  tts exit  
