============================================================
Time  2021/01/15 22:35:12 657 
============================================================
[2021/01/15 22:35:12 777] tts        811  SYS_MSG_REGCB param0 =  msp_status_cb  param1 =  func(68006dd0) 
[2021/01/15 22:35:12 778] config     43   use general cloud  
[2021/01/15 22:35:12 780] tts_cloud  1438 SYS_MSG_REGCB_CLOUD param0 =   msp_status_cb  param1 =  func(68006dd0) 
[2021/01/15 22:35:12 780] tts        782  TTS_MSG_SSB  
[2021/01/15 22:35:12 780] tts        434  params =  engine_type = local,voice_name=xiaofeng, text_encoding = UTF8, tts_res_path = fo|res/tts/xiaofeng.jet;fo|res/tts/common.jet, sample_rate = 16000, speed = 50, volume = 50, pitch = 70, rdn = 2  
[2021/01/15 22:35:12 780] tts        273  auf=audio/L16;rate=16000  
[2021/01/15 22:35:12 780] tts        273  auf=audio/L16;rate=16000  
[2021/01/15 22:35:12 780] tts        471  ssb|use local  
[2021/01/15 22:35:12 780] tts        385  local_session_begin  
[2021/01/15 22:35:12 781] tts        789  TTS_MSG_SYN  0  
[2021/01/15 22:35:12 781] tts        514  synth|use local  
[2021/01/15 22:35:12 782] tts        792  TTS_MSG_GETAUDIO  0  
[2021/01/15 22:35:12 782] tts        557  get audio|use local  
[2021/01/15 22:35:12 782] tts        599  0  nil  1  
[2021/01/15 22:35:12 783] tts        792  TTS_MSG_GETAUDIO  0  
[2021/01/15 22:35:12 783] tts        557  get audio|use local  
[2021/01/15 22:35:12 783] tts        599  0  nil  1  
[2021/01/15 22:35:12 784] tts        792  TTS_MSG_GETAUDIO  0  
[2021/01/15 22:35:12 784] tts        557  get audio|use local  
[2021/01/15 22:35:12 784] tts        599  0  nil  1  
[2021/01/15 22:35:12 784] tts        792  TTS_MSG_GETAUDIO  0  
[2021/01/15 22:35:12 785] tts        557  get audio|use local  
[2021/01/15 22:35:12 785] tts        599  0  nil  1  
[2021/01/15 22:35:12 786] tts        792  TTS_MSG_GETAUDIO  0  
[2021/01/15 22:35:12 786] tts        557  get audio|use local  
[2021/01/15 22:35:12 786] tts        599  0  nil  1  
[2021/01/15 22:35:12 788] tts        792  TTS_MSG_GETAUDIO  0  
[2021/01/15 22:35:12 788] tts        557  get audio|use local  
[2021/01/15 22:35:12 788] tts        599  0  nil  1  
[2021/01/15 22:35:12 788] tts        301  TTS_LOCAL_CB_BEGIN  
[2021/01/15 22:35:12 788] tts        792  TTS_MSG_GETAUDIO  0  
[2021/01/15 22:35:12 788] tts        557  get audio|use local  
[2021/01/15 22:35:12 788] tts        599  0  nil  1  
[2021/01/15 22:35:12 789] tts        792  TTS_MSG_GETAUDIO  0  
[2021/01/15 22:35:12 789] tts        557  get audio|use local  
[2021/01/15 22:35:12 789] tts        599  0  nil  1  
[2021/01/15 22:35:12 789] tts        792  TTS_MSG_GETAUDIO  0  
[2021/01/15 22:35:12 789] tts        557  get audio|use local  
[2021/01/15 22:35:12 789] tts        599  0  nil  1  
[2021/01/15 22:35:12 790] tts        792  TTS_MSG_GETAUDIO  0  
[2021/01/15 22:35:12 791] tts        557  get audio|use local  
[2021/01/15 22:35:12 791] tts        599  0  nil  1  
[2021/01/15 22:35:12 791] tts        317  TTS_LOCAL_CB_OUTPUT  101  udata(68008008) 4  
[2021/01/15 22:35:12 791] tts        321  udata(68008008) 4  
[2021/01/15 22:35:12 792] tts        317  TTS_LOCAL_CB_OUTPUT  101  udata(68008a08) 4  
[2021/01/15 22:35:12 792] tts        321  udata(68008a08) 4  
[2021/01/15 22:35:12 792] tts        317  TTS_LOCAL_CB_OUTPUT  101  udata(68291198) 4  
[2021/01/15 22:35:12 792] tts        321  udata(68291198) 4  
[2021/01/15 22:35:12 792] tts        317  TTS_LOCAL_CB_OUTPUT  101  udata(682913a8) 4  
[2021/01/15 22:35:12 793] tts        321  udata(682913a8) 4  
[2021/01/15 22:35:12 793] tts        792  TTS_MSG_GETAUDIO  0  
[2021/01/15 22:35:12 793] tts        557  get audio|use local  
[2021/01/15 22:35:12 793] tts        570  local audiolen:  94  ,ced:  4  
[2021/01/15 22:35:12 793] tts        599  0  udata(68291698) 1  
[2021/01/15 22:35:12 793] tts        792  TTS_MSG_GETAUDIO  0  
[2021/01/15 22:35:12 793] tts        557  get audio|use local  
[2021/01/15 22:35:12 793] tts        570  local audiolen:  5420  ,ced:  4  
[2021/01/15 22:35:12 794] tts        599  0  udata(682914a8) 1  
[2021/01/15 22:35:12 794] tts        317  TTS_LOCAL_CB_OUTPUT  101  udata(68291628) 4  
[2021/01/15 22:35:12 794] tts        321  udata(68291628) 4  
[2021/01/15 22:35:12 795] tts        317  TTS_LOCAL_CB_OUTPUT  101  udata(68292cd8) 4  
[2021/01/15 22:35:12 795] tts        321  udata(68292cd8) 4  
[2021/01/15 22:35:12 795] tts        317  TTS_LOCAL_CB_OUTPUT  101  udata(68291578) 4  
[2021/01/15 22:35:12 796] tts        321  udata(68291578) 4  
[2021/01/15 22:35:12 796] tts        792  TTS_MSG_GETAUDIO  0  
[2021/01/15 22:35:12 796] tts        557  get audio|use local  
[2021/01/15 22:35:12 796] tts        570  local audiolen:  14812  ,ced:  4  
[2021/01/15 22:35:12 796] tts        599  0  udata(68291508) 1  
[2021/01/15 22:35:12 797] tts        792  TTS_MSG_GETAUDIO  0  
[2021/01/15 22:35:12 797] tts        557  get audio|use local  
[2021/01/15 22:35:12 797] tts        570  local audiolen:  4962  ,ced:  4  
[2021/01/15 22:35:12 797] tts        599  0  udata(68292b18) 1  
[2021/01/15 22:35:12 797] tts        792  TTS_MSG_GETAUDIO  0  
[2021/01/15 22:35:12 797] tts        557  get audio|use local  
[2021/01/15 22:35:12 797] tts        570  local audiolen:  216  ,ced:  4  
[2021/01/15 22:35:12 797] tts        599  0  udata(68291798) 1  
[2021/01/15 22:35:12 797] tts        792  TTS_MSG_GETAUDIO  0  
[2021/01/15 22:35:12 798] tts        557  get audio|use local  
[2021/01/15 22:35:12 798] tts        570  local audiolen:  1468  ,ced:  4  
[2021/01/15 22:35:12 798] tts        599  0  udata(68292b68) 1  
[2021/01/15 22:35:12 799] tts        317  TTS_LOCAL_CB_OUTPUT  101  udata(68292c18) 7  
[2021/01/15 22:35:12 799] tts        321  udata(68292c18) 7  
[2021/01/15 22:35:12 799] tts        792  TTS_MSG_GETAUDIO  0  
[2021/01/15 22:35:12 799] tts        557  get audio|use local  
[2021/01/15 22:35:12 799] tts        570  local audiolen:  10042  ,ced:  4  
[2021/01/15 22:35:12 799] tts        599  0  udata(682917e8) 1  
[2021/01/15 22:35:12 800] tts        317  TTS_LOCAL_CB_OUTPUT  101  udata(68291898) 7  
[2021/01/15 22:35:12 800] tts        321  udata(68291898) 7  
[2021/01/15 22:35:12 801] tts        317  TTS_LOCAL_CB_OUTPUT  101  udata(68291998) 7  
[2021/01/15 22:35:12 801] tts        321  udata(68291998) 7  
[2021/01/15 22:35:12 801] tts        317  TTS_LOCAL_CB_OUTPUT  101  udata(68292db8) 7  
[2021/01/15 22:35:12 801] tts        321  udata(68292db8) 7  
[2021/01/15 22:35:12 801] tts        792  TTS_MSG_GETAUDIO  0  
[2021/01/15 22:35:12 801] tts        557  get audio|use local  
[2021/01/15 22:35:12 802] tts        570  local audiolen:  216  ,ced:  7  
[2021/01/15 22:35:12 802] tts        599  0  udata(68291ce8) 1  
[2021/01/15 22:35:12 804] tts        317  TTS_LOCAL_CB_OUTPUT  101  udata(68291d98) 7  
[2021/01/15 22:35:12 804] tts        321  udata(68291d98) 7  
[2021/01/15 22:35:12 804] tts        792  TTS_MSG_GETAUDIO  0  
[2021/01/15 22:35:12 804] tts        557  get audio|use local  
[2021/01/15 22:35:12 804] tts        570  local audiolen:  1468  ,ced:  7  
[2021/01/15 22:35:12 805] tts        599  0  udata(68291bf8) 1  
[2021/01/15 22:35:12 806] tts        317  TTS_LOCAL_CB_OUTPUT  101  udata(682929d8) 7  
[2021/01/15 22:35:12 806] tts        321  udata(682929d8) 7  
[2021/01/15 22:35:12 806] tts        317  TTS_LOCAL_CB_OUTPUT  101  udata(68292eb8) 7  
[2021/01/15 22:35:12 806] tts        321  udata(68292eb8) 7  
[2021/01/15 22:35:12 806] tts        317  TTS_LOCAL_CB_OUTPUT  101  udata(68292fb8) 7  
[2021/01/15 22:35:12 806] tts        321  udata(68292fb8) 7  
[2021/01/15 22:35:12 806] tts        792  TTS_MSG_GETAUDIO  0  
[2021/01/15 22:35:12 806] tts        557  get audio|use local  
[2021/01/15 22:35:12 807] tts        570  local audiolen:  7116  ,ced:  7  
[2021/01/15 22:35:12 807] tts        599  0  udata(68292458) 1  
[2021/01/15 22:35:12 807] tts        317  TTS_LOCAL_CB_OUTPUT  101  udata(68292508) 7  
[2021/01/15 22:35:12 807] tts        321  udata(68292508) 7  
[2021/01/15 22:35:12 808] tts        317  TTS_LOCAL_CB_OUTPUT  101  udata(68292608) 7  
[2021/01/15 22:35:12 808] tts        321  udata(68292608) 7  
[2021/01/15 22:35:12 808] tts        317  TTS_LOCAL_CB_OUTPUT  101  udata(68292708) 7  
[2021/01/15 22:35:12 808] tts        321  udata(68292708) 7  
[2021/01/15 22:35:12 809] tts        317  TTS_LOCAL_CB_OUTPUT  101  udata(68291a38) 7  
[2021/01/15 22:35:12 809] tts        321  udata(68291a38) 7  
[2021/01/15 22:35:12 809] tts        317  TTS_LOCAL_CB_OUTPUT  101  udata(68291e38) 7  
[2021/01/15 22:35:12 809] tts        321  udata(68291e38) 7  
[2021/01/15 22:35:12 810] tts        317  TTS_LOCAL_CB_OUTPUT  101  udata(68291f38) 7  
[2021/01/15 22:35:12 810] tts        321  udata(68291f38) 7  
[2021/01/15 22:35:12 810] tts        317  TTS_LOCAL_CB_OUTPUT  101  udata(68292038) 7  
[2021/01/15 22:35:12 811] tts        321  udata(68292038) 7  
[2021/01/15 22:35:12 811] tts        317  TTS_LOCAL_CB_OUTPUT  101  udata(68292138) 7  
[2021/01/15 22:35:12 811] tts        321  udata(68292138) 7  
[2021/01/15 22:35:12 811] tts        317  TTS_LOCAL_CB_OUTPUT  101  udata(68292238) 7  
[2021/01/15 22:35:12 812] tts        321  udata(68292238) 7  
[2021/01/15 22:35:12 812] tts        317  TTS_LOCAL_CB_OUTPUT  101  udata(68292338) 7  
[2021/01/15 22:35:12 812] tts        321  udata(68292338) 7  
[2021/01/15 22:35:12 812] tts        317  TTS_LOCAL_CB_OUTPUT  101  udata(68293068) 7  
[2021/01/15 22:35:12 812] tts        321  udata(68293068) 7  
[2021/01/15 22:35:12 812] tts        317  TTS_LOCAL_CB_OUTPUT  101  udata(68293168) 7  
[2021/01/15 22:35:12 812] tts        321  udata(68293168) 7  
[2021/01/15 22:35:12 813] tts        317  TTS_LOCAL_CB_OUTPUT  101  udata(68293268) 7  
[2021/01/15 22:35:12 813] tts        321  udata(68293268) 7  
[2021/01/15 22:35:12 813] tts        317  TTS_LOCAL_CB_OUTPUT  101  udata(68293368) 7  
[2021/01/15 22:35:12 813] tts        321  udata(68293368) 7  
[2021/01/15 22:35:12 813] tts        317  TTS_LOCAL_CB_OUTPUT  101  udata(68293468) 7  
[2021/01/15 22:35:12 813] tts        321  udata(68293468) 7  
[2021/01/15 22:35:12 813] tts        303  0  0  
[2021/01/15 22:35:12 813] tts        314  TTS_LOCAL_CB_END,  2  
[2021/01/15 22:35:12 813] tts        792  TTS_MSG_GETAUDIO  0  
[2021/01/15 22:35:12 813] tts        557  get audio|use local  
[2021/01/15 22:35:12 813] tts        570  local audiolen:  9154  ,ced:  7  
[2021/01/15 22:35:12 813] tts        599  0  udata(68293708) 1  
[2021/01/15 22:35:12 813] tts        792  TTS_MSG_GETAUDIO  0  
[2021/01/15 22:35:12 814] tts        557  get audio|use local  
[2021/01/15 22:35:12 814] tts        570  local audiolen:  512  ,ced:  7  
[2021/01/15 22:35:12 814] tts        599  0  udata(682939c8) 1  
[2021/01/15 22:35:12 814] tts        792  TTS_MSG_GETAUDIO  0  
[2021/01/15 22:35:12 814] tts        557  get audio|use local  
[2021/01/15 22:35:12 814] tts        570  local audiolen:  512  ,ced:  7  
[2021/01/15 22:35:12 814] tts        599  0  udata(68293a18) 1  
[2021/01/15 22:35:12 814] tts        792  TTS_MSG_GETAUDIO  0  
[2021/01/15 22:35:12 814] tts        557  get audio|use local  
[2021/01/15 22:35:12 814] tts        570  local audiolen:  512  ,ced:  7  
[2021/01/15 22:35:12 814] tts        599  0  udata(68293a68) 1  
[2021/01/15 22:35:12 815] tts        792  TTS_MSG_GETAUDIO  0  
[2021/01/15 22:35:12 815] tts        557  get audio|use local  
[2021/01/15 22:35:12 815] tts        570  local audiolen:  512  ,ced:  7  
[2021/01/15 22:35:12 815] tts        599  0  udata(68293ab8) 1  
[2021/01/15 22:35:12 815] tts        792  TTS_MSG_GETAUDIO  0  
[2021/01/15 22:35:12 815] tts        557  get audio|use local  
[2021/01/15 22:35:12 815] tts        570  local audiolen:  512  ,ced:  7  
[2021/01/15 22:35:12 815] tts        599  0  udata(68293b08) 1  
[2021/01/15 22:35:12 815] tts        792  TTS_MSG_GETAUDIO  0  
[2021/01/15 22:35:12 815] tts        557  get audio|use local  
[2021/01/15 22:35:12 815] tts        570  local audiolen:  512  ,ced:  7  
[2021/01/15 22:35:12 815] tts        599  0  udata(68293b58) 1  
[2021/01/15 22:35:12 816] tts        792  TTS_MSG_GETAUDIO  0  
[2021/01/15 22:35:12 816] tts        557  get audio|use local  
[2021/01/15 22:35:12 816] tts        570  local audiolen:  512  ,ced:  7  
[2021/01/15 22:35:12 816] tts        599  0  udata(68293ba8) 1  
[2021/01/15 22:35:12 816] tts        792  TTS_MSG_GETAUDIO  0  
[2021/01/15 22:35:12 816] tts        557  get audio|use local  
[2021/01/15 22:35:12 816] tts        570  local audiolen:  512  ,ced:  7  
[2021/01/15 22:35:12 816] tts        599  0  udata(68293bf8) 1  
[2021/01/15 22:35:12 816] tts        792  TTS_MSG_GETAUDIO  0  
[2021/01/15 22:35:12 816] tts        557  get audio|use local  
[2021/01/15 22:35:12 816] tts        570  local audiolen:  512  ,ced:  7  
[2021/01/15 22:35:12 817] tts        599  0  udata(68293c48) 1  
[2021/01/15 22:35:12 817] tts        792  TTS_MSG_GETAUDIO  0  
[2021/01/15 22:35:12 817] tts        557  get audio|use local  
[2021/01/15 22:35:12 817] tts        570  local audiolen:  512  ,ced:  7  
[2021/01/15 22:35:12 817] tts        599  0  udata(68293c98) 1  
[2021/01/15 22:35:12 817] tts        792  TTS_MSG_GETAUDIO  0  
[2021/01/15 22:35:12 817] tts        557  get audio|use local  
[2021/01/15 22:35:12 817] tts        570  local audiolen:  512  ,ced:  7  
[2021/01/15 22:35:12 817] tts        599  0  udata(68293ce8) 1  
[2021/01/15 22:35:12 818] tts        792  TTS_MSG_GETAUDIO  0  
[2021/01/15 22:35:12 818] tts        557  get audio|use local  
[2021/01/15 22:35:12 818] tts        570  local audiolen:  512  ,ced:  7  
[2021/01/15 22:35:12 818] tts        599  0  udata(68293d38) 1  
[2021/01/15 22:35:12 818] tts        792  TTS_MSG_GETAUDIO  0  
[2021/01/15 22:35:12 818] tts        557  get audio|use local  
[2021/01/15 22:35:12 818] tts        570  local audiolen:  512  ,ced:  7  
[2021/01/15 22:35:12 818] tts        599  0  udata(68293d88) 1  
[2021/01/15 22:35:12 818] tts        792  TTS_MSG_GETAUDIO  0  
[2021/01/15 22:35:12 818] tts        557  get audio|use local  
[2021/01/15 22:35:12 818] tts        570  local audiolen:  512  ,ced:  7  
[2021/01/15 22:35:12 818] tts        599  0  udata(68293dd8) 1  
[2021/01/15 22:35:12 819] tts        792  TTS_MSG_GETAUDIO  0  
[2021/01/15 22:35:12 819] tts        557  get audio|use local  
[2021/01/15 22:35:12 819] tts        570  local audiolen:  512  ,ced:  7  
[2021/01/15 22:35:12 819] tts        599  0  udata(68293e28) 1  
[2021/01/15 22:35:12 819] tts        792  TTS_MSG_GETAUDIO  0  
[2021/01/15 22:35:12 819] tts        557  get audio|use local  
[2021/01/15 22:35:12 819] tts        570  local audiolen:  512  ,ced:  7  
[2021/01/15 22:35:12 819] tts        599  0  udata(68293e78) 1  
[2021/01/15 22:35:12 819] tts        792  TTS_MSG_GETAUDIO  0  
[2021/01/15 22:35:12 819] tts        557  get audio|use local  
[2021/01/15 22:35:12 819] tts        570  local audiolen:  512  ,ced:  7  
[2021/01/15 22:35:12 820] tts        599  0  udata(68293ec8) 1  
[2021/01/15 22:35:12 820] tts        792  TTS_MSG_GETAUDIO  0  
[2021/01/15 22:35:12 820] tts        557  get audio|use local  
[2021/01/15 22:35:12 820] tts        570  local audiolen:  512  ,ced:  7  
[2021/01/15 22:35:12 820] tts        599  0  udata(68293f18) 1  
[2021/01/15 22:35:12 820] tts        792  TTS_MSG_GETAUDIO  0  
[2021/01/15 22:35:12 820] tts        557  get audio|use local  
[2021/01/15 22:35:12 820] tts        570  local audiolen:  160  ,ced:  7  
[2021/01/15 22:35:12 820] tts        599  0  udata(68293868) 2  
[2021/01/15 22:35:12 821] tts        795  TTS_MSG_SSE  
[2021/01/15 22:35:12 821] tts        693  sse|use local  
[2021/01/15 22:35:12 821] tts        711  tts exit  
