============================================================
Time  2021/01/16 16:52:10 749 
============================================================
[2021/01/16 16:52:10 749] tts        811  SYS_MSG_REGCB param0 =  msp_status_cb  param1 =  func(30001820) 
[2021/01/16 16:52:10 750] config     43   use general cloud  
[2021/01/16 16:52:10 752] tts_cloud  1438 SYS_MSG_REGCB_CLOUD param0 =   msp_status_cb  param1 =  func(30001820) 
[2021/01/16 16:52:10 753] tts        782  TTS_MSG_SSB  
[2021/01/16 16:52:10 753] tts        434  params =  engine_type = local,voice_name=xiaofeng, text_encoding = UTF8, tts_res_path = fo|res/tts/xiaofeng.jet;fo|res/tts/common.jet, sample_rate = 16000, speed = 50, volume = 50, pitch = 70, rdn = 2  
[2021/01/16 16:52:10 753] tts        273  auf=audio/L16;rate=16000  
[2021/01/16 16:52:10 753] tts        273  auf=audio/L16;rate=16000  
[2021/01/16 16:52:10 753] tts        471  ssb|use local  
[2021/01/16 16:52:10 753] tts        385  local_session_begin  
[2021/01/16 16:52:10 753] tts        789  TTS_MSG_SYN  0  
[2021/01/16 16:52:10 754] tts        514  synth|use local  
[2021/01/16 16:52:10 754] tts        792  TTS_MSG_GETAUDIO  0  
[2021/01/16 16:52:10 754] tts        557  get audio|use local  
[2021/01/16 16:52:10 755] tts        599  0  nil  1  
[2021/01/16 16:52:10 756] tts        792  TTS_MSG_GETAUDIO  0  
[2021/01/16 16:52:10 756] tts        557  get audio|use local  
[2021/01/16 16:52:10 756] tts        599  0  nil  1  
[2021/01/16 16:52:10 757] tts        792  TTS_MSG_GETAUDIO  0  
[2021/01/16 16:52:10 757] tts        557  get audio|use local  
[2021/01/16 16:52:10 757] tts        599  0  nil  1  
[2021/01/16 16:52:10 758] tts        792  TTS_MSG_GETAUDIO  0  
[2021/01/16 16:52:10 758] tts        557  get audio|use local  
[2021/01/16 16:52:10 758] tts        599  0  nil  1  
[2021/01/16 16:52:10 759] tts        792  TTS_MSG_GETAUDIO  0  
[2021/01/16 16:52:10 759] tts        557  get audio|use local  
[2021/01/16 16:52:10 759] tts        599  0  nil  1  
[2021/01/16 16:52:10 760] tts        301  TTS_LOCAL_CB_BEGIN  
[2021/01/16 16:52:10 760] tts        792  TTS_MSG_GETAUDIO  0  
[2021/01/16 16:52:10 760] tts        557  get audio|use local  
[2021/01/16 16:52:10 760] tts        599  0  nil  1  
[2021/01/16 16:52:10 760] tts        792  TTS_MSG_GETAUDIO  0  
[2021/01/16 16:52:10 761] tts        557  get audio|use local  
[2021/01/16 16:52:10 761] tts        599  0  nil  1  
[2021/01/16 16:52:10 761] tts        792  TTS_MSG_GETAUDIO  0  
[2021/01/16 16:52:10 761] tts        557  get audio|use local  
[2021/01/16 16:52:10 761] tts        599  0  nil  1  
[2021/01/16 16:52:10 761] tts        792  TTS_MSG_GETAUDIO  0  
[2021/01/16 16:52:10 762] tts        557  get audio|use local  
[2021/01/16 16:52:10 762] tts        599  0  nil  1  
[2021/01/16 16:52:10 763] tts        317  TTS_LOCAL_CB_OUTPUT  101  udata(300749a8) 9  
[2021/01/16 16:52:10 763] tts        321  udata(300749a8) 9  
[2021/01/16 16:52:10 763] tts        317  TTS_LOCAL_CB_OUTPUT  101  udata(300753a8) 9  
[2021/01/16 16:52:10 763] tts        321  udata(300753a8) 9  
[2021/01/16 16:52:10 764] tts        792  TTS_MSG_GETAUDIO  0  
[2021/01/16 16:52:10 764] tts        557  get audio|use local  
[2021/01/16 16:52:10 764] tts        570  local audiolen:  224  ,ced:  9  
[2021/01/16 16:52:10 764] tts        599  0  udata(300656d8) 1  
[2021/01/16 16:52:10 765] tts        317  TTS_LOCAL_CB_OUTPUT  101  udata(300659d8) 9  
[2021/01/16 16:52:10 765] tts        321  udata(300659d8) 9  
[2021/01/16 16:52:10 765] tts        317  TTS_LOCAL_CB_OUTPUT  101  udata(30065ad8) 9  
[2021/01/16 16:52:10 765] tts        321  udata(30065ad8) 9  
[2021/01/16 16:52:10 765] tts        317  TTS_LOCAL_CB_OUTPUT  101  udata(30065c28) 9  
[2021/01/16 16:52:10 765] tts        321  udata(30065c28) 9  
[2021/01/16 16:52:10 766] tts        303  0  0  
[2021/01/16 16:52:10 766] tts        314  TTS_LOCAL_CB_END,  2  
[2021/01/16 16:52:10 766] tts        792  TTS_MSG_GETAUDIO  0  
[2021/01/16 16:52:10 766] tts        557  get audio|use local  
[2021/01/16 16:52:10 766] tts        570  local audiolen:  4552  ,ced:  9  
[2021/01/16 16:52:10 766] tts        599  0  udata(30065778) 1  
[2021/01/16 16:52:10 766] tts        792  TTS_MSG_GETAUDIO  0  
[2021/01/16 16:52:10 766] tts        557  get audio|use local  
[2021/01/16 16:52:10 766] tts        570  local audiolen:  6620  ,ced:  9  
[2021/01/16 16:52:10 766] tts        599  0  udata(30065488) 1  
[2021/01/16 16:52:10 767] tts        792  TTS_MSG_GETAUDIO  0  
[2021/01/16 16:52:10 767] tts        557  get audio|use local  
[2021/01/16 16:52:10 767] tts        570  local audiolen:  9502  ,ced:  9  
[2021/01/16 16:52:10 767] tts        599  0  udata(30001dc8) 1  
[2021/01/16 16:52:10 767] tts        792  TTS_MSG_GETAUDIO  0  
[2021/01/16 16:52:10 767] tts        557  get audio|use local  
[2021/01/16 16:52:10 767] tts        570  local audiolen:  4128  ,ced:  9  
[2021/01/16 16:52:10 767] tts        599  0  udata(30001e18) 2  
[2021/01/16 16:52:10 767] tts        795  TTS_MSG_SSE  
[2021/01/16 16:52:10 768] tts        693  sse|use local  
[2021/01/16 16:52:10 768] tts        711  tts exit  
