============================================================
Time  2021/01/15 22:02:03 768 
============================================================
[2021/01/15 22:02:03 768] tts        811  SYS_MSG_REGCB param0 =  msp_status_cb  param1 =  func(9c014cc0) 
[2021/01/15 22:02:03 769] config     43   use general cloud  
[2021/01/15 22:02:03 770] tts_cloud  1438 SYS_MSG_REGCB_CLOUD param0 =   msp_status_cb  param1 =  func(9c014cc0) 
[2021/01/15 22:02:03 770] tts        782  TTS_MSG_SSB  
[2021/01/15 22:02:03 770] tts        434  params =  engine_type = local,voice_name=xiaofeng, text_encoding = UTF8, tts_res_path = fo|res/tts/xiaofeng.jet;fo|res/tts/common.jet, sample_rate = 16000, speed = 50, volume = 50, pitch = 70, rdn = 2  
[2021/01/15 22:02:03 770] tts        273  auf=audio/L16;rate=16000  
[2021/01/15 22:02:03 770] tts        273  auf=audio/L16;rate=16000  
[2021/01/15 22:02:03 770] tts        471  ssb|use local  
[2021/01/15 22:02:03 770] tts        385  local_session_begin  
[2021/01/15 22:02:03 771] tts        789  TTS_MSG_SYN  0  
[2021/01/15 22:02:03 771] tts        514  synth|use local  
[2021/01/15 22:02:03 771] tts        792  TTS_MSG_GETAUDIO  0  
[2021/01/15 22:02:03 771] tts        557  get audio|use local  
[2021/01/15 22:02:03 771] tts        599  0  nil  1  
[2021/01/15 22:02:03 772] tts        792  TTS_MSG_GETAUDIO  0  
[2021/01/15 22:02:03 772] tts        557  get audio|use local  
[2021/01/15 22:02:03 772] tts        599  0  nil  1  
[2021/01/15 22:02:03 772] tts        792  TTS_MSG_GETAUDIO  0  
[2021/01/15 22:02:03 772] tts        557  get audio|use local  
[2021/01/15 22:02:03 772] tts        599  0  nil  1  
[2021/01/15 22:02:03 773] tts        792  TTS_MSG_GETAUDIO  0  
[2021/01/15 22:02:03 773] tts        557  get audio|use local  
[2021/01/15 22:02:03 773] tts        599  0  nil  1  
[2021/01/15 22:02:03 773] tts        792  TTS_MSG_GETAUDIO  0  
[2021/01/15 22:02:03 773] tts        557  get audio|use local  
[2021/01/15 22:02:03 773] tts        599  0  nil  1  
[2021/01/15 22:02:03 773] tts        792  TTS_MSG_GETAUDIO  0  
[2021/01/15 22:02:03 773] tts        557  get audio|use local  
[2021/01/15 22:02:03 773] tts        599  0  nil  1  
[2021/01/15 22:02:03 774] tts        792  TTS_MSG_GETAUDIO  0  
[2021/01/15 22:02:03 774] tts        557  get audio|use local  
[2021/01/15 22:02:03 774] tts        599  0  nil  1  
[2021/01/15 22:02:03 774] tts        792  TTS_MSG_GETAUDIO  0  
[2021/01/15 22:02:03 774] tts        557  get audio|use local  
[2021/01/15 22:02:03 775] tts        599  0  nil  1  
[2021/01/15 22:02:03 775] tts        792  TTS_MSG_GETAUDIO  0  
[2021/01/15 22:02:03 775] tts        557  get audio|use local  
[2021/01/15 22:02:03 775] tts        599  0  nil  1  
[2021/01/15 22:02:03 776] tts        792  TTS_MSG_GETAUDIO  0  
[2021/01/15 22:02:03 776] tts        557  get audio|use local  
[2021/01/15 22:02:03 776] tts        599  0  nil  1  
[2021/01/15 22:02:03 776] tts        792  TTS_MSG_GETAUDIO  0  
[2021/01/15 22:02:03 776] tts        557  get audio|use local  
[2021/01/15 22:02:03 776] tts        599  0  nil  1  
[2021/01/15 22:02:03 777] tts        792  TTS_MSG_GETAUDIO  0  
[2021/01/15 22:02:03 777] tts        557  get audio|use local  
[2021/01/15 22:02:03 777] tts        599  0  nil  1  
[2021/01/15 22:02:03 777] tts        792  TTS_MSG_GETAUDIO  0  
[2021/01/15 22:02:03 777] tts        557  get audio|use local  
[2021/01/15 22:02:03 777] tts        599  0  nil  1  
[2021/01/15 22:02:03 778] tts        792  TTS_MSG_GETAUDIO  0  
[2021/01/15 22:02:03 778] tts        557  get audio|use local  
[2021/01/15 22:02:03 778] tts        599  0  nil  1  
[2021/01/15 22:02:03 778] tts        792  TTS_MSG_GETAUDIO  0  
[2021/01/15 22:02:03 778] tts        557  get audio|use local  
[2021/01/15 22:02:03 778] tts        599  0  nil  1  
[2021/01/15 22:02:03 779] tts        792  TTS_MSG_GETAUDIO  0  
[2021/01/15 22:02:03 779] tts        557  get audio|use local  
[2021/01/15 22:02:03 779] tts        599  0  nil  1  
[2021/01/15 22:02:03 780] tts        792  TTS_MSG_GETAUDIO  0  
[2021/01/15 22:02:03 780] tts        557  get audio|use local  
[2021/01/15 22:02:03 780] tts        599  0  nil  1  
[2021/01/15 22:02:03 780] tts        792  TTS_MSG_GETAUDIO  0  
[2021/01/15 22:02:03 780] tts        557  get audio|use local  
[2021/01/15 22:02:03 780] tts        599  0  nil  1  
[2021/01/15 22:02:03 780] tts        792  TTS_MSG_GETAUDIO  0  
[2021/01/15 22:02:03 780] tts        557  get audio|use local  
[2021/01/15 22:02:03 780] tts        599  0  nil  1  
[2021/01/15 22:02:03 781] tts        792  TTS_MSG_GETAUDIO  0  
[2021/01/15 22:02:03 781] tts        557  get audio|use local  
[2021/01/15 22:02:03 781] tts        599  0  nil  1  
[2021/01/15 22:02:03 782] tts        792  TTS_MSG_GETAUDIO  0  
[2021/01/15 22:02:03 782] tts        557  get audio|use local  
[2021/01/15 22:02:03 782] tts        599  0  nil  1  
[2021/01/15 22:02:03 782] tts        792  TTS_MSG_GETAUDIO  0  
[2021/01/15 22:02:03 782] tts        557  get audio|use local  
[2021/01/15 22:02:03 782] tts        599  0  nil  1  
[2021/01/15 22:02:03 783] tts        792  TTS_MSG_GETAUDIO  0  
[2021/01/15 22:02:03 783] tts        557  get audio|use local  
[2021/01/15 22:02:03 783] tts        599  0  nil  1  
[2021/01/15 22:02:03 784] tts        792  TTS_MSG_GETAUDIO  0  
[2021/01/15 22:02:03 784] tts        557  get audio|use local  
[2021/01/15 22:02:03 784] tts        599  0  nil  1  
[2021/01/15 22:02:03 784] tts        792  TTS_MSG_GETAUDIO  0  
[2021/01/15 22:02:03 784] tts        557  get audio|use local  
[2021/01/15 22:02:03 784] tts        599  0  nil  1  
[2021/01/15 22:02:03 785] tts        792  TTS_MSG_GETAUDIO  0  
[2021/01/15 22:02:03 785] tts        557  get audio|use local  
[2021/01/15 22:02:03 785] tts        599  0  nil  1  
[2021/01/15 22:02:03 786] tts        792  TTS_MSG_GETAUDIO  0  
[2021/01/15 22:02:03 786] tts        557  get audio|use local  
[2021/01/15 22:02:03 786] tts        599  0  nil  1  
[2021/01/15 22:02:03 787] tts        792  TTS_MSG_GETAUDIO  0  
[2021/01/15 22:02:03 787] tts        557  get audio|use local  
[2021/01/15 22:02:03 787] tts        599  0  nil  1  
[2021/01/15 22:02:03 788] tts        792  TTS_MSG_GETAUDIO  0  
[2021/01/15 22:02:03 788] tts        557  get audio|use local  
[2021/01/15 22:02:03 788] tts        599  0  nil  1  
[2021/01/15 22:02:03 788] tts        792  TTS_MSG_GETAUDIO  0  
[2021/01/15 22:02:03 789] tts        557  get audio|use local  
[2021/01/15 22:02:03 789] tts        599  0  nil  1  
[2021/01/15 22:02:03 790] tts        792  TTS_MSG_GETAUDIO  0  
[2021/01/15 22:02:03 791] tts        557  get audio|use local  
[2021/01/15 22:02:03 791] tts        599  0  nil  1  
[2021/01/15 22:02:03 792] tts        792  TTS_MSG_GETAUDIO  0  
[2021/01/15 22:02:03 793] tts        557  get audio|use local  
[2021/01/15 22:02:03 793] tts        599  0  nil  1  
[2021/01/15 22:02:03 793] tts        792  TTS_MSG_GETAUDIO  0  
[2021/01/15 22:02:03 794] tts        557  get audio|use local  
[2021/01/15 22:02:03 794] tts        599  0  nil  1  
[2021/01/15 22:02:03 794] tts        792  TTS_MSG_GETAUDIO  0  
[2021/01/15 22:02:03 794] tts        557  get audio|use local  
[2021/01/15 22:02:03 794] tts        599  0  nil  1  
[2021/01/15 22:02:03 794] tts        792  TTS_MSG_GETAUDIO  0  
[2021/01/15 22:02:03 794] tts        557  get audio|use local  
[2021/01/15 22:02:03 795] tts        599  0  nil  1  
[2021/01/15 22:02:03 795] tts        792  TTS_MSG_GETAUDIO  0  
[2021/01/15 22:02:03 795] tts        557  get audio|use local  
[2021/01/15 22:02:03 795] tts        599  0  nil  1  
[2021/01/15 22:02:03 796] tts        792  TTS_MSG_GETAUDIO  0  
[2021/01/15 22:02:03 796] tts        557  get audio|use local  
[2021/01/15 22:02:03 796] tts        599  0  nil  1  
[2021/01/15 22:02:03 796] tts        792  TTS_MSG_GETAUDIO  0  
[2021/01/15 22:02:03 796] tts        557  get audio|use local  
[2021/01/15 22:02:03 796] tts        599  0  nil  1  
[2021/01/15 22:02:03 796] tts        792  TTS_MSG_GETAUDIO  0  
[2021/01/15 22:02:03 796] tts        557  get audio|use local  
[2021/01/15 22:02:03 796] tts        599  0  nil  1  
[2021/01/15 22:02:03 797] tts        792  TTS_MSG_GETAUDIO  0  
[2021/01/15 22:02:03 797] tts        557  get audio|use local  
[2021/01/15 22:02:03 797] tts        599  0  nil  1  
[2021/01/15 22:02:03 797] tts        792  TTS_MSG_GETAUDIO  0  
[2021/01/15 22:02:03 797] tts        557  get audio|use local  
[2021/01/15 22:02:03 797] tts        599  0  nil  1  
[2021/01/15 22:02:03 797] tts        792  TTS_MSG_GETAUDIO  0  
[2021/01/15 22:02:03 797] tts        557  get audio|use local  
[2021/01/15 22:02:03 797] tts        599  0  nil  1  
[2021/01/15 22:02:03 798] tts        792  TTS_MSG_GETAUDIO  0  
[2021/01/15 22:02:03 798] tts        557  get audio|use local  
[2021/01/15 22:02:03 798] tts        599  0  nil  1  
[2021/01/15 22:02:03 798] tts        792  TTS_MSG_GETAUDIO  0  
[2021/01/15 22:02:03 798] tts        557  get audio|use local  
[2021/01/15 22:02:03 799] tts        599  0  nil  1  
[2021/01/15 22:02:03 799] tts        792  TTS_MSG_GETAUDIO  0  
[2021/01/15 22:02:03 799] tts        557  get audio|use local  
[2021/01/15 22:02:03 799] tts        599  0  nil  1  
[2021/01/15 22:02:03 800] tts        301  TTS_LOCAL_CB_BEGIN  
[2021/01/15 22:02:03 800] tts        317  TTS_LOCAL_CB_OUTPUT  101  udata(9c070478) 5  
[2021/01/15 22:02:03 800] tts        321  udata(9c070478) 5  
[2021/01/15 22:02:03 800] tts        317  TTS_LOCAL_CB_OUTPUT  101  udata(9c071298) 5  
[2021/01/15 22:02:03 800] tts        321  udata(9c071298) 5  
[2021/01/15 22:02:03 801] tts        317  TTS_LOCAL_CB_OUTPUT  101  udata(9c071178) 5  
[2021/01/15 22:02:03 801] tts        321  udata(9c071178) 5  
[2021/01/15 22:02:03 801] tts        792  TTS_MSG_GETAUDIO  0  
[2021/01/15 22:02:03 801] tts        557  get audio|use local  
[2021/01/15 22:02:03 801] tts        570  local audiolen:  94  ,ced:  5  
[2021/01/15 22:02:03 801] tts        599  0  udata(9c05aaa8) 1  
[2021/01/15 22:02:03 801] tts        303  0  0  
[2021/01/15 22:02:03 801] tts        314  TTS_LOCAL_CB_END,  2  
[2021/01/15 22:02:03 801] tts        792  TTS_MSG_GETAUDIO  0  
[2021/01/15 22:02:03 802] tts        557  get audio|use local  
[2021/01/15 22:02:03 802] tts        570  local audiolen:  9026  ,ced:  5  
[2021/01/15 22:02:03 802] tts        599  0  udata(9c070418) 1  
[2021/01/15 22:02:03 802] tts        792  TTS_MSG_GETAUDIO  0  
[2021/01/15 22:02:03 802] tts        557  get audio|use local  
[2021/01/15 22:02:03 802] tts        570  local audiolen:  12270  ,ced:  5  
[2021/01/15 22:02:03 802] tts        599  0  udata(9c071218) 2  
[2021/01/15 22:02:03 803] tts        795  TTS_MSG_SSE  
[2021/01/15 22:02:03 803] tts        693  sse|use local  
[2021/01/15 22:02:03 804] tts        711  tts exit  
