============================================================
Time  2021/01/16 16:37:47 113 
============================================================
[2021/01/16 16:37:47 113] tts        811  SYS_MSG_REGCB param0 =  msp_status_cb  param1 =  func(80014cc0) 
[2021/01/16 16:37:47 114] config     43   use general cloud  
[2021/01/16 16:37:47 116] tts_cloud  1438 SYS_MSG_REGCB_CLOUD param0 =   msp_status_cb  param1 =  func(80014cc0) 
[2021/01/16 16:37:47 116] tts        782  TTS_MSG_SSB  
[2021/01/16 16:37:47 116] tts        434  params =  engine_type = local,voice_name=xiaofeng, text_encoding = UTF8, tts_res_path = fo|res/tts/xiaofeng.jet;fo|res/tts/common.jet, sample_rate = 16000, speed = 50, volume = 50, pitch = 70, rdn = 2  
[2021/01/16 16:37:47 117] tts        273  auf=audio/L16;rate=16000  
[2021/01/16 16:37:47 117] tts        273  auf=audio/L16;rate=16000  
[2021/01/16 16:37:47 117] tts        471  ssb|use local  
[2021/01/16 16:37:47 117] tts        385  local_session_begin  
[2021/01/16 16:37:47 118] tts        789  TTS_MSG_SYN  0  
[2021/01/16 16:37:47 118] tts        514  synth|use local  
[2021/01/16 16:37:47 118] tts        792  TTS_MSG_GETAUDIO  0  
[2021/01/16 16:37:47 118] tts        557  get audio|use local  
[2021/01/16 16:37:47 119] tts        599  0  nil  1  
[2021/01/16 16:37:47 119] tts        792  TTS_MSG_GETAUDIO  0  
[2021/01/16 16:37:47 119] tts        557  get audio|use local  
[2021/01/16 16:37:47 119] tts        599  0  nil  1  
[2021/01/16 16:37:47 120] tts        792  TTS_MSG_GETAUDIO  0  
[2021/01/16 16:37:47 120] tts        557  get audio|use local  
[2021/01/16 16:37:47 120] tts        599  0  nil  1  
[2021/01/16 16:37:47 121] tts        792  TTS_MSG_GETAUDIO  0  
[2021/01/16 16:37:47 121] tts        557  get audio|use local  
[2021/01/16 16:37:47 121] tts        599  0  nil  1  
[2021/01/16 16:37:47 121] tts        792  TTS_MSG_GETAUDIO  0  
[2021/01/16 16:37:47 121] tts        557  get audio|use local  
[2021/01/16 16:37:47 121] tts        599  0  nil  1  
[2021/01/16 16:37:47 122] tts        792  TTS_MSG_GETAUDIO  0  
[2021/01/16 16:37:47 122] tts        557  get audio|use local  
[2021/01/16 16:37:47 122] tts        599  0  nil  1  
[2021/01/16 16:37:47 122] tts        792  TTS_MSG_GETAUDIO  0  
[2021/01/16 16:37:47 122] tts        557  get audio|use local  
[2021/01/16 16:37:47 123] tts        599  0  nil  1  
[2021/01/16 16:37:47 123] tts        792  TTS_MSG_GETAUDIO  0  
[2021/01/16 16:37:47 123] tts        557  get audio|use local  
[2021/01/16 16:37:47 123] tts        599  0  nil  1  
[2021/01/16 16:37:47 124] tts        792  TTS_MSG_GETAUDIO  0  
[2021/01/16 16:37:47 124] tts        557  get audio|use local  
[2021/01/16 16:37:47 125] tts        599  0  nil  1  
[2021/01/16 16:37:47 125] tts        792  TTS_MSG_GETAUDIO  0  
[2021/01/16 16:37:47 125] tts        557  get audio|use local  
[2021/01/16 16:37:47 125] tts        599  0  nil  1  
[2021/01/16 16:37:47 126] tts        792  TTS_MSG_GETAUDIO  0  
[2021/01/16 16:37:47 126] tts        557  get audio|use local  
[2021/01/16 16:37:47 126] tts        599  0  nil  1  
[2021/01/16 16:37:47 127] tts        792  TTS_MSG_GETAUDIO  0  
[2021/01/16 16:37:47 127] tts        557  get audio|use local  
[2021/01/16 16:37:47 127] tts        599  0  nil  1  
[2021/01/16 16:37:47 127] tts        792  TTS_MSG_GETAUDIO  0  
[2021/01/16 16:37:47 127] tts        557  get audio|use local  
[2021/01/16 16:37:47 127] tts        599  0  nil  1  
[2021/01/16 16:37:47 128] tts        792  TTS_MSG_GETAUDIO  0  
[2021/01/16 16:37:47 128] tts        557  get audio|use local  
[2021/01/16 16:37:47 128] tts        599  0  nil  1  
[2021/01/16 16:37:47 128] tts        792  TTS_MSG_GETAUDIO  0  
[2021/01/16 16:37:47 129] tts        557  get audio|use local  
[2021/01/16 16:37:47 129] tts        599  0  nil  1  
[2021/01/16 16:37:47 130] tts        792  TTS_MSG_GETAUDIO  0  
[2021/01/16 16:37:47 130] tts        557  get audio|use local  
[2021/01/16 16:37:47 130] tts        599  0  nil  1  
[2021/01/16 16:37:47 130] tts        792  TTS_MSG_GETAUDIO  0  
[2021/01/16 16:37:47 130] tts        557  get audio|use local  
[2021/01/16 16:37:47 130] tts        599  0  nil  1  
[2021/01/16 16:37:47 131] tts        792  TTS_MSG_GETAUDIO  0  
[2021/01/16 16:37:47 131] tts        557  get audio|use local  
[2021/01/16 16:37:47 131] tts        599  0  nil  1  
[2021/01/16 16:37:47 131] tts        792  TTS_MSG_GETAUDIO  0  
[2021/01/16 16:37:47 131] tts        557  get audio|use local  
[2021/01/16 16:37:47 131] tts        599  0  nil  1  
[2021/01/16 16:37:47 132] tts        792  TTS_MSG_GETAUDIO  0  
[2021/01/16 16:37:47 132] tts        557  get audio|use local  
[2021/01/16 16:37:47 132] tts        599  0  nil  1  
[2021/01/16 16:37:47 133] tts        792  TTS_MSG_GETAUDIO  0  
[2021/01/16 16:37:47 133] tts        557  get audio|use local  
[2021/01/16 16:37:47 133] tts        599  0  nil  1  
[2021/01/16 16:37:47 133] tts        792  TTS_MSG_GETAUDIO  0  
[2021/01/16 16:37:47 133] tts        557  get audio|use local  
[2021/01/16 16:37:47 133] tts        599  0  nil  1  
[2021/01/16 16:37:47 133] tts        792  TTS_MSG_GETAUDIO  0  
[2021/01/16 16:37:47 133] tts        557  get audio|use local  
[2021/01/16 16:37:47 134] tts        599  0  nil  1  
[2021/01/16 16:37:47 134] tts        792  TTS_MSG_GETAUDIO  0  
[2021/01/16 16:37:47 134] tts        557  get audio|use local  
[2021/01/16 16:37:47 134] tts        599  0  nil  1  
[2021/01/16 16:37:47 134] tts        792  TTS_MSG_GETAUDIO  0  
[2021/01/16 16:37:47 134] tts        557  get audio|use local  
[2021/01/16 16:37:47 134] tts        599  0  nil  1  
[2021/01/16 16:37:47 135] tts        792  TTS_MSG_GETAUDIO  0  
[2021/01/16 16:37:47 135] tts        557  get audio|use local  
[2021/01/16 16:37:47 135] tts        599  0  nil  1  
[2021/01/16 16:37:47 136] tts        792  TTS_MSG_GETAUDIO  0  
[2021/01/16 16:37:47 136] tts        557  get audio|use local  
[2021/01/16 16:37:47 136] tts        599  0  nil  1  
[2021/01/16 16:37:47 136] tts        792  TTS_MSG_GETAUDIO  0  
[2021/01/16 16:37:47 136] tts        557  get audio|use local  
[2021/01/16 16:37:47 136] tts        599  0  nil  1  
[2021/01/16 16:37:47 137] tts        792  TTS_MSG_GETAUDIO  0  
[2021/01/16 16:37:47 137] tts        557  get audio|use local  
[2021/01/16 16:37:47 137] tts        599  0  nil  1  
[2021/01/16 16:37:47 138] tts        792  TTS_MSG_GETAUDIO  0  
[2021/01/16 16:37:47 138] tts        557  get audio|use local  
[2021/01/16 16:37:47 138] tts        599  0  nil  1  
[2021/01/16 16:37:47 138] tts        792  TTS_MSG_GETAUDIO  0  
[2021/01/16 16:37:47 138] tts        557  get audio|use local  
[2021/01/16 16:37:47 139] tts        599  0  nil  1  
[2021/01/16 16:37:47 139] tts        792  TTS_MSG_GETAUDIO  0  
[2021/01/16 16:37:47 139] tts        557  get audio|use local  
[2021/01/16 16:37:47 140] tts        599  0  nil  1  
[2021/01/16 16:37:47 141] tts        792  TTS_MSG_GETAUDIO  0  
[2021/01/16 16:37:47 141] tts        557  get audio|use local  
[2021/01/16 16:37:47 141] tts        599  0  nil  1  
[2021/01/16 16:37:47 142] tts        792  TTS_MSG_GETAUDIO  0  
[2021/01/16 16:37:47 142] tts        557  get audio|use local  
[2021/01/16 16:37:47 142] tts        599  0  nil  1  
[2021/01/16 16:37:47 143] tts        301  TTS_LOCAL_CB_BEGIN  
[2021/01/16 16:37:47 143] tts        792  TTS_MSG_GETAUDIO  0  
[2021/01/16 16:37:47 143] tts        557  get audio|use local  
[2021/01/16 16:37:47 143] tts        599  0  nil  1  
[2021/01/16 16:37:47 144] tts        792  TTS_MSG_GETAUDIO  0  
[2021/01/16 16:37:47 144] tts        557  get audio|use local  
[2021/01/16 16:37:47 144] tts        599  0  nil  1  
[2021/01/16 16:37:47 145] tts        792  TTS_MSG_GETAUDIO  0  
[2021/01/16 16:37:47 145] tts        557  get audio|use local  
[2021/01/16 16:37:47 145] tts        599  0  nil  1  
[2021/01/16 16:37:47 146] tts        792  TTS_MSG_GETAUDIO  0  
[2021/01/16 16:37:47 146] tts        557  get audio|use local  
[2021/01/16 16:37:47 146] tts        599  0  nil  1  
[2021/01/16 16:37:47 146] tts        792  TTS_MSG_GETAUDIO  0  
[2021/01/16 16:37:47 146] tts        557  get audio|use local  
[2021/01/16 16:37:47 146] tts        599  0  nil  1  
[2021/01/16 16:37:47 146] tts        792  TTS_MSG_GETAUDIO  0  
[2021/01/16 16:37:47 147] tts        557  get audio|use local  
[2021/01/16 16:37:47 147] tts        599  0  nil  1  
[2021/01/16 16:37:47 147] tts        792  TTS_MSG_GETAUDIO  0  
[2021/01/16 16:37:47 147] tts        557  get audio|use local  
[2021/01/16 16:37:47 147] tts        599  0  nil  1  
[2021/01/16 16:37:47 147] tts        792  TTS_MSG_GETAUDIO  0  
[2021/01/16 16:37:47 147] tts        557  get audio|use local  
[2021/01/16 16:37:47 148] tts        599  0  nil  1  
[2021/01/16 16:37:47 148] tts        792  TTS_MSG_GETAUDIO  0  
[2021/01/16 16:37:47 148] tts        557  get audio|use local  
[2021/01/16 16:37:47 148] tts        599  0  nil  1  
[2021/01/16 16:37:47 148] tts        792  TTS_MSG_GETAUDIO  0  
[2021/01/16 16:37:47 148] tts        557  get audio|use local  
[2021/01/16 16:37:47 148] tts        599  0  nil  1  
[2021/01/16 16:37:47 148] tts        792  TTS_MSG_GETAUDIO  0  
[2021/01/16 16:37:47 149] tts        557  get audio|use local  
[2021/01/16 16:37:47 149] tts        599  0  nil  1  
[2021/01/16 16:37:47 150] tts        317  TTS_LOCAL_CB_OUTPUT  101  udata(8005abb8) 5  
[2021/01/16 16:37:47 150] tts        321  udata(8005abb8) 5  
[2021/01/16 16:37:47 150] tts        792  TTS_MSG_GETAUDIO  0  
[2021/01/16 16:37:47 150] tts        557  get audio|use local  
[2021/01/16 16:37:47 150] tts        570  local audiolen:  94  ,ced:  5  
[2021/01/16 16:37:47 150] tts        599  0  udata(80070178) 1  
[2021/01/16 16:37:47 151] tts        317  TTS_LOCAL_CB_OUTPUT  101  udata(80070e88) 5  
[2021/01/16 16:37:47 151] tts        321  udata(80070e88) 5  
[2021/01/16 16:37:47 151] tts        317  TTS_LOCAL_CB_OUTPUT  101  udata(80070f28) 5  
[2021/01/16 16:37:47 151] tts        321  udata(80070f28) 5  
[2021/01/16 16:37:47 152] tts        303  0  0  
[2021/01/16 16:37:47 152] tts        314  TTS_LOCAL_CB_END,  2  
[2021/01/16 16:37:47 152] tts        792  TTS_MSG_GETAUDIO  0  
[2021/01/16 16:37:47 152] tts        557  get audio|use local  
[2021/01/16 16:37:47 152] tts        570  local audiolen:  9026  ,ced:  5  
[2021/01/16 16:37:47 152] tts        599  0  udata(80071148) 1  
[2021/01/16 16:37:47 152] tts        792  TTS_MSG_GETAUDIO  0  
[2021/01/16 16:37:47 152] tts        557  get audio|use local  
[2021/01/16 16:37:47 152] tts        570  local audiolen:  12270  ,ced:  5  
[2021/01/16 16:37:47 152] tts        599  0  udata(800700d8) 2  
[2021/01/16 16:37:47 152] tts        795  TTS_MSG_SSE  
[2021/01/16 16:37:47 153] tts        693  sse|use local  
[2021/01/16 16:37:47 153] tts        711  tts exit  
