============================================================
Time  2021/01/15 22:31:08 940 
============================================================
[2021/01/15 22:31:08 940] tts        811  SYS_MSG_REGCB param0 =  msp_status_cb  param1 =  func(1c046b10) 
[2021/01/15 22:31:08 941] config     43   use general cloud  
[2021/01/15 22:31:08 943] tts_cloud  1438 SYS_MSG_REGCB_CLOUD param0 =   msp_status_cb  param1 =  func(1c046b10) 
[2021/01/15 22:31:08 943] tts        782  TTS_MSG_SSB  
[2021/01/15 22:31:08 943] tts        434  params =  engine_type = local,voice_name=xiaofeng, text_encoding = UTF8, tts_res_path = fo|res/tts/xiaofeng.jet;fo|res/tts/common.jet, sample_rate = 16000, speed = 50, volume = 50, pitch = 70, rdn = 2  
[2021/01/15 22:31:08 943] tts        273  auf=audio/L16;rate=16000  
[2021/01/15 22:31:08 943] tts        273  auf=audio/L16;rate=16000  
[2021/01/15 22:31:08 944] tts        471  ssb|use local  
[2021/01/15 22:31:08 944] tts        385  local_session_begin  
[2021/01/15 22:31:08 944] tts        789  TTS_MSG_SYN  0  
[2021/01/15 22:31:08 944] tts        514  synth|use local  
[2021/01/15 22:31:08 945] tts        792  TTS_MSG_GETAUDIO  0  
[2021/01/15 22:31:08 945] tts        557  get audio|use local  
[2021/01/15 22:31:08 945] tts        599  0  nil  1  
[2021/01/15 22:31:08 946] tts        792  TTS_MSG_GETAUDIO  0  
[2021/01/15 22:31:08 946] tts        557  get audio|use local  
[2021/01/15 22:31:08 946] tts        599  0  nil  1  
[2021/01/15 22:31:08 948] tts        792  TTS_MSG_GETAUDIO  0  
[2021/01/15 22:31:08 948] tts        557  get audio|use local  
[2021/01/15 22:31:08 948] tts        599  0  nil  1  
[2021/01/15 22:31:08 949] tts        792  TTS_MSG_GETAUDIO  0  
[2021/01/15 22:31:08 949] tts        557  get audio|use local  
[2021/01/15 22:31:08 949] tts        599  0  nil  1  
[2021/01/15 22:31:08 950] tts        792  TTS_MSG_GETAUDIO  0  
[2021/01/15 22:31:08 950] tts        557  get audio|use local  
[2021/01/15 22:31:08 950] tts        599  0  nil  1  
[2021/01/15 22:31:08 951] tts        301  TTS_LOCAL_CB_BEGIN  
[2021/01/15 22:31:08 951] tts        792  TTS_MSG_GETAUDIO  0  
[2021/01/15 22:31:08 951] tts        557  get audio|use local  
[2021/01/15 22:31:08 951] tts        599  0  nil  1  
[2021/01/15 22:31:08 951] tts        792  TTS_MSG_GETAUDIO  0  
[2021/01/15 22:31:08 951] tts        557  get audio|use local  
[2021/01/15 22:31:08 951] tts        599  0  nil  1  
[2021/01/15 22:31:08 952] tts        792  TTS_MSG_GETAUDIO  0  
[2021/01/15 22:31:08 952] tts        557  get audio|use local  
[2021/01/15 22:31:08 952] tts        599  0  nil  1  
[2021/01/15 22:31:08 952] tts        792  TTS_MSG_GETAUDIO  0  
[2021/01/15 22:31:08 952] tts        557  get audio|use local  
[2021/01/15 22:31:08 952] tts        599  0  nil  1  
[2021/01/15 22:31:08 953] tts        792  TTS_MSG_GETAUDIO  0  
[2021/01/15 22:31:08 953] tts        557  get audio|use local  
[2021/01/15 22:31:08 953] tts        599  0  nil  1  
[2021/01/15 22:31:08 953] tts        792  TTS_MSG_GETAUDIO  0  
[2021/01/15 22:31:08 953] tts        557  get audio|use local  
[2021/01/15 22:31:08 953] tts        599  0  nil  1  
[2021/01/15 22:31:08 954] tts        792  TTS_MSG_GETAUDIO  0  
[2021/01/15 22:31:08 954] tts        557  get audio|use local  
[2021/01/15 22:31:08 954] tts        599  0  nil  1  
[2021/01/15 22:31:08 954] tts        792  TTS_MSG_GETAUDIO  0  
[2021/01/15 22:31:08 954] tts        557  get audio|use local  
[2021/01/15 22:31:08 954] tts        599  0  nil  1  
[2021/01/15 22:31:08 954] tts        792  TTS_MSG_GETAUDIO  0  
[2021/01/15 22:31:08 954] tts        557  get audio|use local  
[2021/01/15 22:31:08 954] tts        599  0  nil  1  
[2021/01/15 22:31:08 955] tts        792  TTS_MSG_GETAUDIO  0  
[2021/01/15 22:31:08 955] tts        557  get audio|use local  
[2021/01/15 22:31:08 955] tts        599  0  nil  1  
[2021/01/15 22:31:08 955] tts        792  TTS_MSG_GETAUDIO  0  
[2021/01/15 22:31:08 955] tts        557  get audio|use local  
[2021/01/15 22:31:08 956] tts        599  0  nil  1  
[2021/01/15 22:31:08 956] tts        792  TTS_MSG_GETAUDIO  0  
[2021/01/15 22:31:08 956] tts        557  get audio|use local  
[2021/01/15 22:31:08 957] tts        599  0  nil  1  
[2021/01/15 22:31:08 958] tts        317  TTS_LOCAL_CB_OUTPUT  101  udata(1c088b98) 9  
[2021/01/15 22:31:08 958] tts        321  udata(1c088b98) 9  
[2021/01/15 22:31:08 958] tts        317  TTS_LOCAL_CB_OUTPUT  101  udata(1c032dd8) 9  
[2021/01/15 22:31:08 958] tts        321  udata(1c032dd8) 9  
[2021/01/15 22:31:08 958] tts        792  TTS_MSG_GETAUDIO  0  
[2021/01/15 22:31:08 958] tts        557  get audio|use local  
[2021/01/15 22:31:08 959] tts        570  local audiolen:  224  ,ced:  9  
[2021/01/15 22:31:08 959] tts        599  0  udata(1c033028) 1  
[2021/01/15 22:31:08 960] tts        317  TTS_LOCAL_CB_OUTPUT  101  udata(1c00cc08) 9  
[2021/01/15 22:31:08 960] tts        321  udata(1c00cc08) 9  
[2021/01/15 22:31:08 960] tts        317  TTS_LOCAL_CB_OUTPUT  101  udata(1c00cce8) 9  
[2021/01/15 22:31:08 960] tts        321  udata(1c00cce8) 9  
[2021/01/15 22:31:08 961] tts        317  TTS_LOCAL_CB_OUTPUT  101  udata(1c00ce38) 9  
[2021/01/15 22:31:08 961] tts        321  udata(1c00ce38) 9  
[2021/01/15 22:31:08 961] tts        303  0  0  
[2021/01/15 22:31:08 961] tts        314  TTS_LOCAL_CB_END,  2  
[2021/01/15 22:31:08 961] tts        792  TTS_MSG_GETAUDIO  0  
[2021/01/15 22:31:08 961] tts        557  get audio|use local  
[2021/01/15 22:31:08 961] tts        570  local audiolen:  2824  ,ced:  9  
[2021/01/15 22:31:08 961] tts        599  0  udata(1c033078) 1  
[2021/01/15 22:31:08 961] tts        792  TTS_MSG_GETAUDIO  0  
[2021/01/15 22:31:08 961] tts        557  get audio|use local  
[2021/01/15 22:31:08 961] tts        570  local audiolen:  8216  ,ced:  9  
[2021/01/15 22:31:08 961] tts        599  0  udata(1c046ba8) 1  
[2021/01/15 22:31:08 962] tts        792  TTS_MSG_GETAUDIO  0  
[2021/01/15 22:31:08 962] tts        557  get audio|use local  
[2021/01/15 22:31:08 962] tts        570  local audiolen:  12136  ,ced:  9  
[2021/01/15 22:31:08 962] tts        599  0  udata(1c032c48) 1  
[2021/01/15 22:31:08 962] tts        792  TTS_MSG_GETAUDIO  0  
[2021/01/15 22:31:08 963] tts        557  get audio|use local  
[2021/01/15 22:31:08 963] tts        570  local audiolen:  2880  ,ced:  9  
[2021/01/15 22:31:08 963] tts        599  0  udata(1c032c98) 2  
[2021/01/15 22:31:08 963] tts        795  TTS_MSG_SSE  
[2021/01/15 22:31:08 963] tts        693  sse|use local  
[2021/01/15 22:31:08 964] tts        711  tts exit  
