============================================================
Time  2021/01/15 22:32:48 724 
============================================================
[2021/01/15 22:32:48 724] tts        811  SYS_MSG_REGCB param0 =  msp_status_cb  param1 =  func(3c07ce70) 
[2021/01/15 22:32:48 725] config     43   use general cloud  
[2021/01/15 22:32:48 727] tts_cloud  1438 SYS_MSG_REGCB_CLOUD param0 =   msp_status_cb  param1 =  func(3c07ce70) 
[2021/01/15 22:32:48 727] tts        782  TTS_MSG_SSB  
[2021/01/15 22:32:48 727] tts        434  params =  engine_type = local,voice_name=xiaofeng, text_encoding = UTF8, tts_res_path = fo|res/tts/xiaofeng.jet;fo|res/tts/common.jet, sample_rate = 16000, speed = 50, volume = 50, pitch = 70, rdn = 2  
[2021/01/15 22:32:48 727] tts        273  auf=audio/L16;rate=16000  
[2021/01/15 22:32:48 727] tts        273  auf=audio/L16;rate=16000  
[2021/01/15 22:32:48 727] tts        471  ssb|use local  
[2021/01/15 22:32:48 727] tts        385  local_session_begin  
[2021/01/15 22:32:48 728] tts        789  TTS_MSG_SYN  0  
[2021/01/15 22:32:48 728] tts        514  synth|use local  
[2021/01/15 22:32:48 728] tts        792  TTS_MSG_GETAUDIO  0  
[2021/01/15 22:32:48 729] tts        557  get audio|use local  
[2021/01/15 22:32:48 729] tts        599  0  nil  1  
[2021/01/15 22:32:48 729] tts        792  TTS_MSG_GETAUDIO  0  
[2021/01/15 22:32:48 729] tts        557  get audio|use local  
[2021/01/15 22:32:48 730] tts        599  0  nil  1  
[2021/01/15 22:32:48 731] tts        792  TTS_MSG_GETAUDIO  0  
[2021/01/15 22:32:48 731] tts        557  get audio|use local  
[2021/01/15 22:32:48 731] tts        599  0  nil  1  
[2021/01/15 22:32:48 732] tts        792  TTS_MSG_GETAUDIO  0  
[2021/01/15 22:32:48 732] tts        557  get audio|use local  
[2021/01/15 22:32:48 733] tts        599  0  nil  1  
[2021/01/15 22:32:48 733] tts        792  TTS_MSG_GETAUDIO  0  
[2021/01/15 22:32:48 733] tts        557  get audio|use local  
[2021/01/15 22:32:48 734] tts        599  0  nil  1  
[2021/01/15 22:32:48 734] tts        301  TTS_LOCAL_CB_BEGIN  
[2021/01/15 22:32:48 734] tts        792  TTS_MSG_GETAUDIO  0  
[2021/01/15 22:32:48 734] tts        557  get audio|use local  
[2021/01/15 22:32:48 734] tts        599  0  nil  1  
[2021/01/15 22:32:48 735] tts        792  TTS_MSG_GETAUDIO  0  
[2021/01/15 22:32:48 735] tts        557  get audio|use local  
[2021/01/15 22:32:48 735] tts        599  0  nil  1  
[2021/01/15 22:32:48 736] tts        317  TTS_LOCAL_CB_OUTPUT  101  udata(3c041c28) 6  
[2021/01/15 22:32:48 736] tts        321  udata(3c041c28) 6  
[2021/01/15 22:32:48 736] tts        792  TTS_MSG_GETAUDIO  0  
[2021/01/15 22:32:48 736] tts        557  get audio|use local  
[2021/01/15 22:32:48 736] tts        570  local audiolen:  206  ,ced:  6  
[2021/01/15 22:32:48 737] tts        599  0  udata(3c019618) 1  
[2021/01/15 22:32:48 738] tts        317  TTS_LOCAL_CB_OUTPUT  101  udata(3c032588) 6  
[2021/01/15 22:32:48 738] tts        321  udata(3c032588) 6  
[2021/01/15 22:32:48 738] tts        317  TTS_LOCAL_CB_OUTPUT  101  udata(3c032628) 6  
[2021/01/15 22:32:48 738] tts        321  udata(3c032628) 6  
[2021/01/15 22:32:48 738] tts        303  0  0  
[2021/01/15 22:32:48 738] tts        314  TTS_LOCAL_CB_END,  2  
[2021/01/15 22:32:48 738] tts        792  TTS_MSG_GETAUDIO  0  
[2021/01/15 22:32:48 738] tts        557  get audio|use local  
[2021/01/15 22:32:48 738] tts        570  local audiolen:  5608  ,ced:  6  
[2021/01/15 22:32:48 738] tts        599  0  udata(3c032678) 1  
[2021/01/15 22:32:48 739] tts        792  TTS_MSG_GETAUDIO  0  
[2021/01/15 22:32:48 739] tts        557  get audio|use local  
[2021/01/15 22:32:48 739] tts        570  local audiolen:  11550  ,ced:  6  
[2021/01/15 22:32:48 739] tts        599  0  udata(3c07dec8) 2  
[2021/01/15 22:32:48 740] tts        795  TTS_MSG_SSE  
[2021/01/15 22:32:48 740] tts        693  sse|use local  
[2021/01/15 22:32:48 740] tts        711  tts exit  
